INFO: Loading model ./res-t2_t1ce-OnlyCSC_CAC_BraTs-seed-2-CMC-withSigmoid-10%_seed_1111/model_CMCNet_last.pth
INFO: Loading model ./res-t2_t1ce-OnlyCSC_CAC_BraTs-seed-2-CMC-withSigmoid-10%_seed_1111/model_CMCNet_last.pth
INFO: Model loaded !
INFO: Model loaded !
INFO: data number:3626
INFO: data number:3626
INFO: mean dice mode 1 is 0.6008
INFO: mean dice mode 1 is 0.6008
INFO: mean dice mode 2 is 0.4733
INFO: mean dice mode 2 is 0.4733
INFO: 1 Patient BraTS19_TCIA03_199_1's 3d dice mode 1 is 0.8799
INFO: 1 Patient BraTS19_TCIA03_199_1's 3d dice mode 1 is 0.8799
INFO: 1 Patient BraTS19_TCIA03_199_1's 3d dice mode 2 is 0.7866
INFO: 1 Patient BraTS19_TCIA03_199_1's 3d dice mode 2 is 0.7866
INFO: 2 Patient BraTS19_TCIA06_332_1's 3d dice mode 1 is 0.6683
INFO: 2 Patient BraTS19_TCIA06_332_1's 3d dice mode 1 is 0.6683
INFO: 2 Patient BraTS19_TCIA06_332_1's 3d dice mode 2 is 0.3970
INFO: 2 Patient BraTS19_TCIA06_332_1's 3d dice mode 2 is 0.3970
INFO: 3 Patient BraTS19_CBICA_AMH_1's 3d dice mode 1 is 0.8821
INFO: 3 Patient BraTS19_CBICA_AMH_1's 3d dice mode 1 is 0.8821
INFO: 3 Patient BraTS19_CBICA_AMH_1's 3d dice mode 2 is 0.7671
INFO: 3 Patient BraTS19_CBICA_AMH_1's 3d dice mode 2 is 0.7671
INFO: 4 Patient BraTS19_CBICA_AOP_1's 3d dice mode 1 is 0.6088
INFO: 4 Patient BraTS19_CBICA_AOP_1's 3d dice mode 1 is 0.6088
INFO: 4 Patient BraTS19_CBICA_AOP_1's 3d dice mode 2 is 0.5291
INFO: 4 Patient BraTS19_CBICA_AOP_1's 3d dice mode 2 is 0.5291
INFO: 5 Patient BraTS19_CBICA_ATF_1's 3d dice mode 1 is 0.3029
INFO: 5 Patient BraTS19_CBICA_ATF_1's 3d dice mode 1 is 0.3029
INFO: 5 Patient BraTS19_CBICA_ATF_1's 3d dice mode 2 is 0.2932
INFO: 5 Patient BraTS19_CBICA_ATF_1's 3d dice mode 2 is 0.2932
INFO: 6 Patient BraTS19_TCIA03_498_1's 3d dice mode 1 is 0.6677
INFO: 6 Patient BraTS19_TCIA03_498_1's 3d dice mode 1 is 0.6677
INFO: 6 Patient BraTS19_TCIA03_498_1's 3d dice mode 2 is 0.6206
INFO: 6 Patient BraTS19_TCIA03_498_1's 3d dice mode 2 is 0.6206
INFO: 7 Patient BraTS19_2013_18_1's 3d dice mode 1 is 0.8044
INFO: 7 Patient BraTS19_2013_18_1's 3d dice mode 1 is 0.8044
INFO: 7 Patient BraTS19_2013_18_1's 3d dice mode 2 is 0.7324
INFO: 7 Patient BraTS19_2013_18_1's 3d dice mode 2 is 0.7324
INFO: 8 Patient BraTS19_CBICA_AQR_1's 3d dice mode 1 is 0.6593
INFO: 8 Patient BraTS19_CBICA_AQR_1's 3d dice mode 1 is 0.6593
INFO: 8 Patient BraTS19_CBICA_AQR_1's 3d dice mode 2 is 0.4294
INFO: 8 Patient BraTS19_CBICA_AQR_1's 3d dice mode 2 is 0.4294
INFO: 9 Patient BraTS19_CBICA_AQT_1's 3d dice mode 1 is 0.7679
INFO: 9 Patient BraTS19_CBICA_AQT_1's 3d dice mode 1 is 0.7679
INFO: 9 Patient BraTS19_CBICA_AQT_1's 3d dice mode 2 is 0.5835
INFO: 9 Patient BraTS19_CBICA_AQT_1's 3d dice mode 2 is 0.5835
INFO: 10 Patient BraTS19_CBICA_AOS_1's 3d dice mode 1 is 0.8401
INFO: 10 Patient BraTS19_CBICA_AOS_1's 3d dice mode 1 is 0.8401
INFO: 10 Patient BraTS19_CBICA_AOS_1's 3d dice mode 2 is 0.6159
INFO: 10 Patient BraTS19_CBICA_AOS_1's 3d dice mode 2 is 0.6159
INFO: 11 Patient BraTS19_CBICA_BHZ_1's 3d dice mode 1 is 0.8587
INFO: 11 Patient BraTS19_CBICA_BHZ_1's 3d dice mode 1 is 0.8587
INFO: 11 Patient BraTS19_CBICA_BHZ_1's 3d dice mode 2 is 0.7678
INFO: 11 Patient BraTS19_CBICA_BHZ_1's 3d dice mode 2 is 0.7678
INFO: 12 Patient BraTS19_CBICA_AOH_1's 3d dice mode 1 is 0.3448
INFO: 12 Patient BraTS19_CBICA_AOH_1's 3d dice mode 1 is 0.3448
INFO: 12 Patient BraTS19_CBICA_AOH_1's 3d dice mode 2 is 0.0365
INFO: 12 Patient BraTS19_CBICA_AOH_1's 3d dice mode 2 is 0.0365
INFO: 13 Patient BraTS19_CBICA_BGR_1's 3d dice mode 1 is 0.6591
INFO: 13 Patient BraTS19_CBICA_BGR_1's 3d dice mode 1 is 0.6591
INFO: 13 Patient BraTS19_CBICA_BGR_1's 3d dice mode 2 is 0.7696
INFO: 13 Patient BraTS19_CBICA_BGR_1's 3d dice mode 2 is 0.7696
INFO: 14 Patient BraTS19_CBICA_AXN_1's 3d dice mode 1 is 0.5483
INFO: 14 Patient BraTS19_CBICA_AXN_1's 3d dice mode 1 is 0.5483
INFO: 14 Patient BraTS19_CBICA_AXN_1's 3d dice mode 2 is 0.2465
INFO: 14 Patient BraTS19_CBICA_AXN_1's 3d dice mode 2 is 0.2465
INFO: 15 Patient BraTS19_CBICA_AVJ_1's 3d dice mode 1 is 0.8250
INFO: 15 Patient BraTS19_CBICA_AVJ_1's 3d dice mode 1 is 0.8250
INFO: 15 Patient BraTS19_CBICA_AVJ_1's 3d dice mode 2 is 0.6591
INFO: 15 Patient BraTS19_CBICA_AVJ_1's 3d dice mode 2 is 0.6591
INFO: 16 Patient BraTS19_CBICA_ATB_1's 3d dice mode 1 is 0.6664
INFO: 16 Patient BraTS19_CBICA_ATB_1's 3d dice mode 1 is 0.6664
INFO: 16 Patient BraTS19_CBICA_ATB_1's 3d dice mode 2 is 0.4909
INFO: 16 Patient BraTS19_CBICA_ATB_1's 3d dice mode 2 is 0.4909
INFO: 17 Patient BraTS19_CBICA_AZH_1's 3d dice mode 1 is 0.8035
INFO: 17 Patient BraTS19_CBICA_AZH_1's 3d dice mode 1 is 0.8035
INFO: 17 Patient BraTS19_CBICA_AZH_1's 3d dice mode 2 is 0.8141
INFO: 17 Patient BraTS19_CBICA_AZH_1's 3d dice mode 2 is 0.8141
INFO: 18 Patient BraTS19_CBICA_AUX_1's 3d dice mode 1 is 0.9058
INFO: 18 Patient BraTS19_CBICA_AUX_1's 3d dice mode 1 is 0.9058
INFO: 18 Patient BraTS19_CBICA_AUX_1's 3d dice mode 2 is 0.5313
INFO: 18 Patient BraTS19_CBICA_AUX_1's 3d dice mode 2 is 0.5313
INFO: 19 Patient BraTS19_2013_19_1's 3d dice mode 1 is 0.6179
INFO: 19 Patient BraTS19_2013_19_1's 3d dice mode 1 is 0.6179
INFO: 19 Patient BraTS19_2013_19_1's 3d dice mode 2 is 0.5470
INFO: 19 Patient BraTS19_2013_19_1's 3d dice mode 2 is 0.5470
INFO: 20 Patient BraTS19_TCIA04_361_1's 3d dice mode 1 is 0.8438
INFO: 20 Patient BraTS19_TCIA04_361_1's 3d dice mode 1 is 0.8438
INFO: 20 Patient BraTS19_TCIA04_361_1's 3d dice mode 2 is 0.7916
INFO: 20 Patient BraTS19_TCIA04_361_1's 3d dice mode 2 is 0.7916
INFO: 21 Patient BraTS19_TCIA08_234_1's 3d dice mode 1 is 0.8501
INFO: 21 Patient BraTS19_TCIA08_234_1's 3d dice mode 1 is 0.8501
INFO: 21 Patient BraTS19_TCIA08_234_1's 3d dice mode 2 is 0.6152
INFO: 21 Patient BraTS19_TCIA08_234_1's 3d dice mode 2 is 0.6152
INFO: 22 Patient BraTS19_CBICA_ASA_1's 3d dice mode 1 is 0.6703
INFO: 22 Patient BraTS19_CBICA_ASA_1's 3d dice mode 1 is 0.6703
INFO: 22 Patient BraTS19_CBICA_ASA_1's 3d dice mode 2 is 0.5931
INFO: 22 Patient BraTS19_CBICA_ASA_1's 3d dice mode 2 is 0.5931
INFO: 23 Patient BraTS19_CBICA_BFB_1's 3d dice mode 1 is 0.7693
INFO: 23 Patient BraTS19_CBICA_BFB_1's 3d dice mode 1 is 0.7693
INFO: 23 Patient BraTS19_CBICA_BFB_1's 3d dice mode 2 is 0.4702
INFO: 23 Patient BraTS19_CBICA_BFB_1's 3d dice mode 2 is 0.4702
INFO: 24 Patient BraTS19_CBICA_AYC_1's 3d dice mode 1 is 0.8283
INFO: 24 Patient BraTS19_CBICA_AYC_1's 3d dice mode 1 is 0.8283
INFO: 24 Patient BraTS19_CBICA_AYC_1's 3d dice mode 2 is 0.8068
INFO: 24 Patient BraTS19_CBICA_AYC_1's 3d dice mode 2 is 0.8068
INFO: 25 Patient BraTS19_CBICA_BHK_1's 3d dice mode 1 is 0.3346
INFO: 25 Patient BraTS19_CBICA_BHK_1's 3d dice mode 1 is 0.3346
INFO: 25 Patient BraTS19_CBICA_BHK_1's 3d dice mode 2 is 0.1025
INFO: 25 Patient BraTS19_CBICA_BHK_1's 3d dice mode 2 is 0.1025
INFO: 26 Patient BraTS19_CBICA_AVF_1's 3d dice mode 1 is 0.5965
INFO: 26 Patient BraTS19_CBICA_AVF_1's 3d dice mode 1 is 0.5965
INFO: 26 Patient BraTS19_CBICA_AVF_1's 3d dice mode 2 is 0.5915
INFO: 26 Patient BraTS19_CBICA_AVF_1's 3d dice mode 2 is 0.5915
INFO: 27 Patient BraTS19_CBICA_BGE_1's 3d dice mode 1 is 0.8562
INFO: 27 Patient BraTS19_CBICA_BGE_1's 3d dice mode 1 is 0.8562
INFO: 27 Patient BraTS19_CBICA_BGE_1's 3d dice mode 2 is 0.7851
INFO: 27 Patient BraTS19_CBICA_BGE_1's 3d dice mode 2 is 0.7851
INFO: 28 Patient BraTS19_TCIA04_328_1's 3d dice mode 1 is 0.6879
INFO: 28 Patient BraTS19_TCIA04_328_1's 3d dice mode 1 is 0.6879
INFO: 28 Patient BraTS19_TCIA04_328_1's 3d dice mode 2 is 0.2571
INFO: 28 Patient BraTS19_TCIA04_328_1's 3d dice mode 2 is 0.2571
INFO: 29 Patient BraTS19_TCIA02_300_1's 3d dice mode 1 is 0.8470
INFO: 29 Patient BraTS19_TCIA02_300_1's 3d dice mode 1 is 0.8470
INFO: 29 Patient BraTS19_TCIA02_300_1's 3d dice mode 2 is 0.7521
INFO: 29 Patient BraTS19_TCIA02_300_1's 3d dice mode 2 is 0.7521
INFO: 30 Patient BraTS19_TCIA03_121_1's 3d dice mode 1 is 0.8481
INFO: 30 Patient BraTS19_TCIA03_121_1's 3d dice mode 1 is 0.8481
INFO: 30 Patient BraTS19_TCIA03_121_1's 3d dice mode 2 is 0.8025
INFO: 30 Patient BraTS19_TCIA03_121_1's 3d dice mode 2 is 0.8025
INFO: 31 Patient BraTS19_CBICA_AWG_1's 3d dice mode 1 is 0.8391
INFO: 31 Patient BraTS19_CBICA_AWG_1's 3d dice mode 1 is 0.8391
INFO: 31 Patient BraTS19_CBICA_AWG_1's 3d dice mode 2 is 0.7243
INFO: 31 Patient BraTS19_CBICA_AWG_1's 3d dice mode 2 is 0.7243
INFO: 32 Patient BraTS19_TCIA01_401_1's 3d dice mode 1 is 0.8411
INFO: 32 Patient BraTS19_TCIA01_401_1's 3d dice mode 1 is 0.8411
INFO: 32 Patient BraTS19_TCIA01_401_1's 3d dice mode 2 is 0.6608
INFO: 32 Patient BraTS19_TCIA01_401_1's 3d dice mode 2 is 0.6608
INFO: 33 Patient BraTS19_CBICA_AXQ_1's 3d dice mode 1 is 0.7593
INFO: 33 Patient BraTS19_CBICA_AXQ_1's 3d dice mode 1 is 0.7593
INFO: 33 Patient BraTS19_CBICA_AXQ_1's 3d dice mode 2 is 0.5040
INFO: 33 Patient BraTS19_CBICA_AXQ_1's 3d dice mode 2 is 0.5040
INFO: 34 Patient BraTS19_CBICA_AOC_1's 3d dice mode 1 is 0.7331
INFO: 34 Patient BraTS19_CBICA_AOC_1's 3d dice mode 1 is 0.7331
INFO: 34 Patient BraTS19_CBICA_AOC_1's 3d dice mode 2 is 0.5511
INFO: 34 Patient BraTS19_CBICA_AOC_1's 3d dice mode 2 is 0.5511
INFO: 35 Patient BraTS19_TCIA02_151_1's 3d dice mode 1 is 0.8667
INFO: 35 Patient BraTS19_TCIA02_151_1's 3d dice mode 1 is 0.8667
INFO: 35 Patient BraTS19_TCIA02_151_1's 3d dice mode 2 is 0.7533
INFO: 35 Patient BraTS19_TCIA02_151_1's 3d dice mode 2 is 0.7533
INFO: 36 Patient BraTS19_CBICA_BNR_1's 3d dice mode 1 is 0.6965
INFO: 36 Patient BraTS19_CBICA_BNR_1's 3d dice mode 1 is 0.6965
INFO: 36 Patient BraTS19_CBICA_BNR_1's 3d dice mode 2 is 0.2915
INFO: 36 Patient BraTS19_CBICA_BNR_1's 3d dice mode 2 is 0.2915
INFO: 37 Patient BraTS19_2013_21_1's 3d dice mode 1 is 0.8959
INFO: 37 Patient BraTS19_2013_21_1's 3d dice mode 1 is 0.8959
INFO: 37 Patient BraTS19_2013_21_1's 3d dice mode 2 is 0.7676
INFO: 37 Patient BraTS19_2013_21_1's 3d dice mode 2 is 0.7676
INFO: 38 Patient BraTS19_TCIA08_280_1's 3d dice mode 1 is 0.3978
INFO: 38 Patient BraTS19_TCIA08_280_1's 3d dice mode 1 is 0.3978
INFO: 38 Patient BraTS19_TCIA08_280_1's 3d dice mode 2 is 0.6314
INFO: 38 Patient BraTS19_TCIA08_280_1's 3d dice mode 2 is 0.6314
INFO: 39 Patient BraTS19_CBICA_AQJ_1's 3d dice mode 1 is 0.7175
INFO: 39 Patient BraTS19_CBICA_AQJ_1's 3d dice mode 1 is 0.7175
INFO: 39 Patient BraTS19_CBICA_AQJ_1's 3d dice mode 2 is 0.6749
INFO: 39 Patient BraTS19_CBICA_AQJ_1's 3d dice mode 2 is 0.6749
INFO: 40 Patient BraTS19_TCIA01_201_1's 3d dice mode 1 is 0.9183
INFO: 40 Patient BraTS19_TCIA01_201_1's 3d dice mode 1 is 0.9183
INFO: 40 Patient BraTS19_TCIA01_201_1's 3d dice mode 2 is 0.6073
INFO: 40 Patient BraTS19_TCIA01_201_1's 3d dice mode 2 is 0.6073
INFO: 41 Patient BraTS19_CBICA_AQZ_1's 3d dice mode 1 is 0.7326
INFO: 41 Patient BraTS19_CBICA_AQZ_1's 3d dice mode 1 is 0.7326
INFO: 41 Patient BraTS19_CBICA_AQZ_1's 3d dice mode 2 is 0.5770
INFO: 41 Patient BraTS19_CBICA_AQZ_1's 3d dice mode 2 is 0.5770
INFO: 42 Patient BraTS19_CBICA_ASV_1's 3d dice mode 1 is 0.7641
INFO: 42 Patient BraTS19_CBICA_ASV_1's 3d dice mode 1 is 0.7641
INFO: 42 Patient BraTS19_CBICA_ASV_1's 3d dice mode 2 is 0.6303
INFO: 42 Patient BraTS19_CBICA_ASV_1's 3d dice mode 2 is 0.6303
INFO: 43 Patient BraTS19_TCIA04_149_1's 3d dice mode 1 is 0.8524
INFO: 43 Patient BraTS19_TCIA04_149_1's 3d dice mode 1 is 0.8524
INFO: 43 Patient BraTS19_TCIA04_149_1's 3d dice mode 2 is 0.6289
INFO: 43 Patient BraTS19_TCIA04_149_1's 3d dice mode 2 is 0.6289
INFO: 44 Patient BraTS19_TCIA02_117_1's 3d dice mode 1 is 0.6693
INFO: 44 Patient BraTS19_TCIA02_117_1's 3d dice mode 1 is 0.6693
INFO: 44 Patient BraTS19_TCIA02_117_1's 3d dice mode 2 is 0.6065
INFO: 44 Patient BraTS19_TCIA02_117_1's 3d dice mode 2 is 0.6065
INFO: 45 Patient BraTS19_TCIA03_138_1's 3d dice mode 1 is 0.8523
INFO: 45 Patient BraTS19_TCIA03_138_1's 3d dice mode 1 is 0.8523
INFO: 45 Patient BraTS19_TCIA03_138_1's 3d dice mode 2 is 0.8195
INFO: 45 Patient BraTS19_TCIA03_138_1's 3d dice mode 2 is 0.8195
INFO: 46 Patient BraTS19_TCIA02_321_1's 3d dice mode 1 is 0.7777
INFO: 46 Patient BraTS19_TCIA02_321_1's 3d dice mode 1 is 0.7777
INFO: 46 Patient BraTS19_TCIA02_321_1's 3d dice mode 2 is 0.7192
INFO: 46 Patient BraTS19_TCIA02_321_1's 3d dice mode 2 is 0.7192
INFO: 47 Patient BraTS19_TMC_21360_1's 3d dice mode 1 is 0.7289
INFO: 47 Patient BraTS19_TMC_21360_1's 3d dice mode 1 is 0.7289
INFO: 47 Patient BraTS19_TMC_21360_1's 3d dice mode 2 is 0.6665
INFO: 47 Patient BraTS19_TMC_21360_1's 3d dice mode 2 is 0.6665
INFO: 48 Patient BraTS19_TCIA03_375_1's 3d dice mode 1 is 0.8725
INFO: 48 Patient BraTS19_TCIA03_375_1's 3d dice mode 1 is 0.8725
INFO: 48 Patient BraTS19_TCIA03_375_1's 3d dice mode 2 is 0.6215
INFO: 48 Patient BraTS19_TCIA03_375_1's 3d dice mode 2 is 0.6215
INFO: 49 Patient BraTS19_TCIA02_290_1's 3d dice mode 1 is 0.6613
INFO: 49 Patient BraTS19_TCIA02_290_1's 3d dice mode 1 is 0.6613
INFO: 49 Patient BraTS19_TCIA02_290_1's 3d dice mode 2 is 0.7161
INFO: 49 Patient BraTS19_TCIA02_290_1's 3d dice mode 2 is 0.7161
INFO: 50 Patient BraTS19_CBICA_AOO_1's 3d dice mode 1 is 0.8085
INFO: 50 Patient BraTS19_CBICA_AOO_1's 3d dice mode 1 is 0.8085
INFO: 50 Patient BraTS19_CBICA_AOO_1's 3d dice mode 2 is 0.6777
INFO: 50 Patient BraTS19_CBICA_AOO_1's 3d dice mode 2 is 0.6777
INFO: 51 Patient BraTS19_CBICA_AOZ_1's 3d dice mode 1 is 0.7593
INFO: 51 Patient BraTS19_CBICA_AOZ_1's 3d dice mode 1 is 0.7593
INFO: 51 Patient BraTS19_CBICA_AOZ_1's 3d dice mode 2 is 0.6789
INFO: 51 Patient BraTS19_CBICA_AOZ_1's 3d dice mode 2 is 0.6789
INFO: 52 Patient BraTS19_CBICA_ABO_1's 3d dice mode 1 is 0.5832
INFO: 52 Patient BraTS19_CBICA_ABO_1's 3d dice mode 1 is 0.5832
INFO: 52 Patient BraTS19_CBICA_ABO_1's 3d dice mode 2 is 0.5334
INFO: 52 Patient BraTS19_CBICA_ABO_1's 3d dice mode 2 is 0.5334
INFO: =================Mode 1===============
INFO: =================Mode 1===============
INFO: Mean 3d asd on all patients mode 1: 10.2414 
INFO: Mean 3d asd on all patients mode 1: 10.2414 
INFO: Mean 3d hd95 on all patients mode 1: 33.6476 
INFO: Mean 3d hd95 on all patients mode 1: 33.6476 
INFO: Mean 3d ppv on all patients mode 1: 0.8379 
INFO: Mean 3d ppv on all patients mode 1: 0.8379 
INFO: Mean 3d sen on all patients mode 1: 0.6757 
INFO: Mean 3d sen on all patients mode 1: 0.6757 
INFO: Mean 3d dice on all patients mode 1: 0.7340 
INFO: Mean 3d dice on all patients mode 1: 0.7340 
INFO: =================Mode 2===============
INFO: =================Mode 2===============
INFO: Mean 3d asd on all patients mode 2: 14.6243 
INFO: Mean 3d asd on all patients mode 2: 14.6243 
INFO: Mean 3d hd95 on all patients mode 2: 43.7634 
INFO: Mean 3d hd95 on all patients mode 2: 43.7634 
INFO: Mean 3d ppv on all patients mode 2: 0.6998 
INFO: Mean 3d ppv on all patients mode 2: 0.6998 
INFO: Mean 3d sen on all patients mode 2: 0.5516 
INFO: Mean 3d sen on all patients mode 2: 0.5516 
INFO: Mean 3d dice on all patients mode 2: 0.6005 
INFO: Mean 3d dice on all patients mode 2: 0.6005 
INFO: 3D Dice test time :1.79 min
INFO: 3D Dice test time :1.79 min
INFO: Loading model ./res-t2_t1ce-OnlyCSC_CAC_BraTs-seed-2-CMC-withSigmoid-10%_seed_1111/model_CMCNet_last.pth
INFO: Model loaded !
INFO: data number:3626
INFO: mean dice mode 1 is 0.6008
INFO: mean dice mode 2 is 0.4733
INFO: 1 Patient BraTS19_TCIA03_199_1's 3d dice mode 1 is 0.8799
INFO: 1 Patient BraTS19_TCIA03_199_1's 3d dice mode 2 is 0.7866
INFO: 2 Patient BraTS19_TCIA06_332_1's 3d dice mode 1 is 0.6683
INFO: 2 Patient BraTS19_TCIA06_332_1's 3d dice mode 2 is 0.3970
INFO: 3 Patient BraTS19_CBICA_AMH_1's 3d dice mode 1 is 0.8821
INFO: 3 Patient BraTS19_CBICA_AMH_1's 3d dice mode 2 is 0.7671
INFO: 4 Patient BraTS19_CBICA_AOP_1's 3d dice mode 1 is 0.6088
INFO: 4 Patient BraTS19_CBICA_AOP_1's 3d dice mode 2 is 0.5291
INFO: 5 Patient BraTS19_CBICA_ATF_1's 3d dice mode 1 is 0.3029
INFO: 5 Patient BraTS19_CBICA_ATF_1's 3d dice mode 2 is 0.2932
INFO: 6 Patient BraTS19_TCIA03_498_1's 3d dice mode 1 is 0.6677
INFO: 6 Patient BraTS19_TCIA03_498_1's 3d dice mode 2 is 0.6206
INFO: 7 Patient BraTS19_2013_18_1's 3d dice mode 1 is 0.8044
INFO: 7 Patient BraTS19_2013_18_1's 3d dice mode 2 is 0.7324
INFO: 8 Patient BraTS19_CBICA_AQR_1's 3d dice mode 1 is 0.6593
INFO: 8 Patient BraTS19_CBICA_AQR_1's 3d dice mode 2 is 0.4294
INFO: 9 Patient BraTS19_CBICA_AQT_1's 3d dice mode 1 is 0.7679
INFO: 9 Patient BraTS19_CBICA_AQT_1's 3d dice mode 2 is 0.5835
INFO: 10 Patient BraTS19_CBICA_AOS_1's 3d dice mode 1 is 0.8401
INFO: 10 Patient BraTS19_CBICA_AOS_1's 3d dice mode 2 is 0.6159
INFO: 11 Patient BraTS19_CBICA_BHZ_1's 3d dice mode 1 is 0.8587
INFO: 11 Patient BraTS19_CBICA_BHZ_1's 3d dice mode 2 is 0.7678
INFO: 12 Patient BraTS19_CBICA_AOH_1's 3d dice mode 1 is 0.3448
INFO: 12 Patient BraTS19_CBICA_AOH_1's 3d dice mode 2 is 0.0365
INFO: 13 Patient BraTS19_CBICA_BGR_1's 3d dice mode 1 is 0.6591
INFO: 13 Patient BraTS19_CBICA_BGR_1's 3d dice mode 2 is 0.7696
INFO: 14 Patient BraTS19_CBICA_AXN_1's 3d dice mode 1 is 0.5483
INFO: 14 Patient BraTS19_CBICA_AXN_1's 3d dice mode 2 is 0.2465
INFO: 15 Patient BraTS19_CBICA_AVJ_1's 3d dice mode 1 is 0.8250
INFO: 15 Patient BraTS19_CBICA_AVJ_1's 3d dice mode 2 is 0.6591
INFO: 16 Patient BraTS19_CBICA_ATB_1's 3d dice mode 1 is 0.6664
INFO: 16 Patient BraTS19_CBICA_ATB_1's 3d dice mode 2 is 0.4909
INFO: 17 Patient BraTS19_CBICA_AZH_1's 3d dice mode 1 is 0.8035
INFO: 17 Patient BraTS19_CBICA_AZH_1's 3d dice mode 2 is 0.8141
INFO: 18 Patient BraTS19_CBICA_AUX_1's 3d dice mode 1 is 0.9058
INFO: 18 Patient BraTS19_CBICA_AUX_1's 3d dice mode 2 is 0.5313
INFO: 19 Patient BraTS19_2013_19_1's 3d dice mode 1 is 0.6179
INFO: 19 Patient BraTS19_2013_19_1's 3d dice mode 2 is 0.5470
INFO: 20 Patient BraTS19_TCIA04_361_1's 3d dice mode 1 is 0.8438
INFO: 20 Patient BraTS19_TCIA04_361_1's 3d dice mode 2 is 0.7916
INFO: 21 Patient BraTS19_TCIA08_234_1's 3d dice mode 1 is 0.8501
INFO: 21 Patient BraTS19_TCIA08_234_1's 3d dice mode 2 is 0.6152
INFO: 22 Patient BraTS19_CBICA_ASA_1's 3d dice mode 1 is 0.6703
INFO: 22 Patient BraTS19_CBICA_ASA_1's 3d dice mode 2 is 0.5931
INFO: 23 Patient BraTS19_CBICA_BFB_1's 3d dice mode 1 is 0.7693
INFO: 23 Patient BraTS19_CBICA_BFB_1's 3d dice mode 2 is 0.4702
INFO: 24 Patient BraTS19_CBICA_AYC_1's 3d dice mode 1 is 0.8283
INFO: 24 Patient BraTS19_CBICA_AYC_1's 3d dice mode 2 is 0.8068
INFO: 25 Patient BraTS19_CBICA_BHK_1's 3d dice mode 1 is 0.3346
INFO: 25 Patient BraTS19_CBICA_BHK_1's 3d dice mode 2 is 0.1025
INFO: 26 Patient BraTS19_CBICA_AVF_1's 3d dice mode 1 is 0.5965
INFO: 26 Patient BraTS19_CBICA_AVF_1's 3d dice mode 2 is 0.5915
INFO: 27 Patient BraTS19_CBICA_BGE_1's 3d dice mode 1 is 0.8562
INFO: 27 Patient BraTS19_CBICA_BGE_1's 3d dice mode 2 is 0.7851
INFO: 28 Patient BraTS19_TCIA04_328_1's 3d dice mode 1 is 0.6879
INFO: 28 Patient BraTS19_TCIA04_328_1's 3d dice mode 2 is 0.2571
INFO: 29 Patient BraTS19_TCIA02_300_1's 3d dice mode 1 is 0.8470
INFO: 29 Patient BraTS19_TCIA02_300_1's 3d dice mode 2 is 0.7521
INFO: 30 Patient BraTS19_TCIA03_121_1's 3d dice mode 1 is 0.8481
INFO: 30 Patient BraTS19_TCIA03_121_1's 3d dice mode 2 is 0.8025
INFO: 31 Patient BraTS19_CBICA_AWG_1's 3d dice mode 1 is 0.8391
INFO: 31 Patient BraTS19_CBICA_AWG_1's 3d dice mode 2 is 0.7243
INFO: 32 Patient BraTS19_TCIA01_401_1's 3d dice mode 1 is 0.8411
INFO: 32 Patient BraTS19_TCIA01_401_1's 3d dice mode 2 is 0.6608
INFO: 33 Patient BraTS19_CBICA_AXQ_1's 3d dice mode 1 is 0.7593
INFO: 33 Patient BraTS19_CBICA_AXQ_1's 3d dice mode 2 is 0.5040
INFO: 34 Patient BraTS19_CBICA_AOC_1's 3d dice mode 1 is 0.7331
INFO: 34 Patient BraTS19_CBICA_AOC_1's 3d dice mode 2 is 0.5511
INFO: 35 Patient BraTS19_TCIA02_151_1's 3d dice mode 1 is 0.8667
INFO: 35 Patient BraTS19_TCIA02_151_1's 3d dice mode 2 is 0.7533
INFO: 36 Patient BraTS19_CBICA_BNR_1's 3d dice mode 1 is 0.6965
INFO: 36 Patient BraTS19_CBICA_BNR_1's 3d dice mode 2 is 0.2915
INFO: 37 Patient BraTS19_2013_21_1's 3d dice mode 1 is 0.8959
INFO: 37 Patient BraTS19_2013_21_1's 3d dice mode 2 is 0.7676
INFO: 38 Patient BraTS19_TCIA08_280_1's 3d dice mode 1 is 0.3978
INFO: 38 Patient BraTS19_TCIA08_280_1's 3d dice mode 2 is 0.6314
INFO: 39 Patient BraTS19_CBICA_AQJ_1's 3d dice mode 1 is 0.7175
INFO: 39 Patient BraTS19_CBICA_AQJ_1's 3d dice mode 2 is 0.6749
INFO: 40 Patient BraTS19_TCIA01_201_1's 3d dice mode 1 is 0.9183
INFO: 40 Patient BraTS19_TCIA01_201_1's 3d dice mode 2 is 0.6073
INFO: 41 Patient BraTS19_CBICA_AQZ_1's 3d dice mode 1 is 0.7326
INFO: 41 Patient BraTS19_CBICA_AQZ_1's 3d dice mode 2 is 0.5770
INFO: 42 Patient BraTS19_CBICA_ASV_1's 3d dice mode 1 is 0.7641
INFO: 42 Patient BraTS19_CBICA_ASV_1's 3d dice mode 2 is 0.6303
INFO: 43 Patient BraTS19_TCIA04_149_1's 3d dice mode 1 is 0.8524
INFO: 43 Patient BraTS19_TCIA04_149_1's 3d dice mode 2 is 0.6289
INFO: 44 Patient BraTS19_TCIA02_117_1's 3d dice mode 1 is 0.6693
INFO: 44 Patient BraTS19_TCIA02_117_1's 3d dice mode 2 is 0.6065
INFO: 45 Patient BraTS19_TCIA03_138_1's 3d dice mode 1 is 0.8523
INFO: 45 Patient BraTS19_TCIA03_138_1's 3d dice mode 2 is 0.8195
INFO: 46 Patient BraTS19_TCIA02_321_1's 3d dice mode 1 is 0.7777
INFO: 46 Patient BraTS19_TCIA02_321_1's 3d dice mode 2 is 0.7192
INFO: 47 Patient BraTS19_TMC_21360_1's 3d dice mode 1 is 0.7289
INFO: 47 Patient BraTS19_TMC_21360_1's 3d dice mode 2 is 0.6665
INFO: 48 Patient BraTS19_TCIA03_375_1's 3d dice mode 1 is 0.8725
INFO: 48 Patient BraTS19_TCIA03_375_1's 3d dice mode 2 is 0.6215
INFO: 49 Patient BraTS19_TCIA02_290_1's 3d dice mode 1 is 0.6613
INFO: 49 Patient BraTS19_TCIA02_290_1's 3d dice mode 2 is 0.7161
INFO: 50 Patient BraTS19_CBICA_AOO_1's 3d dice mode 1 is 0.8085
INFO: 50 Patient BraTS19_CBICA_AOO_1's 3d dice mode 2 is 0.6777
INFO: 51 Patient BraTS19_CBICA_AOZ_1's 3d dice mode 1 is 0.7593
INFO: 51 Patient BraTS19_CBICA_AOZ_1's 3d dice mode 2 is 0.6789
INFO: 52 Patient BraTS19_CBICA_ABO_1's 3d dice mode 1 is 0.5832
INFO: 52 Patient BraTS19_CBICA_ABO_1's 3d dice mode 2 is 0.5334
INFO: =================Mode 1===============
INFO: Mean 3d asd on all patients mode 1: 10.2414 
INFO: Mean 3d hd95 on all patients mode 1: 33.6476 
INFO: Mean 3d ppv on all patients mode 1: 0.8379 
INFO: Mean 3d sen on all patients mode 1: 0.6757 
INFO: Mean 3d dice on all patients mode 1: 0.7340 
INFO: =================Mode 2===============
INFO: Mean 3d asd on all patients mode 2: 14.6243 
INFO: Mean 3d hd95 on all patients mode 2: 43.7634 
INFO: Mean 3d ppv on all patients mode 2: 0.6998 
INFO: Mean 3d sen on all patients mode 2: 0.5516 
INFO: Mean 3d dice on all patients mode 2: 0.6005 
INFO: 3D Dice test time :1.78 min
