INFO: set random seed: 1111
INFO: Using device : cuda
	GPU ID is [4],using 1 device
	device name:NVIDIA GeForce RTX 4090
INFO: ============ Start  train ==============
INFO: Creating total train dataset with 13598 examples
INFO: Creating factual train dataset with 13598 examples
INFO: Creating total val dataset with 3626 examples
INFO: Creating factual val dataset with 3626 examples
INFO: Creating total val_3d dataset with 8060 examples
INFO: Creating factual val_3d dataset with 8060 examples
INFO: Train Data: Labeled data is: <1359>, Total data is: 13598
INFO: Starting training:
	start_time:     2025-08-22 16:46:14
	base_dir:       res-t2_t1ce-without_MIA_BraTs-seed-2-CMC-withSigmoid-10%_seed_1111
	data_path:      /mnt/HDD2/dat/med/semi-CML-public/dataset/BraTS_slice
	train_list:     randP1_slice_nidus_train.list
	val_list:       randP1_slice_nidus_val.list
	img_mode:       t2_t1ce
	lr_scheduler:   warmupMultistep
	max_epoch:      81
	batch_size:     24
	labeled_bs:     20
	labeled_rate:   0.1
	unsup_epoch:    0
	images_rate:    1
	base_lr:        0.006
	step_num_lr:    4
	weight_decay:   0.0004
	optim_name:     adam
	loss_name:      bce
	bce_w:          10.0
	dice_w:         7.0
	consistency:    1.0
	cons_ramp_type: sig_ram
	nce_weight:     3.5
	sur_siml:       dice
	pHead_sur:      set_false
	M2_epoch:       51
	T_epoch:        10
	T_num:          4
	bma_update_pool_num:6
	M2_epoch_all:   0
	m1_alpha:       0.1
	m2_alpha:       0.1
	teach_m2_WP_epoch:3
	start_fusion_epoch:30
	will_eval:      1
	val_3d_interval:4
	Net Name:		CMCNet
	Input Channel:	1
	Classes Num:	1
	Images Shape:	160*160
INFO: valid_dice_m1_3d:0.6216,valid_dice_m2_3d:0.3566
INFO: Epoch:[000/081], Train Loss: 1.4574 , Sup Loss 1.4574, CSC_Loss 0.0000, CAC_loss 0.0000 , Val Loss: 1.3663, Train Dice: mode1 0.5219 mode2 0.3523 ,LR: 0.001500
INFO: Epoch:[001/081], Train Loss: 1.2406 , Sup Loss 1.2406, CSC_Loss 0.0000, CAC_loss 0.0000 , Val Loss: 1.2361, Train Dice: mode1 0.5736 mode2 0.4195 ,LR: 0.002250
INFO: Epoch:[002/081], Train Loss: 1.1402 , Sup Loss 1.1402, CSC_Loss 0.0000, CAC_loss 0.0000 , Val Loss: 1.5206, Train Dice: mode1 0.6021 mode2 0.4484 ,LR: 0.003000
INFO: Epoch:[003/081], Train Loss: 1.1165 , Sup Loss 1.1165, CSC_Loss 0.0000, CAC_loss 0.0000 , Val Loss: 1.5160, Train Dice: mode1 0.5970 mode2 0.4761 ,LR: 0.003750
INFO: valid_dice_m1_3d:0.0733,valid_dice_m2_3d:0.4265
INFO: Epoch:[004/081], Train Loss: 1.1114 , Sup Loss 1.1114, CSC_Loss 0.0000, CAC_loss 0.0000 , Val Loss: 1.4053, Train Dice: mode1 0.6017 mode2 0.4716 ,LR: 0.004500
INFO: Epoch:[005/081], Train Loss: 1.0995 , Sup Loss 1.0995, CSC_Loss 0.0000, CAC_loss 0.0000 , Val Loss: 1.3103, Train Dice: mode1 0.6056 mode2 0.4899 ,LR: 0.005250
INFO: Epoch:[006/081], Train Loss: 1.0886 , Sup Loss 1.0886, CSC_Loss 0.0000, CAC_loss 0.0000 , Val Loss: 1.3234, Train Dice: mode1 0.6017 mode2 0.5167 ,LR: 0.006000
INFO: Epoch:[007/081], Train Loss: 1.0797 , Sup Loss 1.0797, CSC_Loss 0.0000, CAC_loss 0.0000 , Val Loss: 1.1343, Train Dice: mode1 0.6228 mode2 0.5126 ,LR: 0.006000
INFO: valid_dice_m1_3d:0.4478,valid_dice_m2_3d:0.4842
INFO: Epoch:[008/081], Train Loss: 1.0671 , Sup Loss 1.0671, CSC_Loss 0.0000, CAC_loss 0.0000 , Val Loss: 1.2281, Train Dice: mode1 0.6123 mode2 0.5441 ,LR: 0.006000
INFO: Epoch:[009/081], Train Loss: 1.0463 , Sup Loss 1.0463, CSC_Loss 0.0000, CAC_loss 0.0000 , Val Loss: 1.1383, Train Dice: mode1 0.6351 mode2 0.5592 ,LR: 0.006000
INFO: Epoch:[010/081], Train Loss: 1.0581 , Sup Loss 1.0581, CSC_Loss 0.0000, CAC_loss 0.0000 , Val Loss: 1.1363, Train Dice: mode1 0.6114 mode2 0.5637 ,LR: 0.006000
INFO: Epoch:[011/081], Train Loss: 1.0333 , Sup Loss 1.0333, CSC_Loss 0.0000, CAC_loss 0.0000 , Val Loss: 1.2127, Train Dice: mode1 0.6462 mode2 0.5773 ,LR: 0.000600
INFO: valid_dice_m1_3d:0.6127,valid_dice_m2_3d:0.5919
INFO: Epoch:[012/081], Train Loss: 0.9856 , Sup Loss 0.9856, CSC_Loss 0.0000, CAC_loss 0.0000 , Val Loss: 1.1609, Train Dice: mode1 0.6903 mode2 0.6270 ,LR: 0.000600
INFO: Epoch:[013/081], Train Loss: 0.9589 , Sup Loss 0.9589, CSC_Loss 0.0000, CAC_loss 0.0000 , Val Loss: 1.1319, Train Dice: mode1 0.7167 mode2 0.6574 ,LR: 0.000600
INFO: Epoch:[014/081], Train Loss: 0.9470 , Sup Loss 0.9470, CSC_Loss 0.0000, CAC_loss 0.0000 , Val Loss: 1.1784, Train Dice: mode1 0.7272 mode2 0.6695 ,LR: 0.000600
INFO: Epoch:[015/081], Train Loss: 0.9457 , Sup Loss 0.9457, CSC_Loss 0.0000, CAC_loss 0.0000 , Val Loss: 1.1058, Train Dice: mode1 0.7231 mode2 0.6742 ,LR: 0.000600
INFO: valid_dice_m1_3d:0.6542,valid_dice_m2_3d:0.5644
INFO: Epoch:[016/081], Train Loss: 0.9357 , Sup Loss 0.9357, CSC_Loss 0.0000, CAC_loss 0.0000 , Val Loss: 1.1559, Train Dice: mode1 0.7331 mode2 0.6877 ,LR: 0.000600
INFO: Epoch:[017/081], Train Loss: 0.9264 , Sup Loss 0.9264, CSC_Loss 0.0000, CAC_loss 0.0000 , Val Loss: 1.1662, Train Dice: mode1 0.7429 mode2 0.6980 ,LR: 0.000600
INFO: Epoch:[018/081], Train Loss: 0.9263 , Sup Loss 0.9263, CSC_Loss 0.0000, CAC_loss 0.0000 , Val Loss: 1.1008, Train Dice: mode1 0.7412 mode2 0.6975 ,LR: 0.000600
INFO: Epoch:[019/081], Train Loss: 0.9170 , Sup Loss 0.9170, CSC_Loss 0.0000, CAC_loss 0.0000 , Val Loss: 1.1047, Train Dice: mode1 0.7498 mode2 0.7117 ,LR: 0.000600
INFO: valid_dice_m1_3d:0.6261,valid_dice_m2_3d:0.5603
INFO: Epoch:[020/081], Train Loss: 0.9129 , Sup Loss 0.9129, CSC_Loss 0.0000, CAC_loss 0.0000 , Val Loss: 1.1886, Train Dice: mode1 0.7574 mode2 0.7130 ,LR: 0.000600
INFO: Epoch:[021/081], Train Loss: 0.9108 , Sup Loss 0.9108, CSC_Loss 0.0000, CAC_loss 0.0000 , Val Loss: 1.2234, Train Dice: mode1 0.7575 mode2 0.7147 ,LR: 0.000600
INFO: Epoch:[022/081], Train Loss: 0.9047 , Sup Loss 0.9047, CSC_Loss 0.0000, CAC_loss 0.0000 , Val Loss: 1.1667, Train Dice: mode1 0.7611 mode2 0.7245 ,LR: 0.000600
INFO: Epoch:[023/081], Train Loss: 0.9032 , Sup Loss 0.9032, CSC_Loss 0.0000, CAC_loss 0.0000 , Val Loss: 1.1533, Train Dice: mode1 0.7638 mode2 0.7266 ,LR: 0.000600
INFO: valid_dice_m1_3d:0.6391,valid_dice_m2_3d:0.5426
INFO: Epoch:[024/081], Train Loss: 0.9030 , Sup Loss 0.9030, CSC_Loss 0.0000, CAC_loss 0.0000 , Val Loss: 1.1654, Train Dice: mode1 0.7645 mode2 0.7257 ,LR: 0.000600
INFO: Epoch:[025/081], Train Loss: 0.8983 , Sup Loss 0.8983, CSC_Loss 0.0000, CAC_loss 0.0000 , Val Loss: 1.1341, Train Dice: mode1 0.7681 mode2 0.7305 ,LR: 0.000600
INFO: Epoch:[026/081], Train Loss: 0.8948 , Sup Loss 0.8948, CSC_Loss 0.0000, CAC_loss 0.0000 , Val Loss: 1.1598, Train Dice: mode1 0.7704 mode2 0.7360 ,LR: 0.000600
INFO: Epoch:[027/081], Train Loss: 0.8870 , Sup Loss 0.8870, CSC_Loss 0.0000, CAC_loss 0.0000 , Val Loss: 1.1912, Train Dice: mode1 0.7773 mode2 0.7458 ,LR: 0.000060
INFO: valid_dice_m1_3d:0.6828,valid_dice_m2_3d:0.5822
INFO: Epoch:[028/081], Train Loss: 0.8774 , Sup Loss 0.8774, CSC_Loss 0.0000, CAC_loss 0.0000 , Val Loss: 1.1504, Train Dice: mode1 0.7865 mode2 0.7588 ,LR: 0.000060
INFO: Epoch:[029/081], Train Loss: 0.8675 , Sup Loss 0.8675, CSC_Loss 0.0000, CAC_loss 0.0000 , Val Loss: 1.1388, Train Dice: mode1 0.7958 mode2 0.7709 ,LR: 0.000060
INFO: Epoch:[030/081], Train Loss: 1.9630 , Sup Loss 0.8636, CSC_Loss 5.3781, CAC_loss 0.5136 , Val Loss: 1.1337, Train Dice: mode1 0.8008 mode2 0.7754 ,LR: 0.000060
INFO: Epoch:[031/081], Train Loss: 1.9940 , Sup Loss 0.8601, CSC_Loss 5.3779, CAC_loss 0.4906 , Val Loss: 1.1036, Train Dice: mode1 0.8023 mode2 0.7816 ,LR: 0.000060
INFO: valid_dice_m1_3d:0.7279,valid_dice_m2_3d:0.6016
INFO: Epoch:[032/081], Train Loss: 2.0730 , Sup Loss 0.8572, CSC_Loss 5.3772, CAC_loss 0.5334 , Val Loss: 1.1169, Train Dice: mode1 0.8062 mode2 0.7816 ,LR: 0.000060
INFO: Epoch:[033/081], Train Loss: 2.1199 , Sup Loss 0.8590, CSC_Loss 5.3765, CAC_loss 0.5161 , Val Loss: 1.1131, Train Dice: mode1 0.8017 mode2 0.7829 ,LR: 0.000060
INFO: Epoch:[034/081], Train Loss: 2.1659 , Sup Loss 0.8558, CSC_Loss 5.3757, CAC_loss 0.4988 , Val Loss: 1.1061, Train Dice: mode1 0.8069 mode2 0.7859 ,LR: 0.000060
INFO: Epoch:[035/081], Train Loss: 2.2259 , Sup Loss 0.8542, CSC_Loss 5.3748, CAC_loss 0.4954 , Val Loss: 1.1204, Train Dice: mode1 0.8085 mode2 0.7857 ,LR: 0.000060
INFO: valid_dice_m1_3d:0.7116,valid_dice_m2_3d:0.6031
INFO: Epoch:[036/081], Train Loss: 2.3243 , Sup Loss 0.8518, CSC_Loss 5.3738, CAC_loss 0.5524 , Val Loss: 1.1392, Train Dice: mode1 0.8097 mode2 0.7901 ,LR: 0.000060
INFO: Epoch:[037/081], Train Loss: 2.3769 , Sup Loss 0.8490, CSC_Loss 5.3729, CAC_loss 0.5271 , Val Loss: 1.1268, Train Dice: mode1 0.8121 mode2 0.7956 ,LR: 0.000060
INFO: Epoch:[038/081], Train Loss: 2.4324 , Sup Loss 0.8478, CSC_Loss 5.3721, CAC_loss 0.4956 , Val Loss: 1.1072, Train Dice: mode1 0.8130 mode2 0.7972 ,LR: 0.000060
INFO: Epoch:[039/081], Train Loss: 2.5142 , Sup Loss 0.8471, CSC_Loss 5.3714, CAC_loss 0.5040 , Val Loss: 1.1191, Train Dice: mode1 0.8144 mode2 0.7958 ,LR: 0.000060
INFO: valid_dice_m1_3d:0.7066,valid_dice_m2_3d:0.5868
INFO: Epoch:[040/081], Train Loss: 2.5988 , Sup Loss 0.8447, CSC_Loss 5.3706, CAC_loss 0.5148 , Val Loss: 1.1548, Train Dice: mode1 0.8161 mode2 0.8012 ,LR: 0.000060
INFO: Epoch:[041/081], Train Loss: 2.6839 , Sup Loss 0.8438, CSC_Loss 5.3696, CAC_loss 0.5175 , Val Loss: 1.1152, Train Dice: mode1 0.8163 mode2 0.8019 ,LR: 0.000060
INFO: Epoch:[042/081], Train Loss: 2.7695 , Sup Loss 0.8432, CSC_Loss 5.3686, CAC_loss 0.5135 , Val Loss: 1.1399, Train Dice: mode1 0.8149 mode2 0.8035 ,LR: 0.000060
INFO: Epoch:[043/081], Train Loss: 2.8598 , Sup Loss 0.8446, CSC_Loss 5.3668, CAC_loss 0.5082 , Val Loss: 1.1097, Train Dice: mode1 0.8145 mode2 0.8010 ,LR: 0.000006
INFO: valid_dice_m1_3d:0.7069,valid_dice_m2_3d:0.5778
INFO: Epoch:[044/081], Train Loss: 2.9505 , Sup Loss 0.8403, CSC_Loss 5.3658, CAC_loss 0.5085 , Val Loss: 1.1527, Train Dice: mode1 0.8183 mode2 0.8072 ,LR: 0.000006
INFO: Epoch:[045/081], Train Loss: 3.0410 , Sup Loss 0.8401, CSC_Loss 5.3656, CAC_loss 0.4901 , Val Loss: 1.1189, Train Dice: mode1 0.8186 mode2 0.8083 ,LR: 0.000006
INFO: Epoch:[046/081], Train Loss: 3.1396 , Sup Loss 0.8362, CSC_Loss 5.3654, CAC_loss 0.4921 , Val Loss: 1.1362, Train Dice: mode1 0.8225 mode2 0.8141 ,LR: 0.000006
INFO: Epoch:[047/081], Train Loss: 3.2416 , Sup Loss 0.8392, CSC_Loss 5.3652, CAC_loss 0.4775 , Val Loss: 1.1306, Train Dice: mode1 0.8192 mode2 0.8084 ,LR: 0.000006
INFO: valid_dice_m1_3d:0.7212,valid_dice_m2_3d:0.5991
INFO: Epoch:[048/081], Train Loss: 3.3535 , Sup Loss 0.8364, CSC_Loss 5.3650, CAC_loss 0.4978 , Val Loss: 1.1391, Train Dice: mode1 0.8226 mode2 0.8121 ,LR: 0.000006
INFO: Epoch:[049/081], Train Loss: 3.4654 , Sup Loss 0.8385, CSC_Loss 5.3647, CAC_loss 0.4986 , Val Loss: 1.1300, Train Dice: mode1 0.8191 mode2 0.8110 ,LR: 0.000006
INFO: Epoch:[050/081], Train Loss: 3.5807 , Sup Loss 0.8366, CSC_Loss 5.3645, CAC_loss 0.5157 , Val Loss: 1.1535, Train Dice: mode1 0.8220 mode2 0.8126 ,LR: 0.000006
INFO: Epoch:[051/081], Train Loss: 3.6882 , Sup Loss 0.8345, CSC_Loss 5.3643, CAC_loss 0.5033 , Val Loss: 1.1212, Train Dice: mode1 0.8239 mode2 0.8159 ,LR: 0.000006
INFO: valid_dice_m1_3d:0.7211,valid_dice_m2_3d:0.5818
INFO: Epoch:[052/081], Train Loss: 3.8082 , Sup Loss 0.8353, CSC_Loss 5.3640, CAC_loss 0.5173 , Val Loss: 1.1471, Train Dice: mode1 0.8235 mode2 0.8143 ,LR: 0.000006
INFO: Epoch:[053/081], Train Loss: 3.9303 , Sup Loss 0.8356, CSC_Loss 5.3637, CAC_loss 0.5375 , Val Loss: 1.1306, Train Dice: mode1 0.8245 mode2 0.8140 ,LR: 0.000006
INFO: Epoch:[054/081], Train Loss: 4.0329 , Sup Loss 0.8356, CSC_Loss 5.3634, CAC_loss 0.4805 , Val Loss: 1.1422, Train Dice: mode1 0.8223 mode2 0.8149 ,LR: 0.000006
INFO: Epoch:[055/081], Train Loss: 4.1582 , Sup Loss 0.8343, CSC_Loss 5.3631, CAC_loss 0.5142 , Val Loss: 1.1551, Train Dice: mode1 0.8238 mode2 0.8170 ,LR: 0.000001
INFO: valid_dice_m1_3d:0.7254,valid_dice_m2_3d:0.5955
INFO: Epoch:[056/081], Train Loss: 4.2678 , Sup Loss 0.8347, CSC_Loss 5.3629, CAC_loss 0.4712 , Val Loss: 1.1365, Train Dice: mode1 0.8236 mode2 0.8163 ,LR: 0.000001
INFO: Epoch:[057/081], Train Loss: 4.3930 , Sup Loss 0.8338, CSC_Loss 5.3629, CAC_loss 0.5050 , Val Loss: 1.1286, Train Dice: mode1 0.8234 mode2 0.8177 ,LR: 0.000001
INFO: Epoch:[058/081], Train Loss: 4.5049 , Sup Loss 0.8344, CSC_Loss 5.3629, CAC_loss 0.4671 , Val Loss: 1.1179, Train Dice: mode1 0.8233 mode2 0.8156 ,LR: 0.000001
INFO: Epoch:[059/081], Train Loss: 4.6322 , Sup Loss 0.8354, CSC_Loss 5.3628, CAC_loss 0.5152 , Val Loss: 1.1419, Train Dice: mode1 0.8226 mode2 0.8153 ,LR: 0.000001
INFO: valid_dice_m1_3d:0.7104,valid_dice_m2_3d:0.5924
INFO: Epoch:[060/081], Train Loss: 4.7437 , Sup Loss 0.8352, CSC_Loss 5.3628, CAC_loss 0.4875 , Val Loss: 1.1523, Train Dice: mode1 0.8218 mode2 0.8160 ,LR: 0.000001
INFO: Epoch:[061/081], Train Loss: 4.8574 , Sup Loss 0.8338, CSC_Loss 5.3628, CAC_loss 0.4886 , Val Loss: 1.1202, Train Dice: mode1 0.8252 mode2 0.8153 ,LR: 0.000001
INFO: Epoch:[062/081], Train Loss: 4.9745 , Sup Loss 0.8347, CSC_Loss 5.3627, CAC_loss 0.5152 , Val Loss: 1.1238, Train Dice: mode1 0.8221 mode2 0.8165 ,LR: 0.000001
INFO: Epoch:[063/081], Train Loss: 5.0820 , Sup Loss 0.8361, CSC_Loss 5.3627, CAC_loss 0.4830 , Val Loss: 1.1258, Train Dice: mode1 0.8207 mode2 0.8130 ,LR: 0.000001
INFO: valid_dice_m1_3d:0.7333,valid_dice_m2_3d:0.6114
INFO: Epoch:[064/081], Train Loss: 5.1894 , Sup Loss 0.8363, CSC_Loss 5.3627, CAC_loss 0.4820 , Val Loss: 1.1216, Train Dice: mode1 0.8226 mode2 0.8144 ,LR: 0.000001
INFO: Epoch:[065/081], Train Loss: 5.2956 , Sup Loss 0.8351, CSC_Loss 5.3626, CAC_loss 0.5195 , Val Loss: 1.1352, Train Dice: mode1 0.8226 mode2 0.8156 ,LR: 0.000001
INFO: Epoch:[066/081], Train Loss: 5.3959 , Sup Loss 0.8366, CSC_Loss 5.3626, CAC_loss 0.5073 , Val Loss: 1.1463, Train Dice: mode1 0.8215 mode2 0.8137 ,LR: 0.000001
INFO: Epoch:[067/081], Train Loss: 5.4892 , Sup Loss 0.8342, CSC_Loss 5.3625, CAC_loss 0.5074 , Val Loss: 1.1344, Train Dice: mode1 0.8240 mode2 0.8169 ,LR: 0.000001
INFO: valid_dice_m1_3d:0.7230,valid_dice_m2_3d:0.6100
INFO: Epoch:[068/081], Train Loss: 5.5804 , Sup Loss 0.8344, CSC_Loss 5.3625, CAC_loss 0.5077 , Val Loss: 1.1335, Train Dice: mode1 0.8239 mode2 0.8152 ,LR: 0.000001
INFO: Epoch:[069/081], Train Loss: 5.6676 , Sup Loss 0.8346, CSC_Loss 5.3624, CAC_loss 0.5248 , Val Loss: 1.1365, Train Dice: mode1 0.8228 mode2 0.8166 ,LR: 0.000001
INFO: Epoch:[070/081], Train Loss: 5.7461 , Sup Loss 0.8332, CSC_Loss 5.3624, CAC_loss 0.5126 , Val Loss: 1.1478, Train Dice: mode1 0.8254 mode2 0.8167 ,LR: 0.000001
INFO: Epoch:[071/081], Train Loss: 5.8229 , Sup Loss 0.8352, CSC_Loss 5.3623, CAC_loss 0.5098 , Val Loss: 1.1332, Train Dice: mode1 0.8229 mode2 0.8161 ,LR: 0.000001
INFO: valid_dice_m1_3d:0.7235,valid_dice_m2_3d:0.6054
INFO: Epoch:[072/081], Train Loss: 5.8910 , Sup Loss 0.8356, CSC_Loss 5.3623, CAC_loss 0.4692 , Val Loss: 1.1334, Train Dice: mode1 0.8206 mode2 0.8162 ,LR: 0.000001
INFO: Epoch:[073/081], Train Loss: 5.9527 , Sup Loss 0.8341, CSC_Loss 5.3622, CAC_loss 0.4896 , Val Loss: 1.1476, Train Dice: mode1 0.8235 mode2 0.8180 ,LR: 0.000001
INFO: Epoch:[074/081], Train Loss: 6.0103 , Sup Loss 0.8354, CSC_Loss 5.3621, CAC_loss 0.5043 , Val Loss: 1.1294, Train Dice: mode1 0.8225 mode2 0.8151 ,LR: 0.000001
INFO: Epoch:[075/081], Train Loss: 6.0583 , Sup Loss 0.8352, CSC_Loss 5.3621, CAC_loss 0.4546 , Val Loss: 1.1166, Train Dice: mode1 0.8231 mode2 0.8159 ,LR: 0.000001
INFO: valid_dice_m1_3d:0.7150,valid_dice_m2_3d:0.5896
INFO: Epoch:[076/081], Train Loss: 6.1005 , Sup Loss 0.8349, CSC_Loss 5.3620, CAC_loss 0.5068 , Val Loss: 1.1476, Train Dice: mode1 0.8229 mode2 0.8159 ,LR: 0.000001
INFO: Epoch:[077/081], Train Loss: 6.1366 , Sup Loss 0.8366, CSC_Loss 5.3620, CAC_loss 0.5003 , Val Loss: 1.1650, Train Dice: mode1 0.8226 mode2 0.8147 ,LR: 0.000001
INFO: Epoch:[078/081], Train Loss: 6.1597 , Sup Loss 0.8329, CSC_Loss 5.3619, CAC_loss 0.4593 , Val Loss: 1.1361, Train Dice: mode1 0.8242 mode2 0.8174 ,LR: 0.000001
INFO: Epoch:[079/081], Train Loss: 6.1809 , Sup Loss 0.8347, CSC_Loss 5.3618, CAC_loss 0.4596 , Val Loss: 1.1151, Train Dice: mode1 0.8220 mode2 0.8173 ,LR: 0.000001
INFO: valid_dice_m1_3d:0.7340,valid_dice_m2_3d:0.6005
INFO: Epoch:[080/081], Train Loss: 6.1913 , Sup Loss 0.8335, CSC_Loss 5.3617, CAC_loss 0.4773 , Val Loss: 1.1292, Train Dice: mode1 0.8238 mode2 0.8169 ,LR: 0.000001
INFO: Model saved !
INFO: Train finished time: 2025-08-22 17:02:58
INFO: Time consuming : 16.73 min in train and test
