INFO: Loading model ./res-t2_t1ce-Loss_OnlyMSE-0.01_CML_Stage_1_MIA_BraTs-seed-2-CMC-10%_seed_1111/model_CMCNet_last.pth
INFO: Model loaded !
INFO: data number:3626
INFO: mean dice mode 1 is 0.6605
INFO: mean dice mode 2 is 0.5824
INFO: 1 Patient BraTS19_TCIA03_199_1's 3d dice mode 1 is 0.8913
INFO: 1 Patient BraTS19_TCIA03_199_1's 3d dice mode 2 is 0.8024
INFO: 2 Patient BraTS19_TCIA06_332_1's 3d dice mode 1 is 0.7239
INFO: 2 Patient BraTS19_TCIA06_332_1's 3d dice mode 2 is 0.6509
INFO: 3 Patient BraTS19_CBICA_AMH_1's 3d dice mode 1 is 0.8570
INFO: 3 Patient BraTS19_CBICA_AMH_1's 3d dice mode 2 is 0.8040
INFO: 4 Patient BraTS19_CBICA_AOP_1's 3d dice mode 1 is 0.5893
INFO: 4 Patient BraTS19_CBICA_AOP_1's 3d dice mode 2 is 0.6194
INFO: 5 Patient BraTS19_CBICA_ATF_1's 3d dice mode 1 is 0.4166
INFO: 5 Patient BraTS19_CBICA_ATF_1's 3d dice mode 2 is 0.3867
INFO: 6 Patient BraTS19_TCIA03_498_1's 3d dice mode 1 is 0.7225
INFO: 6 Patient BraTS19_TCIA03_498_1's 3d dice mode 2 is 0.6998
INFO: 7 Patient BraTS19_2013_18_1's 3d dice mode 1 is 0.8493
INFO: 7 Patient BraTS19_2013_18_1's 3d dice mode 2 is 0.8046
INFO: 8 Patient BraTS19_CBICA_AQR_1's 3d dice mode 1 is 0.3151
INFO: 8 Patient BraTS19_CBICA_AQR_1's 3d dice mode 2 is 0.3584
INFO: 9 Patient BraTS19_CBICA_AQT_1's 3d dice mode 1 is 0.7702
INFO: 9 Patient BraTS19_CBICA_AQT_1's 3d dice mode 2 is 0.6938
INFO: 10 Patient BraTS19_CBICA_AOS_1's 3d dice mode 1 is 0.8191
INFO: 10 Patient BraTS19_CBICA_AOS_1's 3d dice mode 2 is 0.7666
INFO: 11 Patient BraTS19_CBICA_BHZ_1's 3d dice mode 1 is 0.8715
INFO: 11 Patient BraTS19_CBICA_BHZ_1's 3d dice mode 2 is 0.8153
INFO: 12 Patient BraTS19_CBICA_AOH_1's 3d dice mode 1 is 0.3903
INFO: 12 Patient BraTS19_CBICA_AOH_1's 3d dice mode 2 is 0.3540
INFO: 13 Patient BraTS19_CBICA_BGR_1's 3d dice mode 1 is 0.6213
INFO: 13 Patient BraTS19_CBICA_BGR_1's 3d dice mode 2 is 0.6506
INFO: 14 Patient BraTS19_CBICA_AXN_1's 3d dice mode 1 is 0.5048
INFO: 14 Patient BraTS19_CBICA_AXN_1's 3d dice mode 2 is 0.3828
INFO: 15 Patient BraTS19_CBICA_AVJ_1's 3d dice mode 1 is 0.7611
INFO: 15 Patient BraTS19_CBICA_AVJ_1's 3d dice mode 2 is 0.7353
INFO: 16 Patient BraTS19_CBICA_ATB_1's 3d dice mode 1 is 0.6233
INFO: 16 Patient BraTS19_CBICA_ATB_1's 3d dice mode 2 is 0.6196
INFO: 17 Patient BraTS19_CBICA_AZH_1's 3d dice mode 1 is 0.7863
INFO: 17 Patient BraTS19_CBICA_AZH_1's 3d dice mode 2 is 0.8187
INFO: 18 Patient BraTS19_CBICA_AUX_1's 3d dice mode 1 is 0.9175
INFO: 18 Patient BraTS19_CBICA_AUX_1's 3d dice mode 2 is 0.8403
INFO: 19 Patient BraTS19_2013_19_1's 3d dice mode 1 is 0.6226
INFO: 19 Patient BraTS19_2013_19_1's 3d dice mode 2 is 0.6175
INFO: 20 Patient BraTS19_TCIA04_361_1's 3d dice mode 1 is 0.8915
INFO: 20 Patient BraTS19_TCIA04_361_1's 3d dice mode 2 is 0.8433
INFO: 21 Patient BraTS19_TCIA08_234_1's 3d dice mode 1 is 0.8529
INFO: 21 Patient BraTS19_TCIA08_234_1's 3d dice mode 2 is 0.8242
INFO: 22 Patient BraTS19_CBICA_ASA_1's 3d dice mode 1 is 0.7929
INFO: 22 Patient BraTS19_CBICA_ASA_1's 3d dice mode 2 is 0.7555
INFO: 23 Patient BraTS19_CBICA_BFB_1's 3d dice mode 1 is 0.7309
INFO: 23 Patient BraTS19_CBICA_BFB_1's 3d dice mode 2 is 0.7261
INFO: 24 Patient BraTS19_CBICA_AYC_1's 3d dice mode 1 is 0.8553
INFO: 24 Patient BraTS19_CBICA_AYC_1's 3d dice mode 2 is 0.7456
INFO: 25 Patient BraTS19_CBICA_BHK_1's 3d dice mode 1 is 0.1554
INFO: 25 Patient BraTS19_CBICA_BHK_1's 3d dice mode 2 is 0.1027
INFO: 26 Patient BraTS19_CBICA_AVF_1's 3d dice mode 1 is 0.7665
INFO: 26 Patient BraTS19_CBICA_AVF_1's 3d dice mode 2 is 0.7565
INFO: 27 Patient BraTS19_CBICA_BGE_1's 3d dice mode 1 is 0.8288
INFO: 27 Patient BraTS19_CBICA_BGE_1's 3d dice mode 2 is 0.8377
INFO: 28 Patient BraTS19_TCIA04_328_1's 3d dice mode 1 is 0.7366
INFO: 28 Patient BraTS19_TCIA04_328_1's 3d dice mode 2 is 0.6820
INFO: 29 Patient BraTS19_TCIA02_300_1's 3d dice mode 1 is 0.8204
INFO: 29 Patient BraTS19_TCIA02_300_1's 3d dice mode 2 is 0.8040
INFO: 30 Patient BraTS19_TCIA03_121_1's 3d dice mode 1 is 0.8822
INFO: 30 Patient BraTS19_TCIA03_121_1's 3d dice mode 2 is 0.8674
INFO: 31 Patient BraTS19_CBICA_AWG_1's 3d dice mode 1 is 0.7260
INFO: 31 Patient BraTS19_CBICA_AWG_1's 3d dice mode 2 is 0.7427
INFO: 32 Patient BraTS19_TCIA01_401_1's 3d dice mode 1 is 0.8232
INFO: 32 Patient BraTS19_TCIA01_401_1's 3d dice mode 2 is 0.6936
INFO: 33 Patient BraTS19_CBICA_AXQ_1's 3d dice mode 1 is 0.7031
INFO: 33 Patient BraTS19_CBICA_AXQ_1's 3d dice mode 2 is 0.6980
INFO: 34 Patient BraTS19_CBICA_AOC_1's 3d dice mode 1 is 0.5904
INFO: 34 Patient BraTS19_CBICA_AOC_1's 3d dice mode 2 is 0.6393
INFO: 35 Patient BraTS19_TCIA02_151_1's 3d dice mode 1 is 0.8517
INFO: 35 Patient BraTS19_TCIA02_151_1's 3d dice mode 2 is 0.8081
INFO: 36 Patient BraTS19_CBICA_BNR_1's 3d dice mode 1 is 0.6936
INFO: 36 Patient BraTS19_CBICA_BNR_1's 3d dice mode 2 is 0.6621
INFO: 37 Patient BraTS19_2013_21_1's 3d dice mode 1 is 0.8831
INFO: 37 Patient BraTS19_2013_21_1's 3d dice mode 2 is 0.8722
INFO: 38 Patient BraTS19_TCIA08_280_1's 3d dice mode 1 is 0.6425
INFO: 38 Patient BraTS19_TCIA08_280_1's 3d dice mode 2 is 0.6494
INFO: 39 Patient BraTS19_CBICA_AQJ_1's 3d dice mode 1 is 0.6978
INFO: 39 Patient BraTS19_CBICA_AQJ_1's 3d dice mode 2 is 0.6828
INFO: 40 Patient BraTS19_TCIA01_201_1's 3d dice mode 1 is 0.9113
INFO: 40 Patient BraTS19_TCIA01_201_1's 3d dice mode 2 is 0.8416
INFO: 41 Patient BraTS19_CBICA_AQZ_1's 3d dice mode 1 is 0.8560
INFO: 41 Patient BraTS19_CBICA_AQZ_1's 3d dice mode 2 is 0.8213
INFO: 42 Patient BraTS19_CBICA_ASV_1's 3d dice mode 1 is 0.8166
INFO: 42 Patient BraTS19_CBICA_ASV_1's 3d dice mode 2 is 0.7387
INFO: 43 Patient BraTS19_TCIA04_149_1's 3d dice mode 1 is 0.8099
INFO: 43 Patient BraTS19_TCIA04_149_1's 3d dice mode 2 is 0.8182
INFO: 44 Patient BraTS19_TCIA02_117_1's 3d dice mode 1 is 0.7320
INFO: 44 Patient BraTS19_TCIA02_117_1's 3d dice mode 2 is 0.7221
INFO: 45 Patient BraTS19_TCIA03_138_1's 3d dice mode 1 is 0.8694
INFO: 45 Patient BraTS19_TCIA03_138_1's 3d dice mode 2 is 0.8643
INFO: 46 Patient BraTS19_TCIA02_321_1's 3d dice mode 1 is 0.7891
INFO: 46 Patient BraTS19_TCIA02_321_1's 3d dice mode 2 is 0.7625
INFO: 47 Patient BraTS19_TMC_21360_1's 3d dice mode 1 is 0.7820
INFO: 47 Patient BraTS19_TMC_21360_1's 3d dice mode 2 is 0.7524
INFO: 48 Patient BraTS19_TCIA03_375_1's 3d dice mode 1 is 0.8041
INFO: 48 Patient BraTS19_TCIA03_375_1's 3d dice mode 2 is 0.8340
INFO: 49 Patient BraTS19_TCIA02_290_1's 3d dice mode 1 is 0.7177
INFO: 49 Patient BraTS19_TCIA02_290_1's 3d dice mode 2 is 0.7020
INFO: 50 Patient BraTS19_CBICA_AOO_1's 3d dice mode 1 is 0.7580
INFO: 50 Patient BraTS19_CBICA_AOO_1's 3d dice mode 2 is 0.7843
INFO: 51 Patient BraTS19_CBICA_AOZ_1's 3d dice mode 1 is 0.7284
INFO: 51 Patient BraTS19_CBICA_AOZ_1's 3d dice mode 2 is 0.6340
INFO: 52 Patient BraTS19_CBICA_ABO_1's 3d dice mode 1 is 0.6892
INFO: 52 Patient BraTS19_CBICA_ABO_1's 3d dice mode 2 is 0.6268
INFO: =================Mode 1===============
INFO: Mean 3d asd on all patients mode 1: 15.0933 
INFO: Mean 3d hd95 on all patients mode 1: 47.6232 
INFO: Mean 3d ppv on all patients mode 1: 0.6989 
INFO: Mean 3d sen on all patients mode 1: 0.8110 
INFO: Mean 3d dice on all patients mode 1: 0.7354 
INFO: =================Mode 2===============
INFO: Mean 3d asd on all patients mode 2: 14.1276 
INFO: Mean 3d hd95 on all patients mode 2: 43.9113 
INFO: Mean 3d ppv on all patients mode 2: 0.7097 
INFO: Mean 3d sen on all patients mode 2: 0.7366 
INFO: Mean 3d dice on all patients mode 2: 0.7061 
INFO: 3D Dice test time :2.26 min
