INFO: set random seed: 1111
INFO: Using device : cuda
	GPU ID is [0],using 1 device
	device name:NVIDIA GeForce RTX 4060 Ti
INFO: set random seed: 1111
INFO: Using device : cuda
	GPU ID is [0],using 1 device
	device name:NVIDIA GeForce RTX 4060 Ti
INFO: ============ Start  train ==============
INFO: Creating total train dataset with 13598 examples
INFO: Creating factual train dataset with 13598 examples
INFO: Creating total val dataset with 3626 examples
INFO: Creating factual val dataset with 3626 examples
INFO: Creating total val_3d dataset with 8060 examples
INFO: Creating factual val_3d dataset with 8060 examples
INFO: Train Data: Labeled data is: <1359>, Total data is: 13598
INFO: Starting training:
	start_time:     2025-10-16 19:22:38
	base_dir:       res-t2_t1ce-Loss_OnlyMSE-0.01_CML_Stage_1_MIA_BraTs-seed-2-CMC-10%_seed_1111
	data_path:      A:\Dat\semi-CML-public\dataset\BraTS_slice
	train_list:     randP1_slice_nidus_train.list
	val_list:       randP1_slice_nidus_val.list
	img_mode:       t2_t1ce
	lr_scheduler:   warmupMultistep
	max_epoch:      81
	batch_size:     24
	labeled_bs:     20
	labeled_rate:   0.1
	unsup_epoch:    0
	images_rate:    1
	base_lr:        0.006
	step_num_lr:    4
	weight_decay:   0.0004
	optim_name:     adam
	loss_name:      bce
	bce_w:          10.0
	dice_w:         7.0
	consistency:    1.0
	cons_ramp_type: sig_ram
	nce_weight:     3.5
	sur_siml:       dice
	pHead_sur:      set_false
	M2_epoch:       51
	T_epoch:        10
	T_num:          4
	bma_update_pool_num:6
	M2_epoch_all:   0
	m1_alpha:       0.1
	m2_alpha:       0.1
	teach_m2_WP_epoch:3
	start_fusion_epoch:82
	will_eval:      1
	val_3d_interval:4
	Net Name:		CMCNet
	Input Channel:	1
	Classes Num:	1
	Images Shape:	160*160
INFO: set random seed: 1111
INFO: Using device : cuda
	GPU ID is [0],using 1 device
	device name:NVIDIA GeForce RTX 4060 Ti
INFO: ============ Start  train ==============
INFO: Creating total train dataset with 13598 examples
INFO: Creating factual train dataset with 13598 examples
INFO: Creating total val dataset with 3626 examples
INFO: Creating factual val dataset with 3626 examples
INFO: Creating total val_3d dataset with 8060 examples
INFO: Creating factual val_3d dataset with 8060 examples
INFO: Train Data: Labeled data is: <1359>, Total data is: 13598
INFO: Starting training:
	start_time:     2025-10-16 19:24:14
	base_dir:       res-t2_t1ce-Loss_OnlyMSE-0.01_CML_Stage_1_MIA_BraTs-seed-2-CMC-10%_seed_1111
	data_path:      A:\Dat\semi-CML-public\dataset\BraTS_slice
	train_list:     randP1_slice_nidus_train.list
	val_list:       randP1_slice_nidus_val.list
	img_mode:       t2_t1ce
	lr_scheduler:   warmupMultistep
	max_epoch:      81
	batch_size:     24
	labeled_bs:     20
	labeled_rate:   0.1
	unsup_epoch:    0
	images_rate:    1
	base_lr:        0.006
	step_num_lr:    4
	weight_decay:   0.0004
	optim_name:     adam
	loss_name:      bce
	bce_w:          10.0
	dice_w:         7.0
	consistency:    1.0
	cons_ramp_type: sig_ram
	nce_weight:     3.5
	sur_siml:       dice
	pHead_sur:      set_false
	M2_epoch:       51
	T_epoch:        10
	T_num:          4
	bma_update_pool_num:6
	M2_epoch_all:   0
	m1_alpha:       0.1
	m2_alpha:       0.1
	teach_m2_WP_epoch:3
	start_fusion_epoch:82
	will_eval:      1
	val_3d_interval:4
	Net Name:		CMCNet
	Input Channel:	1
	Classes Num:	1
	Images Shape:	160*160
INFO: valid_dice_m1_3d:0.6806,valid_dice_m2_3d:0.5408
INFO: Epoch:[000/081], Train Loss: 1.2376 , Sup Loss 1.2277, MSE loss: 0.0100, ASC loss: 2.0112 , Val Loss: 1.1396, Train Dice: mode1 0.5500 mode2 0.3670 ,LR: 0.001500
INFO: Epoch:[001/081], Train Loss: 1.1163 , Sup Loss 1.0892, MSE loss: 0.0271, ASC loss: 2.0598 , Val Loss: 1.0921, Train Dice: mode1 0.6343 mode2 0.5293 ,LR: 0.002250
INFO: Epoch:[002/081], Train Loss: 1.1124 , Sup Loss 1.0775, MSE loss: 0.0349, ASC loss: 2.0785 , Val Loss: 1.1272, Train Dice: mode1 0.6363 mode2 0.5109 ,LR: 0.003000
INFO: Epoch:[003/081], Train Loss: 1.1199 , Sup Loss 1.0839, MSE loss: 0.0360, ASC loss: 2.0967 , Val Loss: 1.1693, Train Dice: mode1 0.6303 mode2 0.4955 ,LR: 0.003750
INFO: valid_dice_m1_3d:0.0619,valid_dice_m2_3d:0.2189
INFO: Epoch:[004/081], Train Loss: 1.1112 , Sup Loss 1.0742, MSE loss: 0.0370, ASC loss: 2.0951 , Val Loss: 1.8056, Train Dice: mode1 0.6406 mode2 0.5080 ,LR: 0.004500
INFO: Epoch:[005/081], Train Loss: 1.1150 , Sup Loss 1.0788, MSE loss: 0.0362, ASC loss: 2.1035 , Val Loss: 1.1611, Train Dice: mode1 0.6330 mode2 0.5102 ,LR: 0.005250
INFO: Epoch:[006/081], Train Loss: 1.1111 , Sup Loss 1.0744, MSE loss: 0.0367, ASC loss: 2.0977 , Val Loss: 1.1386, Train Dice: mode1 0.6381 mode2 0.5065 ,LR: 0.006000
INFO: Epoch:[007/081], Train Loss: 1.0965 , Sup Loss 1.0602, MSE loss: 0.0363, ASC loss: 2.0950 , Val Loss: 1.1321, Train Dice: mode1 0.6640 mode2 0.5176 ,LR: 0.006000
INFO: valid_dice_m1_3d:0.4838,valid_dice_m2_3d:0.4252
INFO: Epoch:[008/081], Train Loss: 1.0874 , Sup Loss 1.0517, MSE loss: 0.0357, ASC loss: 2.0840 , Val Loss: 1.2129, Train Dice: mode1 0.6756 mode2 0.5463 ,LR: 0.006000
INFO: Epoch:[009/081], Train Loss: 1.0859 , Sup Loss 1.0501, MSE loss: 0.0358, ASC loss: 2.0802 , Val Loss: 1.0990, Train Dice: mode1 0.6736 mode2 0.5734 ,LR: 0.006000
INFO: Epoch:[010/081], Train Loss: 1.0753 , Sup Loss 1.0392, MSE loss: 0.0361, ASC loss: 2.0720 , Val Loss: 1.0817, Train Dice: mode1 0.6884 mode2 0.6051 ,LR: 0.006000
INFO: Epoch:[011/081], Train Loss: 1.0617 , Sup Loss 1.0273, MSE loss: 0.0344, ASC loss: 2.0673 , Val Loss: 1.1053, Train Dice: mode1 0.7067 mode2 0.6204 ,LR: 0.000600
INFO: valid_dice_m1_3d:0.6859,valid_dice_m2_3d:0.6093
INFO: Epoch:[012/081], Train Loss: 1.0410 , Sup Loss 1.0065, MSE loss: 0.0346, ASC loss: 2.0492 , Val Loss: 1.0706, Train Dice: mode1 0.7353 mode2 0.6599 ,LR: 0.000600
INFO: Epoch:[013/081], Train Loss: 1.0297 , Sup Loss 0.9957, MSE loss: 0.0340, ASC loss: 2.0641 , Val Loss: 1.0747, Train Dice: mode1 0.7531 mode2 0.6760 ,LR: 0.000600
INFO: Epoch:[014/081], Train Loss: 1.0218 , Sup Loss 0.9904, MSE loss: 0.0314, ASC loss: 2.0502 , Val Loss: 1.0868, Train Dice: mode1 0.7604 mode2 0.6783 ,LR: 0.000600
INFO: Epoch:[015/081], Train Loss: 1.0196 , Sup Loss 0.9882, MSE loss: 0.0314, ASC loss: 2.0646 , Val Loss: 1.0524, Train Dice: mode1 0.7601 mode2 0.6725 ,LR: 0.000600
INFO: valid_dice_m1_3d:0.6866,valid_dice_m2_3d:0.6082
INFO: Epoch:[016/081], Train Loss: 1.0095 , Sup Loss 0.9816, MSE loss: 0.0279, ASC loss: 2.0633 , Val Loss: 1.0673, Train Dice: mode1 0.7702 mode2 0.6848 ,LR: 0.000600
INFO: Epoch:[017/081], Train Loss: 1.0122 , Sup Loss 0.9798, MSE loss: 0.0323, ASC loss: 2.0625 , Val Loss: 1.0812, Train Dice: mode1 0.7742 mode2 0.6876 ,LR: 0.000600
INFO: Epoch:[018/081], Train Loss: 1.0073 , Sup Loss 0.9789, MSE loss: 0.0284, ASC loss: 2.0485 , Val Loss: 1.0611, Train Dice: mode1 0.7765 mode2 0.6944 ,LR: 0.000600
INFO: Epoch:[019/081], Train Loss: 0.9935 , Sup Loss 0.9699, MSE loss: 0.0236, ASC loss: 2.0587 , Val Loss: 1.0953, Train Dice: mode1 0.7816 mode2 0.6996 ,LR: 0.000600
INFO: valid_dice_m1_3d:0.6763,valid_dice_m2_3d:0.5928
INFO: Epoch:[020/081], Train Loss: 0.9968 , Sup Loss 0.9680, MSE loss: 0.0288, ASC loss: 2.0595 , Val Loss: 1.0758, Train Dice: mode1 0.7868 mode2 0.6960 ,LR: 0.000600
INFO: Epoch:[021/081], Train Loss: 0.9932 , Sup Loss 0.9677, MSE loss: 0.0255, ASC loss: 2.0535 , Val Loss: 1.1418, Train Dice: mode1 0.7892 mode2 0.7039 ,LR: 0.000600
INFO: Epoch:[022/081], Train Loss: 0.9882 , Sup Loss 0.9611, MSE loss: 0.0271, ASC loss: 2.0531 , Val Loss: 1.1167, Train Dice: mode1 0.7974 mode2 0.7074 ,LR: 0.000600
INFO: Epoch:[023/081], Train Loss: 0.9957 , Sup Loss 0.9663, MSE loss: 0.0294, ASC loss: 2.0594 , Val Loss: 1.0928, Train Dice: mode1 0.7920 mode2 0.7066 ,LR: 0.000600
INFO: valid_dice_m1_3d:0.6725,valid_dice_m2_3d:0.5921
INFO: Epoch:[024/081], Train Loss: 0.9920 , Sup Loss 0.9646, MSE loss: 0.0274, ASC loss: 2.0473 , Val Loss: 1.1255, Train Dice: mode1 0.7899 mode2 0.7046 ,LR: 0.000600
INFO: Epoch:[025/081], Train Loss: 0.9797 , Sup Loss 0.9592, MSE loss: 0.0206, ASC loss: 2.0559 , Val Loss: 1.1106, Train Dice: mode1 0.7979 mode2 0.7084 ,LR: 0.000600
INFO: Epoch:[026/081], Train Loss: 0.9818 , Sup Loss 0.9574, MSE loss: 0.0244, ASC loss: 2.0476 , Val Loss: 1.1258, Train Dice: mode1 0.8011 mode2 0.7068 ,LR: 0.000600
INFO: Epoch:[027/081], Train Loss: 0.9745 , Sup Loss 0.9539, MSE loss: 0.0206, ASC loss: 2.0502 , Val Loss: 1.1172, Train Dice: mode1 0.8018 mode2 0.7066 ,LR: 0.000060
INFO: valid_dice_m1_3d:0.6726,valid_dice_m2_3d:0.5947
INFO: Epoch:[028/081], Train Loss: 0.9626 , Sup Loss 0.9457, MSE loss: 0.0170, ASC loss: 2.0649 , Val Loss: 1.1133, Train Dice: mode1 0.8140 mode2 0.7134 ,LR: 0.000060
INFO: Epoch:[029/081], Train Loss: 0.9541 , Sup Loss 0.9382, MSE loss: 0.0159, ASC loss: 2.0900 , Val Loss: 1.1114, Train Dice: mode1 0.8224 mode2 0.7220 ,LR: 0.000060
INFO: set random seed: 1111
INFO: Using device : cuda
	GPU ID is [0],using 1 device
	device name:NVIDIA GeForce RTX 4060 Ti
INFO: ============ Start  train ==============
INFO: Creating total train dataset with 13598 examples
INFO: Creating factual train dataset with 13598 examples
INFO: Creating total val dataset with 3626 examples
INFO: Creating factual val dataset with 3626 examples
INFO: Creating total val_3d dataset with 8060 examples
INFO: Creating factual val_3d dataset with 8060 examples
INFO: Train Data: Labeled data is: <1359>, Total data is: 13598
INFO: Starting training:
	start_time:     2025-10-16 20:57:22
	base_dir:       res-t2_t1ce-Loss_OnlyMSE-0.01_CML_Stage_1_MIA_BraTs-seed-2-CMC-10%_seed_1111
	data_path:      A:\Dat\semi-CML-public\dataset\BraTS_slice
	train_list:     randP1_slice_nidus_train.list
	val_list:       randP1_slice_nidus_val.list
	img_mode:       t2_t1ce
	lr_scheduler:   warmupMultistep
	max_epoch:      81
	batch_size:     24
	labeled_bs:     20
	labeled_rate:   0.1
	unsup_epoch:    0
	images_rate:    1
	base_lr:        0.006
	step_num_lr:    4
	weight_decay:   0.0004
	optim_name:     adam
	loss_name:      bce
	bce_w:          10.0
	dice_w:         7.0
	consistency:    1.0
	cons_ramp_type: sig_ram
	nce_weight:     3.5
	sur_siml:       dice
	pHead_sur:      set_false
	M2_epoch:       51
	T_epoch:        10
	T_num:          4
	bma_update_pool_num:6
	M2_epoch_all:   0
	m1_alpha:       0.1
	m2_alpha:       0.1
	teach_m2_WP_epoch:3
	start_fusion_epoch:82
	will_eval:      0
	val_3d_interval:4
	Net Name:		CMCNet
	Input Channel:	1
	Classes Num:	1
	Images Shape:	160*160
INFO: set random seed: 1111
INFO: Using device : cuda
	GPU ID is [0],using 1 device
	device name:NVIDIA GeForce RTX 4060 Ti
INFO: ============ Start  train ==============
INFO: Creating total train dataset with 13598 examples
INFO: Creating factual train dataset with 13598 examples
INFO: Creating total val dataset with 3626 examples
INFO: Creating factual val dataset with 3626 examples
INFO: Creating total val_3d dataset with 8060 examples
INFO: Creating factual val_3d dataset with 8060 examples
INFO: Train Data: Labeled data is: <1359>, Total data is: 13598
INFO: Starting training:
	start_time:     2025-10-16 21:03:12
	base_dir:       res-t2_t1ce-Loss_OnlyMSE-0.01_CML_Stage_1_MIA_BraTs-seed-2-CMC-10%_seed_1111
	data_path:      A:\Dat\semi-CML-public\dataset\BraTS_slice
	train_list:     randP1_slice_nidus_train.list
	val_list:       randP1_slice_nidus_val.list
	img_mode:       t2_t1ce
	lr_scheduler:   warmupMultistep
	max_epoch:      81
	batch_size:     24
	labeled_bs:     20
	labeled_rate:   0.1
	unsup_epoch:    0
	images_rate:    1
	base_lr:        0.006
	step_num_lr:    4
	weight_decay:   0.0004
	optim_name:     adam
	loss_name:      bce
	bce_w:          10.0
	dice_w:         7.0
	consistency:    1.0
	cons_ramp_type: sig_ram
	nce_weight:     3.5
	sur_siml:       dice
	pHead_sur:      set_false
	M2_epoch:       51
	T_epoch:        10
	T_num:          4
	bma_update_pool_num:6
	M2_epoch_all:   0
	m1_alpha:       0.1
	m2_alpha:       0.1
	teach_m2_WP_epoch:3
	start_fusion_epoch:82
	will_eval:      0
	val_3d_interval:4
	Net Name:		CMCNet
	Input Channel:	1
	Classes Num:	1
	Images Shape:	160*160
INFO: Epoch:[000/081], Train Loss: 1.2376 , Sup Loss 1.2277, MSE loss: 0.0100, ASC loss: 2.0112, Train Dice: mode1 0.5500 mode2 0.3670 ,LR: 0.001500
INFO: Epoch:[001/081], Train Loss: 1.1163 , Sup Loss 1.0892, MSE loss: 0.0271, ASC loss: 2.0598, Train Dice: mode1 0.6343 mode2 0.5293 ,LR: 0.002250
INFO: Epoch:[002/081], Train Loss: 1.1124 , Sup Loss 1.0775, MSE loss: 0.0349, ASC loss: 2.0785, Train Dice: mode1 0.6363 mode2 0.5109 ,LR: 0.003000
INFO: Epoch:[003/081], Train Loss: 1.1199 , Sup Loss 1.0839, MSE loss: 0.0360, ASC loss: 2.0967, Train Dice: mode1 0.6303 mode2 0.4955 ,LR: 0.003750
INFO: Epoch:[004/081], Train Loss: 1.1112 , Sup Loss 1.0742, MSE loss: 0.0370, ASC loss: 2.0951, Train Dice: mode1 0.6406 mode2 0.5080 ,LR: 0.004500
INFO: Epoch:[005/081], Train Loss: 1.1150 , Sup Loss 1.0788, MSE loss: 0.0362, ASC loss: 2.1035, Train Dice: mode1 0.6330 mode2 0.5102 ,LR: 0.005250
INFO: Epoch:[006/081], Train Loss: 1.1111 , Sup Loss 1.0744, MSE loss: 0.0367, ASC loss: 2.0977, Train Dice: mode1 0.6381 mode2 0.5065 ,LR: 0.006000
INFO: Epoch:[007/081], Train Loss: 1.0965 , Sup Loss 1.0602, MSE loss: 0.0363, ASC loss: 2.0950, Train Dice: mode1 0.6640 mode2 0.5176 ,LR: 0.006000
INFO: Epoch:[008/081], Train Loss: 1.0874 , Sup Loss 1.0517, MSE loss: 0.0357, ASC loss: 2.0840, Train Dice: mode1 0.6756 mode2 0.5463 ,LR: 0.006000
INFO: Epoch:[009/081], Train Loss: 1.0859 , Sup Loss 1.0501, MSE loss: 0.0358, ASC loss: 2.0802, Train Dice: mode1 0.6736 mode2 0.5734 ,LR: 0.006000
INFO: Epoch:[010/081], Train Loss: 1.0753 , Sup Loss 1.0392, MSE loss: 0.0361, ASC loss: 2.0720, Train Dice: mode1 0.6884 mode2 0.6051 ,LR: 0.006000
INFO: Epoch:[011/081], Train Loss: 1.0617 , Sup Loss 1.0273, MSE loss: 0.0344, ASC loss: 2.0673, Train Dice: mode1 0.7067 mode2 0.6204 ,LR: 0.000600
INFO: Epoch:[012/081], Train Loss: 1.0410 , Sup Loss 1.0065, MSE loss: 0.0346, ASC loss: 2.0492, Train Dice: mode1 0.7353 mode2 0.6599 ,LR: 0.000600
INFO: Epoch:[013/081], Train Loss: 1.0297 , Sup Loss 0.9957, MSE loss: 0.0340, ASC loss: 2.0641, Train Dice: mode1 0.7531 mode2 0.6760 ,LR: 0.000600
INFO: Epoch:[014/081], Train Loss: 1.0218 , Sup Loss 0.9904, MSE loss: 0.0314, ASC loss: 2.0502, Train Dice: mode1 0.7604 mode2 0.6783 ,LR: 0.000600
INFO: Epoch:[015/081], Train Loss: 1.0196 , Sup Loss 0.9882, MSE loss: 0.0314, ASC loss: 2.0646, Train Dice: mode1 0.7601 mode2 0.6725 ,LR: 0.000600
INFO: Epoch:[016/081], Train Loss: 1.0095 , Sup Loss 0.9816, MSE loss: 0.0279, ASC loss: 2.0633, Train Dice: mode1 0.7702 mode2 0.6848 ,LR: 0.000600
INFO: Epoch:[017/081], Train Loss: 1.0122 , Sup Loss 0.9798, MSE loss: 0.0323, ASC loss: 2.0625, Train Dice: mode1 0.7742 mode2 0.6876 ,LR: 0.000600
INFO: Epoch:[018/081], Train Loss: 1.0073 , Sup Loss 0.9789, MSE loss: 0.0284, ASC loss: 2.0485, Train Dice: mode1 0.7765 mode2 0.6944 ,LR: 0.000600
INFO: Epoch:[019/081], Train Loss: 0.9935 , Sup Loss 0.9699, MSE loss: 0.0236, ASC loss: 2.0587, Train Dice: mode1 0.7816 mode2 0.6996 ,LR: 0.000600
INFO: Epoch:[020/081], Train Loss: 0.9968 , Sup Loss 0.9680, MSE loss: 0.0288, ASC loss: 2.0595, Train Dice: mode1 0.7868 mode2 0.6960 ,LR: 0.000600
INFO: Epoch:[021/081], Train Loss: 0.9932 , Sup Loss 0.9677, MSE loss: 0.0255, ASC loss: 2.0535, Train Dice: mode1 0.7892 mode2 0.7039 ,LR: 0.000600
INFO: Epoch:[022/081], Train Loss: 0.9882 , Sup Loss 0.9611, MSE loss: 0.0271, ASC loss: 2.0531, Train Dice: mode1 0.7974 mode2 0.7074 ,LR: 0.000600
INFO: Epoch:[023/081], Train Loss: 0.9957 , Sup Loss 0.9663, MSE loss: 0.0294, ASC loss: 2.0594, Train Dice: mode1 0.7920 mode2 0.7066 ,LR: 0.000600
INFO: Epoch:[024/081], Train Loss: 0.9920 , Sup Loss 0.9646, MSE loss: 0.0274, ASC loss: 2.0473, Train Dice: mode1 0.7899 mode2 0.7046 ,LR: 0.000600
INFO: Epoch:[025/081], Train Loss: 0.9797 , Sup Loss 0.9592, MSE loss: 0.0206, ASC loss: 2.0559, Train Dice: mode1 0.7979 mode2 0.7084 ,LR: 0.000600
INFO: Epoch:[026/081], Train Loss: 0.9818 , Sup Loss 0.9574, MSE loss: 0.0244, ASC loss: 2.0476, Train Dice: mode1 0.8011 mode2 0.7068 ,LR: 0.000600
INFO: Epoch:[027/081], Train Loss: 0.9745 , Sup Loss 0.9539, MSE loss: 0.0206, ASC loss: 2.0502, Train Dice: mode1 0.8018 mode2 0.7066 ,LR: 0.000060
INFO: Epoch:[028/081], Train Loss: 0.9626 , Sup Loss 0.9457, MSE loss: 0.0170, ASC loss: 2.0649, Train Dice: mode1 0.8140 mode2 0.7134 ,LR: 0.000060
INFO: Epoch:[029/081], Train Loss: 0.9541 , Sup Loss 0.9382, MSE loss: 0.0159, ASC loss: 2.0900, Train Dice: mode1 0.8224 mode2 0.7220 ,LR: 0.000060
INFO: Epoch:[030/081], Train Loss: 0.9515 , Sup Loss 0.9366, MSE loss: 0.0149, ASC loss: 2.0752, Train Dice: mode1 0.8250 mode2 0.7200 ,LR: 0.000060
INFO: Epoch:[031/081], Train Loss: 0.9463 , Sup Loss 0.9334, MSE loss: 0.0130, ASC loss: 2.0894, Train Dice: mode1 0.8289 mode2 0.7220 ,LR: 0.000060
INFO: Epoch:[032/081], Train Loss: 0.9446 , Sup Loss 0.9305, MSE loss: 0.0141, ASC loss: 2.0768, Train Dice: mode1 0.8322 mode2 0.7259 ,LR: 0.000060
INFO: Epoch:[033/081], Train Loss: 0.9517 , Sup Loss 0.9352, MSE loss: 0.0165, ASC loss: 2.0502, Train Dice: mode1 0.8303 mode2 0.7183 ,LR: 0.000060
INFO: Epoch:[034/081], Train Loss: 0.9492 , Sup Loss 0.9352, MSE loss: 0.0140, ASC loss: 2.0773, Train Dice: mode1 0.8320 mode2 0.7169 ,LR: 0.000060
INFO: Epoch:[035/081], Train Loss: 0.9497 , Sup Loss 0.9331, MSE loss: 0.0166, ASC loss: 2.0544, Train Dice: mode1 0.8339 mode2 0.7228 ,LR: 0.000060
INFO: Epoch:[036/081], Train Loss: 0.9461 , Sup Loss 0.9321, MSE loss: 0.0139, ASC loss: 2.0560, Train Dice: mode1 0.8341 mode2 0.7256 ,LR: 0.000060
INFO: Epoch:[037/081], Train Loss: 0.9411 , Sup Loss 0.9273, MSE loss: 0.0137, ASC loss: 2.0461, Train Dice: mode1 0.8395 mode2 0.7279 ,LR: 0.000060
INFO: Epoch:[038/081], Train Loss: 0.9387 , Sup Loss 0.9270, MSE loss: 0.0117, ASC loss: 2.0479, Train Dice: mode1 0.8391 mode2 0.7268 ,LR: 0.000060
INFO: Epoch:[039/081], Train Loss: 0.9437 , Sup Loss 0.9311, MSE loss: 0.0126, ASC loss: 2.0512, Train Dice: mode1 0.8413 mode2 0.7250 ,LR: 0.000060
INFO: Epoch:[040/081], Train Loss: 0.9392 , Sup Loss 0.9260, MSE loss: 0.0132, ASC loss: 2.0581, Train Dice: mode1 0.8436 mode2 0.7278 ,LR: 0.000060
INFO: Epoch:[041/081], Train Loss: 0.9403 , Sup Loss 0.9271, MSE loss: 0.0132, ASC loss: 2.0577, Train Dice: mode1 0.8434 mode2 0.7281 ,LR: 0.000060
INFO: Epoch:[042/081], Train Loss: 0.9374 , Sup Loss 0.9256, MSE loss: 0.0117, ASC loss: 2.0598, Train Dice: mode1 0.8450 mode2 0.7299 ,LR: 0.000060
INFO: Epoch:[043/081], Train Loss: 0.9374 , Sup Loss 0.9259, MSE loss: 0.0115, ASC loss: 2.0385, Train Dice: mode1 0.8429 mode2 0.7299 ,LR: 0.000006
INFO: Epoch:[044/081], Train Loss: 0.9314 , Sup Loss 0.9209, MSE loss: 0.0105, ASC loss: 2.0474, Train Dice: mode1 0.8478 mode2 0.7339 ,LR: 0.000006
INFO: Epoch:[045/081], Train Loss: 0.9345 , Sup Loss 0.9221, MSE loss: 0.0124, ASC loss: 2.0477, Train Dice: mode1 0.8481 mode2 0.7280 ,LR: 0.000006
INFO: Epoch:[046/081], Train Loss: 0.9331 , Sup Loss 0.9220, MSE loss: 0.0111, ASC loss: 2.0534, Train Dice: mode1 0.8505 mode2 0.7299 ,LR: 0.000006
INFO: Epoch:[047/081], Train Loss: 0.9355 , Sup Loss 0.9241, MSE loss: 0.0114, ASC loss: 2.0399, Train Dice: mode1 0.8474 mode2 0.7242 ,LR: 0.000006
INFO: Epoch:[048/081], Train Loss: 0.9319 , Sup Loss 0.9207, MSE loss: 0.0112, ASC loss: 2.0421, Train Dice: mode1 0.8506 mode2 0.7288 ,LR: 0.000006
INFO: Epoch:[049/081], Train Loss: 0.9376 , Sup Loss 0.9241, MSE loss: 0.0135, ASC loss: 2.0485, Train Dice: mode1 0.8489 mode2 0.7269 ,LR: 0.000006
INFO: Epoch:[050/081], Train Loss: 0.9303 , Sup Loss 0.9193, MSE loss: 0.0109, ASC loss: 2.0704, Train Dice: mode1 0.8493 mode2 0.7291 ,LR: 0.000006
INFO: Epoch:[051/081], Train Loss: 0.9299 , Sup Loss 0.9174, MSE loss: 0.0125, ASC loss: 2.0568, Train Dice: mode1 0.8528 mode2 0.7325 ,LR: 0.000006
INFO: Epoch:[052/081], Train Loss: 0.9320 , Sup Loss 0.9201, MSE loss: 0.0119, ASC loss: 2.0665, Train Dice: mode1 0.8508 mode2 0.7302 ,LR: 0.000006
INFO: Epoch:[053/081], Train Loss: 0.9356 , Sup Loss 0.9231, MSE loss: 0.0125, ASC loss: 2.0553, Train Dice: mode1 0.8511 mode2 0.7265 ,LR: 0.000006
INFO: Epoch:[054/081], Train Loss: 0.9303 , Sup Loss 0.9189, MSE loss: 0.0114, ASC loss: 2.0652, Train Dice: mode1 0.8513 mode2 0.7320 ,LR: 0.000006
INFO: Epoch:[055/081], Train Loss: 0.9309 , Sup Loss 0.9174, MSE loss: 0.0135, ASC loss: 2.0572, Train Dice: mode1 0.8524 mode2 0.7347 ,LR: 0.000001
INFO: Epoch:[056/081], Train Loss: 0.9282 , Sup Loss 0.9179, MSE loss: 0.0103, ASC loss: 2.0483, Train Dice: mode1 0.8527 mode2 0.7309 ,LR: 0.000001
INFO: Epoch:[057/081], Train Loss: 0.9299 , Sup Loss 0.9214, MSE loss: 0.0086, ASC loss: 2.0453, Train Dice: mode1 0.8510 mode2 0.7301 ,LR: 0.000001
INFO: Epoch:[058/081], Train Loss: 0.9283 , Sup Loss 0.9187, MSE loss: 0.0096, ASC loss: 2.0618, Train Dice: mode1 0.8531 mode2 0.7315 ,LR: 0.000001
INFO: Epoch:[059/081], Train Loss: 0.9319 , Sup Loss 0.9212, MSE loss: 0.0106, ASC loss: 2.0503, Train Dice: mode1 0.8506 mode2 0.7288 ,LR: 0.000001
INFO: Epoch:[060/081], Train Loss: 0.9297 , Sup Loss 0.9190, MSE loss: 0.0107, ASC loss: 2.0506, Train Dice: mode1 0.8517 mode2 0.7314 ,LR: 0.000001
INFO: Epoch:[061/081], Train Loss: 0.9320 , Sup Loss 0.9202, MSE loss: 0.0118, ASC loss: 2.0460, Train Dice: mode1 0.8509 mode2 0.7301 ,LR: 0.000001
INFO: Epoch:[062/081], Train Loss: 0.9343 , Sup Loss 0.9240, MSE loss: 0.0103, ASC loss: 2.0415, Train Dice: mode1 0.8515 mode2 0.7308 ,LR: 0.000001
INFO: Epoch:[063/081], Train Loss: 0.9380 , Sup Loss 0.9233, MSE loss: 0.0147, ASC loss: 2.0354, Train Dice: mode1 0.8496 mode2 0.7295 ,LR: 0.000001
INFO: Epoch:[064/081], Train Loss: 0.9320 , Sup Loss 0.9191, MSE loss: 0.0129, ASC loss: 2.0346, Train Dice: mode1 0.8507 mode2 0.7317 ,LR: 0.000001
INFO: Epoch:[065/081], Train Loss: 0.9322 , Sup Loss 0.9198, MSE loss: 0.0125, ASC loss: 2.0661, Train Dice: mode1 0.8528 mode2 0.7318 ,LR: 0.000001
INFO: Epoch:[066/081], Train Loss: 0.9342 , Sup Loss 0.9239, MSE loss: 0.0103, ASC loss: 2.0631, Train Dice: mode1 0.8511 mode2 0.7255 ,LR: 0.000001
INFO: Epoch:[067/081], Train Loss: 0.9320 , Sup Loss 0.9195, MSE loss: 0.0125, ASC loss: 2.0448, Train Dice: mode1 0.8518 mode2 0.7304 ,LR: 0.000001
INFO: Epoch:[068/081], Train Loss: 0.9307 , Sup Loss 0.9182, MSE loss: 0.0125, ASC loss: 2.0391, Train Dice: mode1 0.8523 mode2 0.7314 ,LR: 0.000001
INFO: Epoch:[069/081], Train Loss: 0.9362 , Sup Loss 0.9248, MSE loss: 0.0114, ASC loss: 2.0509, Train Dice: mode1 0.8507 mode2 0.7320 ,LR: 0.000001
INFO: Epoch:[070/081], Train Loss: 0.9315 , Sup Loss 0.9212, MSE loss: 0.0103, ASC loss: 2.0510, Train Dice: mode1 0.8523 mode2 0.7318 ,LR: 0.000001
INFO: Epoch:[071/081], Train Loss: 0.9335 , Sup Loss 0.9213, MSE loss: 0.0122, ASC loss: 2.0490, Train Dice: mode1 0.8510 mode2 0.7311 ,LR: 0.000001
INFO: Epoch:[072/081], Train Loss: 0.9281 , Sup Loss 0.9183, MSE loss: 0.0098, ASC loss: 2.0476, Train Dice: mode1 0.8512 mode2 0.7301 ,LR: 0.000001
INFO: Epoch:[073/081], Train Loss: 0.9316 , Sup Loss 0.9207, MSE loss: 0.0109, ASC loss: 2.0386, Train Dice: mode1 0.8521 mode2 0.7322 ,LR: 0.000001
INFO: Epoch:[074/081], Train Loss: 0.9301 , Sup Loss 0.9201, MSE loss: 0.0100, ASC loss: 2.0482, Train Dice: mode1 0.8511 mode2 0.7302 ,LR: 0.000001
INFO: Epoch:[075/081], Train Loss: 0.9301 , Sup Loss 0.9196, MSE loss: 0.0105, ASC loss: 2.0384, Train Dice: mode1 0.8506 mode2 0.7312 ,LR: 0.000001
INFO: Epoch:[076/081], Train Loss: 0.9334 , Sup Loss 0.9216, MSE loss: 0.0117, ASC loss: 2.0530, Train Dice: mode1 0.8521 mode2 0.7296 ,LR: 0.000001
INFO: Epoch:[077/081], Train Loss: 0.9320 , Sup Loss 0.9226, MSE loss: 0.0093, ASC loss: 2.0498, Train Dice: mode1 0.8500 mode2 0.7288 ,LR: 0.000001
INFO: Epoch:[078/081], Train Loss: 0.9294 , Sup Loss 0.9202, MSE loss: 0.0092, ASC loss: 2.0580, Train Dice: mode1 0.8526 mode2 0.7296 ,LR: 0.000001
INFO: Epoch:[079/081], Train Loss: 0.9332 , Sup Loss 0.9224, MSE loss: 0.0108, ASC loss: 2.0526, Train Dice: mode1 0.8513 mode2 0.7313 ,LR: 0.000001
INFO: Epoch:[080/081], Train Loss: 0.9300 , Sup Loss 0.9171, MSE loss: 0.0129, ASC loss: 2.0427, Train Dice: mode1 0.8514 mode2 0.7339 ,LR: 0.000001
INFO: Model saved !
INFO: set random seed: 1111
INFO: Using device : cuda
	GPU ID is [0],using 1 device
	device name:NVIDIA GeForce RTX 4060 Ti
INFO: ============ Start  train ==============
INFO: Creating total train dataset with 13598 examples
INFO: Creating factual train dataset with 13598 examples
INFO: Creating total val dataset with 3626 examples
INFO: Creating factual val dataset with 3626 examples
INFO: Creating total val_3d dataset with 8060 examples
INFO: Creating factual val_3d dataset with 8060 examples
INFO: Train Data: Labeled data is: <1359>, Total data is: 13598
INFO: Starting training:
	start_time:     2025-10-16 23:09:53
	base_dir:       res-t2_t1ce-Loss_OnlyMSE-0.01_CML_Stage_1_MIA_BraTs-seed-2-CMC-10%_seed_1111
	data_path:      A:\Dat\semi-CML-public\dataset\BraTS_slice
	train_list:     randP1_slice_nidus_train.list
	val_list:       randP1_slice_nidus_val.list
	img_mode:       t2_t1ce
	lr_scheduler:   warmupMultistep
	max_epoch:      81
	batch_size:     24
	labeled_bs:     20
	labeled_rate:   0.1
	unsup_epoch:    0
	images_rate:    1
	base_lr:        0.006
	step_num_lr:    4
	weight_decay:   0.0004
	optim_name:     adam
	loss_name:      bce
	bce_w:          10.0
	dice_w:         7.0
	consistency:    1.0
	cons_ramp_type: sig_ram
	nce_weight:     3.5
	sur_siml:       dice
	pHead_sur:      set_false
	M2_epoch:       51
	T_epoch:        10
	T_num:          4
	bma_update_pool_num:6
	M2_epoch_all:   0
	m1_alpha:       0.1
	m2_alpha:       0.1
	teach_m2_WP_epoch:3
	start_fusion_epoch:82
	will_eval:      1
	val_3d_interval:4
	Net Name:		CMCNet
	Input Channel:	1
	Classes Num:	1
	Images Shape:	160*160
INFO: valid_dice_m1_3d:0.6806,valid_dice_m2_3d:0.5408
INFO: Epoch:[000/081], Train Loss: 1.2376 , Sup Loss 1.2277, MSE loss: 0.0100, ASC loss: 2.0112 , Val Loss: 1.1396, Train Dice: mode1 0.5500 mode2 0.3670 ,LR: 0.001500
INFO: Epoch:[001/081], Train Loss: 1.1163 , Sup Loss 1.0892, MSE loss: 0.0271, ASC loss: 2.0598 , Val Loss: 1.0921, Train Dice: mode1 0.6343 mode2 0.5293 ,LR: 0.002250
INFO: Epoch:[002/081], Train Loss: 1.1124 , Sup Loss 1.0775, MSE loss: 0.0349, ASC loss: 2.0785 , Val Loss: 1.1272, Train Dice: mode1 0.6363 mode2 0.5109 ,LR: 0.003000
INFO: Epoch:[003/081], Train Loss: 1.1199 , Sup Loss 1.0839, MSE loss: 0.0360, ASC loss: 2.0967 , Val Loss: 1.1693, Train Dice: mode1 0.6303 mode2 0.4955 ,LR: 0.003750
INFO: valid_dice_m1_3d:0.0619,valid_dice_m2_3d:0.2189
INFO: Epoch:[004/081], Train Loss: 1.1112 , Sup Loss 1.0742, MSE loss: 0.0370, ASC loss: 2.0951 , Val Loss: 1.8056, Train Dice: mode1 0.6406 mode2 0.5080 ,LR: 0.004500
INFO: Epoch:[005/081], Train Loss: 1.1150 , Sup Loss 1.0788, MSE loss: 0.0362, ASC loss: 2.1035 , Val Loss: 1.1611, Train Dice: mode1 0.6330 mode2 0.5102 ,LR: 0.005250
INFO: Epoch:[006/081], Train Loss: 1.1111 , Sup Loss 1.0744, MSE loss: 0.0367, ASC loss: 2.0977 , Val Loss: 1.1386, Train Dice: mode1 0.6381 mode2 0.5065 ,LR: 0.006000
INFO: Epoch:[007/081], Train Loss: 1.0965 , Sup Loss 1.0602, MSE loss: 0.0363, ASC loss: 2.0950 , Val Loss: 1.1321, Train Dice: mode1 0.6640 mode2 0.5176 ,LR: 0.006000
INFO: valid_dice_m1_3d:0.4838,valid_dice_m2_3d:0.4252
INFO: Epoch:[008/081], Train Loss: 1.0874 , Sup Loss 1.0517, MSE loss: 0.0357, ASC loss: 2.0840 , Val Loss: 1.2129, Train Dice: mode1 0.6756 mode2 0.5463 ,LR: 0.006000
INFO: Epoch:[009/081], Train Loss: 1.0859 , Sup Loss 1.0501, MSE loss: 0.0358, ASC loss: 2.0802 , Val Loss: 1.0990, Train Dice: mode1 0.6736 mode2 0.5734 ,LR: 0.006000
INFO: Epoch:[010/081], Train Loss: 1.0753 , Sup Loss 1.0392, MSE loss: 0.0361, ASC loss: 2.0720 , Val Loss: 1.0817, Train Dice: mode1 0.6884 mode2 0.6051 ,LR: 0.006000
INFO: Epoch:[011/081], Train Loss: 1.0617 , Sup Loss 1.0273, MSE loss: 0.0344, ASC loss: 2.0673 , Val Loss: 1.1053, Train Dice: mode1 0.7067 mode2 0.6204 ,LR: 0.000600
INFO: valid_dice_m1_3d:0.6859,valid_dice_m2_3d:0.6093
INFO: Epoch:[012/081], Train Loss: 1.0410 , Sup Loss 1.0065, MSE loss: 0.0346, ASC loss: 2.0492 , Val Loss: 1.0706, Train Dice: mode1 0.7353 mode2 0.6599 ,LR: 0.000600
INFO: Epoch:[013/081], Train Loss: 1.0297 , Sup Loss 0.9957, MSE loss: 0.0340, ASC loss: 2.0641 , Val Loss: 1.0747, Train Dice: mode1 0.7531 mode2 0.6760 ,LR: 0.000600
INFO: Epoch:[014/081], Train Loss: 1.0218 , Sup Loss 0.9904, MSE loss: 0.0314, ASC loss: 2.0502 , Val Loss: 1.0868, Train Dice: mode1 0.7604 mode2 0.6783 ,LR: 0.000600
INFO: Epoch:[015/081], Train Loss: 1.0196 , Sup Loss 0.9882, MSE loss: 0.0314, ASC loss: 2.0646 , Val Loss: 1.0524, Train Dice: mode1 0.7601 mode2 0.6725 ,LR: 0.000600
INFO: valid_dice_m1_3d:0.6866,valid_dice_m2_3d:0.6082
INFO: Epoch:[016/081], Train Loss: 1.0095 , Sup Loss 0.9816, MSE loss: 0.0279, ASC loss: 2.0633 , Val Loss: 1.0673, Train Dice: mode1 0.7702 mode2 0.6848 ,LR: 0.000600
INFO: Epoch:[017/081], Train Loss: 1.0122 , Sup Loss 0.9798, MSE loss: 0.0323, ASC loss: 2.0625 , Val Loss: 1.0812, Train Dice: mode1 0.7742 mode2 0.6876 ,LR: 0.000600
INFO: set random seed: 1111
INFO: Using device : cuda
	GPU ID is [0],using 1 device
	device name:NVIDIA GeForce RTX 4060 Ti
INFO: ============ Start  train ==============
INFO: Creating total train dataset with 13598 examples
INFO: Creating factual train dataset with 13598 examples
INFO: Creating total val dataset with 3626 examples
INFO: Creating factual val dataset with 3626 examples
INFO: Creating total val_3d dataset with 8060 examples
INFO: Creating factual val_3d dataset with 8060 examples
INFO: Train Data: Labeled data is: <1359>, Total data is: 13598
INFO: Starting training:
	start_time:     2025-10-17 00:05:15
	base_dir:       res-t2_t1ce-Loss_OnlyMSE-0.01_CML_Stage_1_MIA_BraTs-seed-2-CMC-10%_seed_1111
	data_path:      A:\Dat\semi-CML-public\dataset\BraTS_slice
	train_list:     randP1_slice_nidus_train.list
	val_list:       randP1_slice_nidus_val.list
	img_mode:       t2_t1ce
	lr_scheduler:   warmupMultistep
	max_epoch:      3
	batch_size:     24
	labeled_bs:     20
	labeled_rate:   0.1
	unsup_epoch:    0
	images_rate:    1
	base_lr:        0.006
	step_num_lr:    4
	weight_decay:   0.0004
	optim_name:     adam
	loss_name:      bce
	bce_w:          10.0
	dice_w:         7.0
	consistency:    1.0
	cons_ramp_type: sig_ram
	nce_weight:     3.5
	sur_siml:       dice
	pHead_sur:      set_false
	M2_epoch:       51
	T_epoch:        10
	T_num:          4
	bma_update_pool_num:6
	M2_epoch_all:   0
	m1_alpha:       0.1
	m2_alpha:       0.1
	teach_m2_WP_epoch:3
	start_fusion_epoch:82
	will_eval:      1
	val_3d_interval:4
	Net Name:		CMCNet
	Input Channel:	1
	Classes Num:	1
	Images Shape:	160*160
INFO: valid_dice_m1_3d:0.6211,valid_dice_m2_3d:0.5584
INFO: Epoch:[000/003], Train Loss: 1.2279 , Sup Loss 1.2201, MSE loss: 0.0078, ASC loss: 1.9469 , Val Loss: 1.1935, Train Dice: mode1 0.5580 mode2 0.4261 ,LR: 0.000006
INFO: Epoch:[001/003], Train Loss: 1.1004 , Sup Loss 1.0885, MSE loss: 0.0119, ASC loss: 1.9513 , Val Loss: 1.1145, Train Dice: mode1 0.6658 mode2 0.5954 ,LR: 0.000001
INFO: Epoch:[002/003], Train Loss: 1.0882 , Sup Loss 1.0762, MSE loss: 0.0119, ASC loss: 1.9399 , Val Loss: 1.1174, Train Dice: mode1 0.6876 mode2 0.6042 ,LR: 0.000001
INFO: Model saved !
INFO: Train finished time: 2025-10-17 00:13:57
INFO: Time consuming : 8.71 min in train and test
INFO: set random seed: 1111
INFO: Using device : cuda
	GPU ID is [0],using 1 device
	device name:NVIDIA GeForce RTX 4060 Ti
INFO: ============ Start  train ==============
INFO: Creating total train dataset with 13598 examples
INFO: Creating factual train dataset with 13598 examples
INFO: Creating total val dataset with 3626 examples
INFO: Creating factual val dataset with 3626 examples
INFO: Creating total val_3d dataset with 8060 examples
INFO: Creating factual val_3d dataset with 8060 examples
INFO: Train Data: Labeled data is: <1359>, Total data is: 13598
INFO: Starting training:
	start_time:     2025-10-17 00:23:20
	base_dir:       res-t2_t1ce-Loss_OnlyMSE-0.01_CML_Stage_1_MIA_BraTs-seed-2-CMC-10%_seed_1111
	data_path:      A:\Dat\semi-CML-public\dataset\BraTS_slice
	train_list:     randP1_slice_nidus_train.list
	val_list:       randP1_slice_nidus_val.list
	img_mode:       t2_t1ce
	lr_scheduler:   warmupMultistep
	max_epoch:      81
	batch_size:     24
	labeled_bs:     20
	labeled_rate:   0.1
	unsup_epoch:    0
	images_rate:    1
	base_lr:        0.006
	step_num_lr:    4
	weight_decay:   0.0004
	optim_name:     adam
	loss_name:      bce
	bce_w:          10.0
	dice_w:         7.0
	consistency:    1.0
	cons_ramp_type: sig_ram
	nce_weight:     3.5
	sur_siml:       dice
	pHead_sur:      set_false
	M2_epoch:       51
	T_epoch:        10
	T_num:          4
	bma_update_pool_num:6
	M2_epoch_all:   0
	m1_alpha:       0.1
	m2_alpha:       0.1
	teach_m2_WP_epoch:3
	start_fusion_epoch:82
	will_eval:      True
	val_3d_interval:4
	Net Name:		CMCNet
	Input Channel:	1
	Classes Num:	1
	Images Shape:	160*160
INFO: valid_dice_m1_3d:0.6806,valid_dice_m2_3d:0.5408
INFO: Epoch:[000/081], Train Loss: 1.2376 , Sup Loss 1.2277, MSE loss: 0.0100, ASC loss: 2.0112 , Val Loss: 1.1396, Train Dice: mode1 0.5500 mode2 0.3670 ,LR: 0.001500
INFO: Epoch:[001/081], Train Loss: 1.1163 , Sup Loss 1.0892, MSE loss: 0.0271, ASC loss: 2.0598 , Val Loss: 1.0921, Train Dice: mode1 0.6343 mode2 0.5293 ,LR: 0.002250
INFO: set random seed: 1111
INFO: Using device : cuda
	GPU ID is [0],using 1 device
	device name:NVIDIA GeForce RTX 4060 Ti
INFO: ============ Start  train ==============
INFO: Creating total train dataset with 13598 examples
INFO: Creating factual train dataset with 13598 examples
INFO: Creating total val dataset with 3626 examples
INFO: Creating factual val dataset with 3626 examples
INFO: Creating total val_3d dataset with 8060 examples
INFO: Creating factual val_3d dataset with 8060 examples
INFO: Train Data: Labeled data is: <1359>, Total data is: 13598
INFO: Starting training:
	start_time:     2025-10-17 00:35:55
	base_dir:       res-t2_t1ce-Loss_OnlyMSE-0.01_CML_Stage_1_MIA_BraTs-seed-2-CMC-10%_seed_1111
	data_path:      A:\Dat\semi-CML-public\dataset\BraTS_slice
	train_list:     randP1_slice_nidus_train.list
	val_list:       randP1_slice_nidus_val.list
	img_mode:       t2_t1ce
	lr_scheduler:   warmupMultistep
	max_epoch:      81
	batch_size:     24
	labeled_bs:     20
	labeled_rate:   0.1
	unsup_epoch:    0
	images_rate:    1
	base_lr:        0.006
	step_num_lr:    4
	weight_decay:   0.0004
	optim_name:     adam
	loss_name:      bce
	bce_w:          10.0
	dice_w:         7.0
	consistency:    1.0
	cons_ramp_type: sig_ram
	nce_weight:     3.5
	sur_siml:       dice
	pHead_sur:      set_false
	M2_epoch:       51
	T_epoch:        10
	T_num:          4
	bma_update_pool_num:6
	M2_epoch_all:   0
	m1_alpha:       0.1
	m2_alpha:       0.1
	teach_m2_WP_epoch:3
	start_fusion_epoch:82
	will_eval:      0
	val_3d_interval:4
	Net Name:		CMCNet
	Input Channel:	1
	Classes Num:	1
	Images Shape:	160*160
INFO: Epoch:[000/081], Train Loss: 1.2376 , Sup Loss 1.2277, MSE loss: 0.0100, ASC loss: 2.0112, Train Dice: mode1 0.5500 mode2 0.3670 ,LR: 0.001500
INFO: Epoch:[001/081], Train Loss: 1.1163 , Sup Loss 1.0892, MSE loss: 0.0271, ASC loss: 2.0598, Train Dice: mode1 0.6343 mode2 0.5293 ,LR: 0.002250
INFO: Epoch:[002/081], Train Loss: 1.1124 , Sup Loss 1.0775, MSE loss: 0.0349, ASC loss: 2.0785, Train Dice: mode1 0.6363 mode2 0.5109 ,LR: 0.003000
INFO: Epoch:[003/081], Train Loss: 1.1199 , Sup Loss 1.0839, MSE loss: 0.0360, ASC loss: 2.0967, Train Dice: mode1 0.6303 mode2 0.4955 ,LR: 0.003750
INFO: Epoch:[004/081], Train Loss: 1.1112 , Sup Loss 1.0742, MSE loss: 0.0370, ASC loss: 2.0951, Train Dice: mode1 0.6406 mode2 0.5080 ,LR: 0.004500
INFO: Epoch:[005/081], Train Loss: 1.1150 , Sup Loss 1.0788, MSE loss: 0.0362, ASC loss: 2.1035, Train Dice: mode1 0.6330 mode2 0.5102 ,LR: 0.005250
INFO: Epoch:[006/081], Train Loss: 1.1111 , Sup Loss 1.0744, MSE loss: 0.0367, ASC loss: 2.0977, Train Dice: mode1 0.6381 mode2 0.5065 ,LR: 0.006000
INFO: Epoch:[007/081], Train Loss: 1.0965 , Sup Loss 1.0602, MSE loss: 0.0363, ASC loss: 2.0950, Train Dice: mode1 0.6640 mode2 0.5176 ,LR: 0.006000
INFO: Epoch:[008/081], Train Loss: 1.0874 , Sup Loss 1.0517, MSE loss: 0.0357, ASC loss: 2.0840, Train Dice: mode1 0.6756 mode2 0.5463 ,LR: 0.006000
INFO: Epoch:[009/081], Train Loss: 1.0859 , Sup Loss 1.0501, MSE loss: 0.0358, ASC loss: 2.0802, Train Dice: mode1 0.6736 mode2 0.5734 ,LR: 0.006000
INFO: Epoch:[010/081], Train Loss: 1.0753 , Sup Loss 1.0392, MSE loss: 0.0361, ASC loss: 2.0720, Train Dice: mode1 0.6884 mode2 0.6051 ,LR: 0.006000
INFO: Epoch:[011/081], Train Loss: 1.0617 , Sup Loss 1.0273, MSE loss: 0.0344, ASC loss: 2.0673, Train Dice: mode1 0.7067 mode2 0.6204 ,LR: 0.000600
INFO: Epoch:[012/081], Train Loss: 1.0410 , Sup Loss 1.0065, MSE loss: 0.0346, ASC loss: 2.0492, Train Dice: mode1 0.7353 mode2 0.6599 ,LR: 0.000600
INFO: Epoch:[013/081], Train Loss: 1.0297 , Sup Loss 0.9957, MSE loss: 0.0340, ASC loss: 2.0641, Train Dice: mode1 0.7531 mode2 0.6760 ,LR: 0.000600
INFO: Epoch:[014/081], Train Loss: 1.0218 , Sup Loss 0.9904, MSE loss: 0.0314, ASC loss: 2.0502, Train Dice: mode1 0.7604 mode2 0.6783 ,LR: 0.000600
INFO: Epoch:[015/081], Train Loss: 1.0196 , Sup Loss 0.9882, MSE loss: 0.0314, ASC loss: 2.0646, Train Dice: mode1 0.7601 mode2 0.6725 ,LR: 0.000600
INFO: Epoch:[016/081], Train Loss: 1.0095 , Sup Loss 0.9816, MSE loss: 0.0279, ASC loss: 2.0633, Train Dice: mode1 0.7702 mode2 0.6848 ,LR: 0.000600
INFO: Epoch:[017/081], Train Loss: 1.0122 , Sup Loss 0.9798, MSE loss: 0.0323, ASC loss: 2.0625, Train Dice: mode1 0.7742 mode2 0.6876 ,LR: 0.000600
INFO: Epoch:[018/081], Train Loss: 1.0073 , Sup Loss 0.9789, MSE loss: 0.0284, ASC loss: 2.0485, Train Dice: mode1 0.7765 mode2 0.6944 ,LR: 0.000600
INFO: Epoch:[019/081], Train Loss: 0.9935 , Sup Loss 0.9699, MSE loss: 0.0236, ASC loss: 2.0587, Train Dice: mode1 0.7816 mode2 0.6996 ,LR: 0.000600
INFO: Epoch:[020/081], Train Loss: 0.9968 , Sup Loss 0.9680, MSE loss: 0.0288, ASC loss: 2.0595, Train Dice: mode1 0.7868 mode2 0.6960 ,LR: 0.000600
INFO: Epoch:[021/081], Train Loss: 0.9932 , Sup Loss 0.9677, MSE loss: 0.0255, ASC loss: 2.0535, Train Dice: mode1 0.7892 mode2 0.7039 ,LR: 0.000600
INFO: Epoch:[022/081], Train Loss: 0.9882 , Sup Loss 0.9611, MSE loss: 0.0271, ASC loss: 2.0531, Train Dice: mode1 0.7974 mode2 0.7074 ,LR: 0.000600
INFO: Epoch:[023/081], Train Loss: 0.9957 , Sup Loss 0.9663, MSE loss: 0.0294, ASC loss: 2.0594, Train Dice: mode1 0.7920 mode2 0.7066 ,LR: 0.000600
INFO: Epoch:[024/081], Train Loss: 0.9920 , Sup Loss 0.9646, MSE loss: 0.0274, ASC loss: 2.0473, Train Dice: mode1 0.7899 mode2 0.7046 ,LR: 0.000600
INFO: Epoch:[025/081], Train Loss: 0.9797 , Sup Loss 0.9592, MSE loss: 0.0206, ASC loss: 2.0559, Train Dice: mode1 0.7979 mode2 0.7084 ,LR: 0.000600
INFO: Epoch:[026/081], Train Loss: 0.9818 , Sup Loss 0.9574, MSE loss: 0.0244, ASC loss: 2.0476, Train Dice: mode1 0.8011 mode2 0.7068 ,LR: 0.000600
INFO: Epoch:[027/081], Train Loss: 0.9745 , Sup Loss 0.9539, MSE loss: 0.0206, ASC loss: 2.0502, Train Dice: mode1 0.8018 mode2 0.7066 ,LR: 0.000060
INFO: Epoch:[028/081], Train Loss: 0.9626 , Sup Loss 0.9457, MSE loss: 0.0170, ASC loss: 2.0649, Train Dice: mode1 0.8140 mode2 0.7134 ,LR: 0.000060
INFO: Epoch:[029/081], Train Loss: 0.9541 , Sup Loss 0.9382, MSE loss: 0.0159, ASC loss: 2.0900, Train Dice: mode1 0.8224 mode2 0.7220 ,LR: 0.000060
INFO: Epoch:[030/081], Train Loss: 0.9515 , Sup Loss 0.9366, MSE loss: 0.0149, ASC loss: 2.0752, Train Dice: mode1 0.8250 mode2 0.7200 ,LR: 0.000060
INFO: Epoch:[031/081], Train Loss: 0.9463 , Sup Loss 0.9334, MSE loss: 0.0130, ASC loss: 2.0894, Train Dice: mode1 0.8289 mode2 0.7220 ,LR: 0.000060
INFO: Epoch:[032/081], Train Loss: 0.9446 , Sup Loss 0.9305, MSE loss: 0.0141, ASC loss: 2.0768, Train Dice: mode1 0.8322 mode2 0.7259 ,LR: 0.000060
INFO: Epoch:[033/081], Train Loss: 0.9517 , Sup Loss 0.9352, MSE loss: 0.0165, ASC loss: 2.0502, Train Dice: mode1 0.8303 mode2 0.7183 ,LR: 0.000060
INFO: Epoch:[034/081], Train Loss: 0.9492 , Sup Loss 0.9352, MSE loss: 0.0140, ASC loss: 2.0773, Train Dice: mode1 0.8320 mode2 0.7169 ,LR: 0.000060
INFO: Epoch:[035/081], Train Loss: 0.9497 , Sup Loss 0.9331, MSE loss: 0.0166, ASC loss: 2.0544, Train Dice: mode1 0.8339 mode2 0.7228 ,LR: 0.000060
INFO: Epoch:[036/081], Train Loss: 0.9461 , Sup Loss 0.9321, MSE loss: 0.0139, ASC loss: 2.0560, Train Dice: mode1 0.8341 mode2 0.7256 ,LR: 0.000060
INFO: Epoch:[037/081], Train Loss: 0.9411 , Sup Loss 0.9273, MSE loss: 0.0137, ASC loss: 2.0461, Train Dice: mode1 0.8395 mode2 0.7279 ,LR: 0.000060
INFO: Epoch:[038/081], Train Loss: 0.9387 , Sup Loss 0.9270, MSE loss: 0.0117, ASC loss: 2.0479, Train Dice: mode1 0.8391 mode2 0.7268 ,LR: 0.000060
INFO: Epoch:[039/081], Train Loss: 0.9437 , Sup Loss 0.9311, MSE loss: 0.0126, ASC loss: 2.0512, Train Dice: mode1 0.8413 mode2 0.7250 ,LR: 0.000060
INFO: Epoch:[040/081], Train Loss: 0.9392 , Sup Loss 0.9260, MSE loss: 0.0132, ASC loss: 2.0581, Train Dice: mode1 0.8436 mode2 0.7278 ,LR: 0.000060
INFO: Epoch:[041/081], Train Loss: 0.9403 , Sup Loss 0.9271, MSE loss: 0.0132, ASC loss: 2.0577, Train Dice: mode1 0.8434 mode2 0.7281 ,LR: 0.000060
INFO: Epoch:[042/081], Train Loss: 0.9374 , Sup Loss 0.9256, MSE loss: 0.0117, ASC loss: 2.0598, Train Dice: mode1 0.8450 mode2 0.7299 ,LR: 0.000060
INFO: Epoch:[043/081], Train Loss: 0.9374 , Sup Loss 0.9259, MSE loss: 0.0115, ASC loss: 2.0385, Train Dice: mode1 0.8429 mode2 0.7299 ,LR: 0.000006
INFO: Epoch:[044/081], Train Loss: 0.9314 , Sup Loss 0.9209, MSE loss: 0.0105, ASC loss: 2.0474, Train Dice: mode1 0.8478 mode2 0.7339 ,LR: 0.000006
INFO: Epoch:[045/081], Train Loss: 0.9345 , Sup Loss 0.9221, MSE loss: 0.0124, ASC loss: 2.0477, Train Dice: mode1 0.8481 mode2 0.7280 ,LR: 0.000006
INFO: Epoch:[046/081], Train Loss: 0.9331 , Sup Loss 0.9220, MSE loss: 0.0111, ASC loss: 2.0534, Train Dice: mode1 0.8505 mode2 0.7299 ,LR: 0.000006
INFO: Epoch:[047/081], Train Loss: 0.9355 , Sup Loss 0.9241, MSE loss: 0.0114, ASC loss: 2.0399, Train Dice: mode1 0.8474 mode2 0.7242 ,LR: 0.000006
INFO: Epoch:[048/081], Train Loss: 0.9319 , Sup Loss 0.9207, MSE loss: 0.0112, ASC loss: 2.0421, Train Dice: mode1 0.8506 mode2 0.7288 ,LR: 0.000006
INFO: Epoch:[049/081], Train Loss: 0.9376 , Sup Loss 0.9241, MSE loss: 0.0135, ASC loss: 2.0485, Train Dice: mode1 0.8489 mode2 0.7269 ,LR: 0.000006
INFO: Epoch:[050/081], Train Loss: 0.9303 , Sup Loss 0.9193, MSE loss: 0.0109, ASC loss: 2.0704, Train Dice: mode1 0.8493 mode2 0.7291 ,LR: 0.000006
INFO: Epoch:[051/081], Train Loss: 0.9299 , Sup Loss 0.9174, MSE loss: 0.0125, ASC loss: 2.0568, Train Dice: mode1 0.8528 mode2 0.7325 ,LR: 0.000006
INFO: Epoch:[052/081], Train Loss: 0.9320 , Sup Loss 0.9201, MSE loss: 0.0119, ASC loss: 2.0665, Train Dice: mode1 0.8508 mode2 0.7302 ,LR: 0.000006
INFO: Epoch:[053/081], Train Loss: 0.9356 , Sup Loss 0.9231, MSE loss: 0.0125, ASC loss: 2.0553, Train Dice: mode1 0.8511 mode2 0.7265 ,LR: 0.000006
INFO: Epoch:[054/081], Train Loss: 0.9303 , Sup Loss 0.9189, MSE loss: 0.0114, ASC loss: 2.0652, Train Dice: mode1 0.8513 mode2 0.7320 ,LR: 0.000006
INFO: Epoch:[055/081], Train Loss: 0.9309 , Sup Loss 0.9174, MSE loss: 0.0135, ASC loss: 2.0572, Train Dice: mode1 0.8524 mode2 0.7347 ,LR: 0.000001
INFO: Epoch:[056/081], Train Loss: 0.9282 , Sup Loss 0.9179, MSE loss: 0.0103, ASC loss: 2.0483, Train Dice: mode1 0.8527 mode2 0.7309 ,LR: 0.000001
INFO: Epoch:[057/081], Train Loss: 0.9299 , Sup Loss 0.9214, MSE loss: 0.0086, ASC loss: 2.0453, Train Dice: mode1 0.8510 mode2 0.7301 ,LR: 0.000001
INFO: Epoch:[058/081], Train Loss: 0.9283 , Sup Loss 0.9187, MSE loss: 0.0096, ASC loss: 2.0618, Train Dice: mode1 0.8531 mode2 0.7315 ,LR: 0.000001
INFO: Epoch:[059/081], Train Loss: 0.9319 , Sup Loss 0.9212, MSE loss: 0.0106, ASC loss: 2.0503, Train Dice: mode1 0.8506 mode2 0.7288 ,LR: 0.000001
INFO: Epoch:[060/081], Train Loss: 0.9297 , Sup Loss 0.9190, MSE loss: 0.0107, ASC loss: 2.0506, Train Dice: mode1 0.8517 mode2 0.7314 ,LR: 0.000001
INFO: Epoch:[061/081], Train Loss: 0.9320 , Sup Loss 0.9202, MSE loss: 0.0118, ASC loss: 2.0460, Train Dice: mode1 0.8509 mode2 0.7301 ,LR: 0.000001
INFO: Epoch:[062/081], Train Loss: 0.9343 , Sup Loss 0.9240, MSE loss: 0.0103, ASC loss: 2.0415, Train Dice: mode1 0.8515 mode2 0.7308 ,LR: 0.000001
INFO: Epoch:[063/081], Train Loss: 0.9380 , Sup Loss 0.9233, MSE loss: 0.0147, ASC loss: 2.0354, Train Dice: mode1 0.8496 mode2 0.7295 ,LR: 0.000001
INFO: Epoch:[064/081], Train Loss: 0.9320 , Sup Loss 0.9191, MSE loss: 0.0129, ASC loss: 2.0346, Train Dice: mode1 0.8507 mode2 0.7317 ,LR: 0.000001
INFO: Epoch:[065/081], Train Loss: 0.9322 , Sup Loss 0.9198, MSE loss: 0.0125, ASC loss: 2.0661, Train Dice: mode1 0.8528 mode2 0.7318 ,LR: 0.000001
INFO: Epoch:[066/081], Train Loss: 0.9342 , Sup Loss 0.9239, MSE loss: 0.0103, ASC loss: 2.0631, Train Dice: mode1 0.8511 mode2 0.7255 ,LR: 0.000001
INFO: Epoch:[067/081], Train Loss: 0.9320 , Sup Loss 0.9195, MSE loss: 0.0125, ASC loss: 2.0448, Train Dice: mode1 0.8518 mode2 0.7304 ,LR: 0.000001
INFO: Epoch:[068/081], Train Loss: 0.9307 , Sup Loss 0.9182, MSE loss: 0.0125, ASC loss: 2.0391, Train Dice: mode1 0.8523 mode2 0.7314 ,LR: 0.000001
INFO: Epoch:[069/081], Train Loss: 0.9362 , Sup Loss 0.9248, MSE loss: 0.0114, ASC loss: 2.0509, Train Dice: mode1 0.8507 mode2 0.7320 ,LR: 0.000001
INFO: Epoch:[070/081], Train Loss: 0.9315 , Sup Loss 0.9212, MSE loss: 0.0103, ASC loss: 2.0510, Train Dice: mode1 0.8523 mode2 0.7318 ,LR: 0.000001
INFO: Epoch:[071/081], Train Loss: 0.9335 , Sup Loss 0.9213, MSE loss: 0.0122, ASC loss: 2.0490, Train Dice: mode1 0.8510 mode2 0.7311 ,LR: 0.000001
INFO: Epoch:[072/081], Train Loss: 0.9281 , Sup Loss 0.9183, MSE loss: 0.0098, ASC loss: 2.0476, Train Dice: mode1 0.8512 mode2 0.7301 ,LR: 0.000001
INFO: Epoch:[073/081], Train Loss: 0.9316 , Sup Loss 0.9207, MSE loss: 0.0109, ASC loss: 2.0386, Train Dice: mode1 0.8521 mode2 0.7322 ,LR: 0.000001
INFO: Epoch:[074/081], Train Loss: 0.9301 , Sup Loss 0.9201, MSE loss: 0.0100, ASC loss: 2.0482, Train Dice: mode1 0.8511 mode2 0.7302 ,LR: 0.000001
INFO: Epoch:[075/081], Train Loss: 0.9301 , Sup Loss 0.9196, MSE loss: 0.0105, ASC loss: 2.0384, Train Dice: mode1 0.8506 mode2 0.7312 ,LR: 0.000001
INFO: Epoch:[076/081], Train Loss: 0.9334 , Sup Loss 0.9216, MSE loss: 0.0117, ASC loss: 2.0530, Train Dice: mode1 0.8521 mode2 0.7296 ,LR: 0.000001
INFO: Epoch:[077/081], Train Loss: 0.9320 , Sup Loss 0.9226, MSE loss: 0.0093, ASC loss: 2.0498, Train Dice: mode1 0.8500 mode2 0.7288 ,LR: 0.000001
INFO: Epoch:[078/081], Train Loss: 0.9294 , Sup Loss 0.9202, MSE loss: 0.0092, ASC loss: 2.0580, Train Dice: mode1 0.8526 mode2 0.7296 ,LR: 0.000001
INFO: Epoch:[079/081], Train Loss: 0.9332 , Sup Loss 0.9224, MSE loss: 0.0108, ASC loss: 2.0526, Train Dice: mode1 0.8513 mode2 0.7313 ,LR: 0.000001
INFO: Epoch:[080/081], Train Loss: 0.9300 , Sup Loss 0.9171, MSE loss: 0.0129, ASC loss: 2.0427, Train Dice: mode1 0.8514 mode2 0.7339 ,LR: 0.000001
INFO: Model saved !
