INFO: Loading model ./res-t2_t1ce-BraTs-seed-2-OnlySupCMCNet-10%_seed_1111/model_CMCNet_last.pth
INFO: Model loaded !
INFO: data number:3626
INFO: mean dice mode 1 is 0.5349
INFO: mean dice mode 2 is 0.4354
INFO: 1 Patient BraTS19_TCIA03_199_1's 3d dice mode 1 is 0.8518
INFO: 1 Patient BraTS19_TCIA03_199_1's 3d dice mode 2 is 0.7506
INFO: 2 Patient BraTS19_TCIA06_332_1's 3d dice mode 1 is 0.5574
INFO: 2 Patient BraTS19_TCIA06_332_1's 3d dice mode 2 is 0.4345
INFO: 3 Patient BraTS19_CBICA_AMH_1's 3d dice mode 1 is 0.8650
INFO: 3 Patient BraTS19_CBICA_AMH_1's 3d dice mode 2 is 0.7336
INFO: 4 Patient BraTS19_CBICA_AOP_1's 3d dice mode 1 is 0.4196
INFO: 4 Patient BraTS19_CBICA_AOP_1's 3d dice mode 2 is 0.5204
INFO: 5 Patient BraTS19_CBICA_ATF_1's 3d dice mode 1 is 0.2681
INFO: 5 Patient BraTS19_CBICA_ATF_1's 3d dice mode 2 is 0.1937
INFO: 6 Patient BraTS19_TCIA03_498_1's 3d dice mode 1 is 0.6496
INFO: 6 Patient BraTS19_TCIA03_498_1's 3d dice mode 2 is 0.5914
INFO: 7 Patient BraTS19_2013_18_1's 3d dice mode 1 is 0.7489
INFO: 7 Patient BraTS19_2013_18_1's 3d dice mode 2 is 0.7094
INFO: 8 Patient BraTS19_CBICA_AQR_1's 3d dice mode 1 is 0.7329
INFO: 8 Patient BraTS19_CBICA_AQR_1's 3d dice mode 2 is 0.5100
INFO: 9 Patient BraTS19_CBICA_AQT_1's 3d dice mode 1 is 0.7184
INFO: 9 Patient BraTS19_CBICA_AQT_1's 3d dice mode 2 is 0.5426
INFO: 10 Patient BraTS19_CBICA_AOS_1's 3d dice mode 1 is 0.8508
INFO: 10 Patient BraTS19_CBICA_AOS_1's 3d dice mode 2 is 0.5385
INFO: 11 Patient BraTS19_CBICA_BHZ_1's 3d dice mode 1 is 0.8622
INFO: 11 Patient BraTS19_CBICA_BHZ_1's 3d dice mode 2 is 0.7519
INFO: 12 Patient BraTS19_CBICA_AOH_1's 3d dice mode 1 is 0.2402
INFO: 12 Patient BraTS19_CBICA_AOH_1's 3d dice mode 2 is 0.0010
INFO: 13 Patient BraTS19_CBICA_BGR_1's 3d dice mode 1 is 0.5616
INFO: 13 Patient BraTS19_CBICA_BGR_1's 3d dice mode 2 is 0.7441
INFO: 14 Patient BraTS19_CBICA_AXN_1's 3d dice mode 1 is 0.4806
INFO: 14 Patient BraTS19_CBICA_AXN_1's 3d dice mode 2 is 0.3475
INFO: 15 Patient BraTS19_CBICA_AVJ_1's 3d dice mode 1 is 0.6987
INFO: 15 Patient BraTS19_CBICA_AVJ_1's 3d dice mode 2 is 0.6869
INFO: 16 Patient BraTS19_CBICA_ATB_1's 3d dice mode 1 is 0.5727
INFO: 16 Patient BraTS19_CBICA_ATB_1's 3d dice mode 2 is 0.5452
INFO: 17 Patient BraTS19_CBICA_AZH_1's 3d dice mode 1 is 0.8282
INFO: 17 Patient BraTS19_CBICA_AZH_1's 3d dice mode 2 is 0.8365
INFO: 18 Patient BraTS19_CBICA_AUX_1's 3d dice mode 1 is 0.9032
INFO: 18 Patient BraTS19_CBICA_AUX_1's 3d dice mode 2 is 0.4031
INFO: 19 Patient BraTS19_2013_19_1's 3d dice mode 1 is 0.6276
INFO: 19 Patient BraTS19_2013_19_1's 3d dice mode 2 is 0.2862
INFO: 20 Patient BraTS19_TCIA04_361_1's 3d dice mode 1 is 0.8189
INFO: 20 Patient BraTS19_TCIA04_361_1's 3d dice mode 2 is 0.7410
INFO: 21 Patient BraTS19_TCIA08_234_1's 3d dice mode 1 is 0.7998
INFO: 21 Patient BraTS19_TCIA08_234_1's 3d dice mode 2 is 0.6488
INFO: 22 Patient BraTS19_CBICA_ASA_1's 3d dice mode 1 is 0.6357
INFO: 22 Patient BraTS19_CBICA_ASA_1's 3d dice mode 2 is 0.5279
INFO: 23 Patient BraTS19_CBICA_BFB_1's 3d dice mode 1 is 0.7120
INFO: 23 Patient BraTS19_CBICA_BFB_1's 3d dice mode 2 is 0.5654
INFO: 24 Patient BraTS19_CBICA_AYC_1's 3d dice mode 1 is 0.7333
INFO: 24 Patient BraTS19_CBICA_AYC_1's 3d dice mode 2 is 0.7864
INFO: 25 Patient BraTS19_CBICA_BHK_1's 3d dice mode 1 is 0.2831
INFO: 25 Patient BraTS19_CBICA_BHK_1's 3d dice mode 2 is 0.0565
INFO: 26 Patient BraTS19_CBICA_AVF_1's 3d dice mode 1 is 0.5918
INFO: 26 Patient BraTS19_CBICA_AVF_1's 3d dice mode 2 is 0.5687
INFO: 27 Patient BraTS19_CBICA_BGE_1's 3d dice mode 1 is 0.8117
INFO: 27 Patient BraTS19_CBICA_BGE_1's 3d dice mode 2 is 0.8111
INFO: 28 Patient BraTS19_TCIA04_328_1's 3d dice mode 1 is 0.6400
INFO: 28 Patient BraTS19_TCIA04_328_1's 3d dice mode 2 is 0.1692
INFO: 29 Patient BraTS19_TCIA02_300_1's 3d dice mode 1 is 0.8207
INFO: 29 Patient BraTS19_TCIA02_300_1's 3d dice mode 2 is 0.5919
INFO: 30 Patient BraTS19_TCIA03_121_1's 3d dice mode 1 is 0.7602
INFO: 30 Patient BraTS19_TCIA03_121_1's 3d dice mode 2 is 0.7662
INFO: 31 Patient BraTS19_CBICA_AWG_1's 3d dice mode 1 is 0.8344
INFO: 31 Patient BraTS19_CBICA_AWG_1's 3d dice mode 2 is 0.5051
INFO: 32 Patient BraTS19_TCIA01_401_1's 3d dice mode 1 is 0.7750
INFO: 32 Patient BraTS19_TCIA01_401_1's 3d dice mode 2 is 0.5556
INFO: 33 Patient BraTS19_CBICA_AXQ_1's 3d dice mode 1 is 0.6348
INFO: 33 Patient BraTS19_CBICA_AXQ_1's 3d dice mode 2 is 0.4200
INFO: 34 Patient BraTS19_CBICA_AOC_1's 3d dice mode 1 is 0.7695
INFO: 34 Patient BraTS19_CBICA_AOC_1's 3d dice mode 2 is 0.5310
INFO: 35 Patient BraTS19_TCIA02_151_1's 3d dice mode 1 is 0.8705
INFO: 35 Patient BraTS19_TCIA02_151_1's 3d dice mode 2 is 0.7316
INFO: 36 Patient BraTS19_CBICA_BNR_1's 3d dice mode 1 is 0.6392
INFO: 36 Patient BraTS19_CBICA_BNR_1's 3d dice mode 2 is 0.2128
INFO: 37 Patient BraTS19_2013_21_1's 3d dice mode 1 is 0.8996
INFO: 37 Patient BraTS19_2013_21_1's 3d dice mode 2 is 0.6924
INFO: 38 Patient BraTS19_TCIA08_280_1's 3d dice mode 1 is 0.3922
INFO: 38 Patient BraTS19_TCIA08_280_1's 3d dice mode 2 is 0.6330
INFO: 39 Patient BraTS19_CBICA_AQJ_1's 3d dice mode 1 is 0.7253
INFO: 39 Patient BraTS19_CBICA_AQJ_1's 3d dice mode 2 is 0.6875
INFO: 40 Patient BraTS19_TCIA01_201_1's 3d dice mode 1 is 0.9027
INFO: 40 Patient BraTS19_TCIA01_201_1's 3d dice mode 2 is 0.6431
INFO: 41 Patient BraTS19_CBICA_AQZ_1's 3d dice mode 1 is 0.6174
INFO: 41 Patient BraTS19_CBICA_AQZ_1's 3d dice mode 2 is 0.3934
INFO: 42 Patient BraTS19_CBICA_ASV_1's 3d dice mode 1 is 0.6726
INFO: 42 Patient BraTS19_CBICA_ASV_1's 3d dice mode 2 is 0.6672
INFO: 43 Patient BraTS19_TCIA04_149_1's 3d dice mode 1 is 0.8398
INFO: 43 Patient BraTS19_TCIA04_149_1's 3d dice mode 2 is 0.6551
INFO: 44 Patient BraTS19_TCIA02_117_1's 3d dice mode 1 is 0.5187
INFO: 44 Patient BraTS19_TCIA02_117_1's 3d dice mode 2 is 0.6199
INFO: 45 Patient BraTS19_TCIA03_138_1's 3d dice mode 1 is 0.8101
INFO: 45 Patient BraTS19_TCIA03_138_1's 3d dice mode 2 is 0.7707
INFO: 46 Patient BraTS19_TCIA02_321_1's 3d dice mode 1 is 0.7237
INFO: 46 Patient BraTS19_TCIA02_321_1's 3d dice mode 2 is 0.6784
INFO: 47 Patient BraTS19_TMC_21360_1's 3d dice mode 1 is 0.5484
INFO: 47 Patient BraTS19_TMC_21360_1's 3d dice mode 2 is 0.7546
INFO: 48 Patient BraTS19_TCIA03_375_1's 3d dice mode 1 is 0.8453
INFO: 48 Patient BraTS19_TCIA03_375_1's 3d dice mode 2 is 0.5919
INFO: 49 Patient BraTS19_TCIA02_290_1's 3d dice mode 1 is 0.5904
INFO: 49 Patient BraTS19_TCIA02_290_1's 3d dice mode 2 is 0.7267
INFO: 50 Patient BraTS19_CBICA_AOO_1's 3d dice mode 1 is 0.7737
INFO: 50 Patient BraTS19_CBICA_AOO_1's 3d dice mode 2 is 0.7522
INFO: 51 Patient BraTS19_CBICA_AOZ_1's 3d dice mode 1 is 0.7519
INFO: 51 Patient BraTS19_CBICA_AOZ_1's 3d dice mode 2 is 0.6885
INFO: 52 Patient BraTS19_CBICA_ABO_1's 3d dice mode 1 is 0.4971
INFO: 52 Patient BraTS19_CBICA_ABO_1's 3d dice mode 2 is 0.4870
INFO: =================Mode 1===============
INFO: Mean 3d asd on all patients mode 1: 8.0951 
INFO: Mean 3d hd95 on all patients mode 1: 25.6680 
INFO: Mean 3d ppv on all patients mode 1: 0.8765 
INFO: Mean 3d sen on all patients mode 1: 0.5901 
INFO: Mean 3d dice on all patients mode 1: 0.6861 
INFO: =================Mode 2===============
INFO: Mean 3d asd on all patients mode 2: 10.4099 
INFO: Mean 3d hd95 on all patients mode 2: 29.3648 
INFO: Mean 3d ppv on all patients mode 2: 0.7942 
INFO: Mean 3d sen on all patients mode 2: 0.4759 
INFO: Mean 3d dice on all patients mode 2: 0.5723 
INFO: 3D Dice test time :1.74 min
