INFO: Loading model ./res-t2_t1ce-BraTs-seed-2-CMC-withSigmoid-10%_seed_1111/model_CMCNet_last.pth
INFO: Loading model ./res-t2_t1ce-BraTs-seed-2-CMC-withSigmoid-10%_seed_1111/model_CMCNet_last.pth
INFO: Model loaded !
INFO: Model loaded !
INFO: data number:3626
INFO: data number:3626
INFO: mean dice mode 1 is 0.6337
INFO: mean dice mode 1 is 0.6337
INFO: mean dice mode 2 is 0.6109
INFO: mean dice mode 2 is 0.6109
INFO: 1 Patient BraTS19_TCIA03_199_1's 3d dice mode 1 is 0.8600
INFO: 1 Patient BraTS19_TCIA03_199_1's 3d dice mode 1 is 0.8600
INFO: 1 Patient BraTS19_TCIA03_199_1's 3d dice mode 2 is 0.8482
INFO: 1 Patient BraTS19_TCIA03_199_1's 3d dice mode 2 is 0.8482
INFO: 2 Patient BraTS19_TCIA06_332_1's 3d dice mode 1 is 0.7511
INFO: 2 Patient BraTS19_TCIA06_332_1's 3d dice mode 1 is 0.7511
INFO: 2 Patient BraTS19_TCIA06_332_1's 3d dice mode 2 is 0.7171
INFO: 2 Patient BraTS19_TCIA06_332_1's 3d dice mode 2 is 0.7171
INFO: 3 Patient BraTS19_CBICA_AMH_1's 3d dice mode 1 is 0.8562
INFO: 3 Patient BraTS19_CBICA_AMH_1's 3d dice mode 1 is 0.8562
INFO: 3 Patient BraTS19_CBICA_AMH_1's 3d dice mode 2 is 0.8127
INFO: 3 Patient BraTS19_CBICA_AMH_1's 3d dice mode 2 is 0.8127
INFO: 4 Patient BraTS19_CBICA_AOP_1's 3d dice mode 1 is 0.5369
INFO: 4 Patient BraTS19_CBICA_AOP_1's 3d dice mode 1 is 0.5369
INFO: 4 Patient BraTS19_CBICA_AOP_1's 3d dice mode 2 is 0.5290
INFO: 4 Patient BraTS19_CBICA_AOP_1's 3d dice mode 2 is 0.5290
INFO: 5 Patient BraTS19_CBICA_ATF_1's 3d dice mode 1 is 0.4726
INFO: 5 Patient BraTS19_CBICA_ATF_1's 3d dice mode 1 is 0.4726
INFO: 5 Patient BraTS19_CBICA_ATF_1's 3d dice mode 2 is 0.4589
INFO: 5 Patient BraTS19_CBICA_ATF_1's 3d dice mode 2 is 0.4589
INFO: 6 Patient BraTS19_TCIA03_498_1's 3d dice mode 1 is 0.7322
INFO: 6 Patient BraTS19_TCIA03_498_1's 3d dice mode 1 is 0.7322
INFO: 6 Patient BraTS19_TCIA03_498_1's 3d dice mode 2 is 0.7115
INFO: 6 Patient BraTS19_TCIA03_498_1's 3d dice mode 2 is 0.7115
INFO: 7 Patient BraTS19_2013_18_1's 3d dice mode 1 is 0.8280
INFO: 7 Patient BraTS19_2013_18_1's 3d dice mode 1 is 0.8280
INFO: 7 Patient BraTS19_2013_18_1's 3d dice mode 2 is 0.8192
INFO: 7 Patient BraTS19_2013_18_1's 3d dice mode 2 is 0.8192
INFO: 8 Patient BraTS19_CBICA_AQR_1's 3d dice mode 1 is 0.3505
INFO: 8 Patient BraTS19_CBICA_AQR_1's 3d dice mode 1 is 0.3505
INFO: 8 Patient BraTS19_CBICA_AQR_1's 3d dice mode 2 is 0.3210
INFO: 8 Patient BraTS19_CBICA_AQR_1's 3d dice mode 2 is 0.3210
INFO: 9 Patient BraTS19_CBICA_AQT_1's 3d dice mode 1 is 0.7950
INFO: 9 Patient BraTS19_CBICA_AQT_1's 3d dice mode 1 is 0.7950
INFO: 9 Patient BraTS19_CBICA_AQT_1's 3d dice mode 2 is 0.7911
INFO: 9 Patient BraTS19_CBICA_AQT_1's 3d dice mode 2 is 0.7911
INFO: 10 Patient BraTS19_CBICA_AOS_1's 3d dice mode 1 is 0.8177
INFO: 10 Patient BraTS19_CBICA_AOS_1's 3d dice mode 1 is 0.8177
INFO: 10 Patient BraTS19_CBICA_AOS_1's 3d dice mode 2 is 0.7767
INFO: 10 Patient BraTS19_CBICA_AOS_1's 3d dice mode 2 is 0.7767
INFO: 11 Patient BraTS19_CBICA_BHZ_1's 3d dice mode 1 is 0.8597
INFO: 11 Patient BraTS19_CBICA_BHZ_1's 3d dice mode 1 is 0.8597
INFO: 11 Patient BraTS19_CBICA_BHZ_1's 3d dice mode 2 is 0.8396
INFO: 11 Patient BraTS19_CBICA_BHZ_1's 3d dice mode 2 is 0.8396
INFO: 12 Patient BraTS19_CBICA_AOH_1's 3d dice mode 1 is 0.3732
INFO: 12 Patient BraTS19_CBICA_AOH_1's 3d dice mode 1 is 0.3732
INFO: 12 Patient BraTS19_CBICA_AOH_1's 3d dice mode 2 is 0.3606
INFO: 12 Patient BraTS19_CBICA_AOH_1's 3d dice mode 2 is 0.3606
INFO: 13 Patient BraTS19_CBICA_BGR_1's 3d dice mode 1 is 0.5280
INFO: 13 Patient BraTS19_CBICA_BGR_1's 3d dice mode 1 is 0.5280
INFO: 13 Patient BraTS19_CBICA_BGR_1's 3d dice mode 2 is 0.5019
INFO: 13 Patient BraTS19_CBICA_BGR_1's 3d dice mode 2 is 0.5019
INFO: 14 Patient BraTS19_CBICA_AXN_1's 3d dice mode 1 is 0.4746
INFO: 14 Patient BraTS19_CBICA_AXN_1's 3d dice mode 1 is 0.4746
INFO: 14 Patient BraTS19_CBICA_AXN_1's 3d dice mode 2 is 0.4595
INFO: 14 Patient BraTS19_CBICA_AXN_1's 3d dice mode 2 is 0.4595
INFO: 15 Patient BraTS19_CBICA_AVJ_1's 3d dice mode 1 is 0.7199
INFO: 15 Patient BraTS19_CBICA_AVJ_1's 3d dice mode 1 is 0.7199
INFO: 15 Patient BraTS19_CBICA_AVJ_1's 3d dice mode 2 is 0.6681
INFO: 15 Patient BraTS19_CBICA_AVJ_1's 3d dice mode 2 is 0.6681
INFO: 16 Patient BraTS19_CBICA_ATB_1's 3d dice mode 1 is 0.5591
INFO: 16 Patient BraTS19_CBICA_ATB_1's 3d dice mode 1 is 0.5591
INFO: 16 Patient BraTS19_CBICA_ATB_1's 3d dice mode 2 is 0.5611
INFO: 16 Patient BraTS19_CBICA_ATB_1's 3d dice mode 2 is 0.5611
INFO: 17 Patient BraTS19_CBICA_AZH_1's 3d dice mode 1 is 0.7403
INFO: 17 Patient BraTS19_CBICA_AZH_1's 3d dice mode 1 is 0.7403
INFO: 17 Patient BraTS19_CBICA_AZH_1's 3d dice mode 2 is 0.7261
INFO: 17 Patient BraTS19_CBICA_AZH_1's 3d dice mode 2 is 0.7261
INFO: 18 Patient BraTS19_CBICA_AUX_1's 3d dice mode 1 is 0.8988
INFO: 18 Patient BraTS19_CBICA_AUX_1's 3d dice mode 1 is 0.8988
INFO: 18 Patient BraTS19_CBICA_AUX_1's 3d dice mode 2 is 0.8770
INFO: 18 Patient BraTS19_CBICA_AUX_1's 3d dice mode 2 is 0.8770
INFO: 19 Patient BraTS19_2013_19_1's 3d dice mode 1 is 0.5685
INFO: 19 Patient BraTS19_2013_19_1's 3d dice mode 1 is 0.5685
INFO: 19 Patient BraTS19_2013_19_1's 3d dice mode 2 is 0.5446
INFO: 19 Patient BraTS19_2013_19_1's 3d dice mode 2 is 0.5446
INFO: 20 Patient BraTS19_TCIA04_361_1's 3d dice mode 1 is 0.8675
INFO: 20 Patient BraTS19_TCIA04_361_1's 3d dice mode 1 is 0.8675
INFO: 20 Patient BraTS19_TCIA04_361_1's 3d dice mode 2 is 0.8578
INFO: 20 Patient BraTS19_TCIA04_361_1's 3d dice mode 2 is 0.8578
INFO: 21 Patient BraTS19_TCIA08_234_1's 3d dice mode 1 is 0.8445
INFO: 21 Patient BraTS19_TCIA08_234_1's 3d dice mode 1 is 0.8445
INFO: 21 Patient BraTS19_TCIA08_234_1's 3d dice mode 2 is 0.8106
INFO: 21 Patient BraTS19_TCIA08_234_1's 3d dice mode 2 is 0.8106
INFO: 22 Patient BraTS19_CBICA_ASA_1's 3d dice mode 1 is 0.7282
INFO: 22 Patient BraTS19_CBICA_ASA_1's 3d dice mode 1 is 0.7282
INFO: 22 Patient BraTS19_CBICA_ASA_1's 3d dice mode 2 is 0.7191
INFO: 22 Patient BraTS19_CBICA_ASA_1's 3d dice mode 2 is 0.7191
INFO: 23 Patient BraTS19_CBICA_BFB_1's 3d dice mode 1 is 0.7623
INFO: 23 Patient BraTS19_CBICA_BFB_1's 3d dice mode 1 is 0.7623
INFO: 23 Patient BraTS19_CBICA_BFB_1's 3d dice mode 2 is 0.7415
INFO: 23 Patient BraTS19_CBICA_BFB_1's 3d dice mode 2 is 0.7415
INFO: 24 Patient BraTS19_CBICA_AYC_1's 3d dice mode 1 is 0.8497
INFO: 24 Patient BraTS19_CBICA_AYC_1's 3d dice mode 1 is 0.8497
INFO: 24 Patient BraTS19_CBICA_AYC_1's 3d dice mode 2 is 0.8303
INFO: 24 Patient BraTS19_CBICA_AYC_1's 3d dice mode 2 is 0.8303
INFO: 25 Patient BraTS19_CBICA_BHK_1's 3d dice mode 1 is 0.3478
INFO: 25 Patient BraTS19_CBICA_BHK_1's 3d dice mode 1 is 0.3478
INFO: 25 Patient BraTS19_CBICA_BHK_1's 3d dice mode 2 is 0.2986
INFO: 25 Patient BraTS19_CBICA_BHK_1's 3d dice mode 2 is 0.2986
INFO: 26 Patient BraTS19_CBICA_AVF_1's 3d dice mode 1 is 0.7365
INFO: 26 Patient BraTS19_CBICA_AVF_1's 3d dice mode 1 is 0.7365
INFO: 26 Patient BraTS19_CBICA_AVF_1's 3d dice mode 2 is 0.7251
INFO: 26 Patient BraTS19_CBICA_AVF_1's 3d dice mode 2 is 0.7251
INFO: 27 Patient BraTS19_CBICA_BGE_1's 3d dice mode 1 is 0.8108
INFO: 27 Patient BraTS19_CBICA_BGE_1's 3d dice mode 1 is 0.8108
INFO: 27 Patient BraTS19_CBICA_BGE_1's 3d dice mode 2 is 0.7824
INFO: 27 Patient BraTS19_CBICA_BGE_1's 3d dice mode 2 is 0.7824
INFO: 28 Patient BraTS19_TCIA04_328_1's 3d dice mode 1 is 0.7224
INFO: 28 Patient BraTS19_TCIA04_328_1's 3d dice mode 1 is 0.7224
INFO: 28 Patient BraTS19_TCIA04_328_1's 3d dice mode 2 is 0.6923
INFO: 28 Patient BraTS19_TCIA04_328_1's 3d dice mode 2 is 0.6923
INFO: 29 Patient BraTS19_TCIA02_300_1's 3d dice mode 1 is 0.8285
INFO: 29 Patient BraTS19_TCIA02_300_1's 3d dice mode 1 is 0.8285
INFO: 29 Patient BraTS19_TCIA02_300_1's 3d dice mode 2 is 0.8028
INFO: 29 Patient BraTS19_TCIA02_300_1's 3d dice mode 2 is 0.8028
INFO: 30 Patient BraTS19_TCIA03_121_1's 3d dice mode 1 is 0.8751
INFO: 30 Patient BraTS19_TCIA03_121_1's 3d dice mode 1 is 0.8751
INFO: 30 Patient BraTS19_TCIA03_121_1's 3d dice mode 2 is 0.8620
INFO: 30 Patient BraTS19_TCIA03_121_1's 3d dice mode 2 is 0.8620
INFO: 31 Patient BraTS19_CBICA_AWG_1's 3d dice mode 1 is 0.7398
INFO: 31 Patient BraTS19_CBICA_AWG_1's 3d dice mode 1 is 0.7398
INFO: 31 Patient BraTS19_CBICA_AWG_1's 3d dice mode 2 is 0.7034
INFO: 31 Patient BraTS19_CBICA_AWG_1's 3d dice mode 2 is 0.7034
INFO: 32 Patient BraTS19_TCIA01_401_1's 3d dice mode 1 is 0.8171
INFO: 32 Patient BraTS19_TCIA01_401_1's 3d dice mode 1 is 0.8171
INFO: 32 Patient BraTS19_TCIA01_401_1's 3d dice mode 2 is 0.7870
INFO: 32 Patient BraTS19_TCIA01_401_1's 3d dice mode 2 is 0.7870
INFO: 33 Patient BraTS19_CBICA_AXQ_1's 3d dice mode 1 is 0.5804
INFO: 33 Patient BraTS19_CBICA_AXQ_1's 3d dice mode 1 is 0.5804
INFO: 33 Patient BraTS19_CBICA_AXQ_1's 3d dice mode 2 is 0.5624
INFO: 33 Patient BraTS19_CBICA_AXQ_1's 3d dice mode 2 is 0.5624
INFO: 34 Patient BraTS19_CBICA_AOC_1's 3d dice mode 1 is 0.5739
INFO: 34 Patient BraTS19_CBICA_AOC_1's 3d dice mode 1 is 0.5739
INFO: 34 Patient BraTS19_CBICA_AOC_1's 3d dice mode 2 is 0.5451
INFO: 34 Patient BraTS19_CBICA_AOC_1's 3d dice mode 2 is 0.5451
INFO: 35 Patient BraTS19_TCIA02_151_1's 3d dice mode 1 is 0.8573
INFO: 35 Patient BraTS19_TCIA02_151_1's 3d dice mode 1 is 0.8573
INFO: 35 Patient BraTS19_TCIA02_151_1's 3d dice mode 2 is 0.8155
INFO: 35 Patient BraTS19_TCIA02_151_1's 3d dice mode 2 is 0.8155
INFO: 36 Patient BraTS19_CBICA_BNR_1's 3d dice mode 1 is 0.6292
INFO: 36 Patient BraTS19_CBICA_BNR_1's 3d dice mode 1 is 0.6292
INFO: 36 Patient BraTS19_CBICA_BNR_1's 3d dice mode 2 is 0.5880
INFO: 36 Patient BraTS19_CBICA_BNR_1's 3d dice mode 2 is 0.5880
INFO: 37 Patient BraTS19_2013_21_1's 3d dice mode 1 is 0.8526
INFO: 37 Patient BraTS19_2013_21_1's 3d dice mode 1 is 0.8526
INFO: 37 Patient BraTS19_2013_21_1's 3d dice mode 2 is 0.8455
INFO: 37 Patient BraTS19_2013_21_1's 3d dice mode 2 is 0.8455
INFO: 38 Patient BraTS19_TCIA08_280_1's 3d dice mode 1 is 0.6812
INFO: 38 Patient BraTS19_TCIA08_280_1's 3d dice mode 1 is 0.6812
INFO: 38 Patient BraTS19_TCIA08_280_1's 3d dice mode 2 is 0.6640
INFO: 38 Patient BraTS19_TCIA08_280_1's 3d dice mode 2 is 0.6640
INFO: 39 Patient BraTS19_CBICA_AQJ_1's 3d dice mode 1 is 0.6997
INFO: 39 Patient BraTS19_CBICA_AQJ_1's 3d dice mode 1 is 0.6997
INFO: 39 Patient BraTS19_CBICA_AQJ_1's 3d dice mode 2 is 0.6564
INFO: 39 Patient BraTS19_CBICA_AQJ_1's 3d dice mode 2 is 0.6564
INFO: 40 Patient BraTS19_TCIA01_201_1's 3d dice mode 1 is 0.9179
INFO: 40 Patient BraTS19_TCIA01_201_1's 3d dice mode 1 is 0.9179
INFO: 40 Patient BraTS19_TCIA01_201_1's 3d dice mode 2 is 0.8934
INFO: 40 Patient BraTS19_TCIA01_201_1's 3d dice mode 2 is 0.8934
INFO: 41 Patient BraTS19_CBICA_AQZ_1's 3d dice mode 1 is 0.7977
INFO: 41 Patient BraTS19_CBICA_AQZ_1's 3d dice mode 1 is 0.7977
INFO: 41 Patient BraTS19_CBICA_AQZ_1's 3d dice mode 2 is 0.7759
INFO: 41 Patient BraTS19_CBICA_AQZ_1's 3d dice mode 2 is 0.7759
INFO: 42 Patient BraTS19_CBICA_ASV_1's 3d dice mode 1 is 0.8333
INFO: 42 Patient BraTS19_CBICA_ASV_1's 3d dice mode 1 is 0.8333
INFO: 42 Patient BraTS19_CBICA_ASV_1's 3d dice mode 2 is 0.8255
INFO: 42 Patient BraTS19_CBICA_ASV_1's 3d dice mode 2 is 0.8255
INFO: 43 Patient BraTS19_TCIA04_149_1's 3d dice mode 1 is 0.7695
INFO: 43 Patient BraTS19_TCIA04_149_1's 3d dice mode 1 is 0.7695
INFO: 43 Patient BraTS19_TCIA04_149_1's 3d dice mode 2 is 0.7468
INFO: 43 Patient BraTS19_TCIA04_149_1's 3d dice mode 2 is 0.7468
INFO: 44 Patient BraTS19_TCIA02_117_1's 3d dice mode 1 is 0.7244
INFO: 44 Patient BraTS19_TCIA02_117_1's 3d dice mode 1 is 0.7244
INFO: 44 Patient BraTS19_TCIA02_117_1's 3d dice mode 2 is 0.6975
INFO: 44 Patient BraTS19_TCIA02_117_1's 3d dice mode 2 is 0.6975
INFO: 45 Patient BraTS19_TCIA03_138_1's 3d dice mode 1 is 0.8680
INFO: 45 Patient BraTS19_TCIA03_138_1's 3d dice mode 1 is 0.8680
INFO: 45 Patient BraTS19_TCIA03_138_1's 3d dice mode 2 is 0.8547
INFO: 45 Patient BraTS19_TCIA03_138_1's 3d dice mode 2 is 0.8547
INFO: 46 Patient BraTS19_TCIA02_321_1's 3d dice mode 1 is 0.7827
INFO: 46 Patient BraTS19_TCIA02_321_1's 3d dice mode 1 is 0.7827
INFO: 46 Patient BraTS19_TCIA02_321_1's 3d dice mode 2 is 0.7693
INFO: 46 Patient BraTS19_TCIA02_321_1's 3d dice mode 2 is 0.7693
INFO: 47 Patient BraTS19_TMC_21360_1's 3d dice mode 1 is 0.7703
INFO: 47 Patient BraTS19_TMC_21360_1's 3d dice mode 1 is 0.7703
INFO: 47 Patient BraTS19_TMC_21360_1's 3d dice mode 2 is 0.7608
INFO: 47 Patient BraTS19_TMC_21360_1's 3d dice mode 2 is 0.7608
INFO: 48 Patient BraTS19_TCIA03_375_1's 3d dice mode 1 is 0.7616
INFO: 48 Patient BraTS19_TCIA03_375_1's 3d dice mode 1 is 0.7616
INFO: 48 Patient BraTS19_TCIA03_375_1's 3d dice mode 2 is 0.7416
INFO: 48 Patient BraTS19_TCIA03_375_1's 3d dice mode 2 is 0.7416
INFO: 49 Patient BraTS19_TCIA02_290_1's 3d dice mode 1 is 0.7417
INFO: 49 Patient BraTS19_TCIA02_290_1's 3d dice mode 1 is 0.7417
INFO: 49 Patient BraTS19_TCIA02_290_1's 3d dice mode 2 is 0.7181
INFO: 49 Patient BraTS19_TCIA02_290_1's 3d dice mode 2 is 0.7181
INFO: 50 Patient BraTS19_CBICA_AOO_1's 3d dice mode 1 is 0.7019
INFO: 50 Patient BraTS19_CBICA_AOO_1's 3d dice mode 1 is 0.7019
INFO: 50 Patient BraTS19_CBICA_AOO_1's 3d dice mode 2 is 0.6832
INFO: 50 Patient BraTS19_CBICA_AOO_1's 3d dice mode 2 is 0.6832
INFO: 51 Patient BraTS19_CBICA_AOZ_1's 3d dice mode 1 is 0.7088
INFO: 51 Patient BraTS19_CBICA_AOZ_1's 3d dice mode 1 is 0.7088
INFO: 51 Patient BraTS19_CBICA_AOZ_1's 3d dice mode 2 is 0.6917
INFO: 51 Patient BraTS19_CBICA_AOZ_1's 3d dice mode 2 is 0.6917
INFO: 52 Patient BraTS19_CBICA_ABO_1's 3d dice mode 1 is 0.6876
INFO: 52 Patient BraTS19_CBICA_ABO_1's 3d dice mode 1 is 0.6876
INFO: 52 Patient BraTS19_CBICA_ABO_1's 3d dice mode 2 is 0.6947
INFO: 52 Patient BraTS19_CBICA_ABO_1's 3d dice mode 2 is 0.6947
INFO: =================Mode 1===============
INFO: =================Mode 1===============
INFO: Mean 3d asd on all patients mode 1: 15.1421 
INFO: Mean 3d asd on all patients mode 1: 15.1421 
INFO: Mean 3d hd95 on all patients mode 1: 46.7475 
INFO: Mean 3d hd95 on all patients mode 1: 46.7475 
INFO: Mean 3d ppv on all patients mode 1: 0.6832 
INFO: Mean 3d ppv on all patients mode 1: 0.6832 
INFO: Mean 3d sen on all patients mode 1: 0.8028 
INFO: Mean 3d sen on all patients mode 1: 0.8028 
INFO: Mean 3d dice on all patients mode 1: 0.7229 
INFO: Mean 3d dice on all patients mode 1: 0.7229 
INFO: =================Mode 2===============
INFO: =================Mode 2===============
INFO: Mean 3d asd on all patients mode 2: 15.8218 
INFO: Mean 3d asd on all patients mode 2: 15.8218 
INFO: Mean 3d hd95 on all patients mode 2: 49.5783 
INFO: Mean 3d hd95 on all patients mode 2: 49.5783 
INFO: Mean 3d ppv on all patients mode 2: 0.6484 
INFO: Mean 3d ppv on all patients mode 2: 0.6484 
INFO: Mean 3d sen on all patients mode 2: 0.8035 
INFO: Mean 3d sen on all patients mode 2: 0.8035 
INFO: Mean 3d dice on all patients mode 2: 0.7013 
INFO: Mean 3d dice on all patients mode 2: 0.7013 
INFO: 3D Dice test time :1.83 min
INFO: 3D Dice test time :1.83 min
INFO: Loading model ./res-t2_t1ce-BraTs-seed-2-CMC-withSigmoid-10%_seed_1111/model_CMCNet_last.pth
INFO: Model loaded !
INFO: data number:3626
INFO: mean dice mode 1 is 0.6337
INFO: mean dice mode 2 is 0.6109
INFO: 1 Patient BraTS19_TCIA03_199_1's 3d dice mode 1 is 0.8600
INFO: 1 Patient BraTS19_TCIA03_199_1's 3d dice mode 2 is 0.8482
INFO: 2 Patient BraTS19_TCIA06_332_1's 3d dice mode 1 is 0.7511
INFO: 2 Patient BraTS19_TCIA06_332_1's 3d dice mode 2 is 0.7171
INFO: 3 Patient BraTS19_CBICA_AMH_1's 3d dice mode 1 is 0.8562
INFO: 3 Patient BraTS19_CBICA_AMH_1's 3d dice mode 2 is 0.8127
INFO: 4 Patient BraTS19_CBICA_AOP_1's 3d dice mode 1 is 0.5369
INFO: 4 Patient BraTS19_CBICA_AOP_1's 3d dice mode 2 is 0.5290
INFO: 5 Patient BraTS19_CBICA_ATF_1's 3d dice mode 1 is 0.4726
INFO: 5 Patient BraTS19_CBICA_ATF_1's 3d dice mode 2 is 0.4589
INFO: 6 Patient BraTS19_TCIA03_498_1's 3d dice mode 1 is 0.7322
INFO: 6 Patient BraTS19_TCIA03_498_1's 3d dice mode 2 is 0.7115
INFO: 7 Patient BraTS19_2013_18_1's 3d dice mode 1 is 0.8280
INFO: 7 Patient BraTS19_2013_18_1's 3d dice mode 2 is 0.8192
INFO: 8 Patient BraTS19_CBICA_AQR_1's 3d dice mode 1 is 0.3505
INFO: 8 Patient BraTS19_CBICA_AQR_1's 3d dice mode 2 is 0.3210
INFO: 9 Patient BraTS19_CBICA_AQT_1's 3d dice mode 1 is 0.7950
INFO: 9 Patient BraTS19_CBICA_AQT_1's 3d dice mode 2 is 0.7911
INFO: 10 Patient BraTS19_CBICA_AOS_1's 3d dice mode 1 is 0.8177
INFO: 10 Patient BraTS19_CBICA_AOS_1's 3d dice mode 2 is 0.7767
INFO: 11 Patient BraTS19_CBICA_BHZ_1's 3d dice mode 1 is 0.8597
INFO: 11 Patient BraTS19_CBICA_BHZ_1's 3d dice mode 2 is 0.8396
INFO: 12 Patient BraTS19_CBICA_AOH_1's 3d dice mode 1 is 0.3732
INFO: 12 Patient BraTS19_CBICA_AOH_1's 3d dice mode 2 is 0.3606
INFO: 13 Patient BraTS19_CBICA_BGR_1's 3d dice mode 1 is 0.5280
INFO: 13 Patient BraTS19_CBICA_BGR_1's 3d dice mode 2 is 0.5019
INFO: 14 Patient BraTS19_CBICA_AXN_1's 3d dice mode 1 is 0.4746
INFO: 14 Patient BraTS19_CBICA_AXN_1's 3d dice mode 2 is 0.4595
INFO: 15 Patient BraTS19_CBICA_AVJ_1's 3d dice mode 1 is 0.7199
INFO: 15 Patient BraTS19_CBICA_AVJ_1's 3d dice mode 2 is 0.6681
INFO: 16 Patient BraTS19_CBICA_ATB_1's 3d dice mode 1 is 0.5591
INFO: 16 Patient BraTS19_CBICA_ATB_1's 3d dice mode 2 is 0.5611
INFO: 17 Patient BraTS19_CBICA_AZH_1's 3d dice mode 1 is 0.7403
INFO: 17 Patient BraTS19_CBICA_AZH_1's 3d dice mode 2 is 0.7261
INFO: 18 Patient BraTS19_CBICA_AUX_1's 3d dice mode 1 is 0.8988
INFO: 18 Patient BraTS19_CBICA_AUX_1's 3d dice mode 2 is 0.8770
INFO: 19 Patient BraTS19_2013_19_1's 3d dice mode 1 is 0.5685
INFO: 19 Patient BraTS19_2013_19_1's 3d dice mode 2 is 0.5446
INFO: 20 Patient BraTS19_TCIA04_361_1's 3d dice mode 1 is 0.8675
INFO: 20 Patient BraTS19_TCIA04_361_1's 3d dice mode 2 is 0.8578
INFO: 21 Patient BraTS19_TCIA08_234_1's 3d dice mode 1 is 0.8445
INFO: 21 Patient BraTS19_TCIA08_234_1's 3d dice mode 2 is 0.8106
INFO: 22 Patient BraTS19_CBICA_ASA_1's 3d dice mode 1 is 0.7282
INFO: 22 Patient BraTS19_CBICA_ASA_1's 3d dice mode 2 is 0.7191
INFO: 23 Patient BraTS19_CBICA_BFB_1's 3d dice mode 1 is 0.7623
INFO: 23 Patient BraTS19_CBICA_BFB_1's 3d dice mode 2 is 0.7415
INFO: 24 Patient BraTS19_CBICA_AYC_1's 3d dice mode 1 is 0.8497
INFO: 24 Patient BraTS19_CBICA_AYC_1's 3d dice mode 2 is 0.8303
INFO: 25 Patient BraTS19_CBICA_BHK_1's 3d dice mode 1 is 0.3478
INFO: 25 Patient BraTS19_CBICA_BHK_1's 3d dice mode 2 is 0.2986
INFO: 26 Patient BraTS19_CBICA_AVF_1's 3d dice mode 1 is 0.7365
INFO: 26 Patient BraTS19_CBICA_AVF_1's 3d dice mode 2 is 0.7251
INFO: 27 Patient BraTS19_CBICA_BGE_1's 3d dice mode 1 is 0.8108
INFO: 27 Patient BraTS19_CBICA_BGE_1's 3d dice mode 2 is 0.7824
INFO: 28 Patient BraTS19_TCIA04_328_1's 3d dice mode 1 is 0.7224
INFO: 28 Patient BraTS19_TCIA04_328_1's 3d dice mode 2 is 0.6923
INFO: 29 Patient BraTS19_TCIA02_300_1's 3d dice mode 1 is 0.8285
INFO: 29 Patient BraTS19_TCIA02_300_1's 3d dice mode 2 is 0.8028
INFO: 30 Patient BraTS19_TCIA03_121_1's 3d dice mode 1 is 0.8751
INFO: 30 Patient BraTS19_TCIA03_121_1's 3d dice mode 2 is 0.8620
INFO: 31 Patient BraTS19_CBICA_AWG_1's 3d dice mode 1 is 0.7398
INFO: 31 Patient BraTS19_CBICA_AWG_1's 3d dice mode 2 is 0.7034
INFO: 32 Patient BraTS19_TCIA01_401_1's 3d dice mode 1 is 0.8171
INFO: 32 Patient BraTS19_TCIA01_401_1's 3d dice mode 2 is 0.7870
INFO: 33 Patient BraTS19_CBICA_AXQ_1's 3d dice mode 1 is 0.5804
INFO: 33 Patient BraTS19_CBICA_AXQ_1's 3d dice mode 2 is 0.5624
INFO: 34 Patient BraTS19_CBICA_AOC_1's 3d dice mode 1 is 0.5739
INFO: 34 Patient BraTS19_CBICA_AOC_1's 3d dice mode 2 is 0.5451
INFO: 35 Patient BraTS19_TCIA02_151_1's 3d dice mode 1 is 0.8573
INFO: 35 Patient BraTS19_TCIA02_151_1's 3d dice mode 2 is 0.8155
INFO: 36 Patient BraTS19_CBICA_BNR_1's 3d dice mode 1 is 0.6292
INFO: 36 Patient BraTS19_CBICA_BNR_1's 3d dice mode 2 is 0.5880
INFO: 37 Patient BraTS19_2013_21_1's 3d dice mode 1 is 0.8526
INFO: 37 Patient BraTS19_2013_21_1's 3d dice mode 2 is 0.8455
INFO: 38 Patient BraTS19_TCIA08_280_1's 3d dice mode 1 is 0.6812
INFO: 38 Patient BraTS19_TCIA08_280_1's 3d dice mode 2 is 0.6640
INFO: 39 Patient BraTS19_CBICA_AQJ_1's 3d dice mode 1 is 0.6997
INFO: 39 Patient BraTS19_CBICA_AQJ_1's 3d dice mode 2 is 0.6564
INFO: 40 Patient BraTS19_TCIA01_201_1's 3d dice mode 1 is 0.9179
INFO: 40 Patient BraTS19_TCIA01_201_1's 3d dice mode 2 is 0.8934
INFO: 41 Patient BraTS19_CBICA_AQZ_1's 3d dice mode 1 is 0.7977
INFO: 41 Patient BraTS19_CBICA_AQZ_1's 3d dice mode 2 is 0.7759
INFO: 42 Patient BraTS19_CBICA_ASV_1's 3d dice mode 1 is 0.8333
INFO: 42 Patient BraTS19_CBICA_ASV_1's 3d dice mode 2 is 0.8255
INFO: 43 Patient BraTS19_TCIA04_149_1's 3d dice mode 1 is 0.7695
INFO: 43 Patient BraTS19_TCIA04_149_1's 3d dice mode 2 is 0.7468
INFO: 44 Patient BraTS19_TCIA02_117_1's 3d dice mode 1 is 0.7244
INFO: 44 Patient BraTS19_TCIA02_117_1's 3d dice mode 2 is 0.6975
INFO: 45 Patient BraTS19_TCIA03_138_1's 3d dice mode 1 is 0.8680
INFO: 45 Patient BraTS19_TCIA03_138_1's 3d dice mode 2 is 0.8547
INFO: 46 Patient BraTS19_TCIA02_321_1's 3d dice mode 1 is 0.7827
INFO: 46 Patient BraTS19_TCIA02_321_1's 3d dice mode 2 is 0.7693
INFO: 47 Patient BraTS19_TMC_21360_1's 3d dice mode 1 is 0.7703
INFO: 47 Patient BraTS19_TMC_21360_1's 3d dice mode 2 is 0.7608
INFO: 48 Patient BraTS19_TCIA03_375_1's 3d dice mode 1 is 0.7616
INFO: 48 Patient BraTS19_TCIA03_375_1's 3d dice mode 2 is 0.7416
INFO: 49 Patient BraTS19_TCIA02_290_1's 3d dice mode 1 is 0.7417
INFO: 49 Patient BraTS19_TCIA02_290_1's 3d dice mode 2 is 0.7181
INFO: 50 Patient BraTS19_CBICA_AOO_1's 3d dice mode 1 is 0.7019
INFO: 50 Patient BraTS19_CBICA_AOO_1's 3d dice mode 2 is 0.6832
INFO: 51 Patient BraTS19_CBICA_AOZ_1's 3d dice mode 1 is 0.7088
INFO: 51 Patient BraTS19_CBICA_AOZ_1's 3d dice mode 2 is 0.6917
INFO: 52 Patient BraTS19_CBICA_ABO_1's 3d dice mode 1 is 0.6876
INFO: 52 Patient BraTS19_CBICA_ABO_1's 3d dice mode 2 is 0.6947
INFO: =================Mode 1===============
INFO: Mean 3d asd on all patients mode 1: 15.1421 
INFO: Mean 3d hd95 on all patients mode 1: 46.7475 
INFO: Mean 3d ppv on all patients mode 1: 0.6832 
INFO: Mean 3d sen on all patients mode 1: 0.8028 
INFO: Mean 3d dice on all patients mode 1: 0.7229 
INFO: =================Mode 2===============
INFO: Mean 3d asd on all patients mode 2: 15.8218 
INFO: Mean 3d hd95 on all patients mode 2: 49.5783 
INFO: Mean 3d ppv on all patients mode 2: 0.6484 
INFO: Mean 3d sen on all patients mode 2: 0.8035 
INFO: Mean 3d dice on all patients mode 2: 0.7013 
INFO: 3D Dice test time :1.79 min
