INFO: Loading model ./res-t2_t1ce-BraTs-seed-2-OnlySup-Baseline-10%_seed_1111/model_UNet_last_mode2.pth
INFO: Model loaded !
INFO: data number:3626
INFO: mean dice is 0.4547
INFO: 1 Patient BraTS19_TCIA03_199_1's 3d dice is 0.6503
INFO: 2 Patient BraTS19_TCIA06_332_1's 3d dice is 0.4251
INFO: 3 Patient BraTS19_CBICA_AMH_1's 3d dice is 0.6788
INFO: 4 Patient BraTS19_CBICA_AOP_1's 3d dice is 0.5791
INFO: 5 Patient BraTS19_CBICA_ATF_1's 3d dice is 0.3246
INFO: 6 Patient BraTS19_TCIA03_498_1's 3d dice is 0.5770
INFO: 7 Patient BraTS19_2013_18_1's 3d dice is 0.6440
INFO: 8 Patient BraTS19_CBICA_AQR_1's 3d dice is 0.4682
INFO: 9 Patient BraTS19_CBICA_AQT_1's 3d dice is 0.5752
INFO: 10 Patient BraTS19_CBICA_AOS_1's 3d dice is 0.6309
INFO: 11 Patient BraTS19_CBICA_BHZ_1's 3d dice is 0.7180
INFO: 12 Patient BraTS19_CBICA_AOH_1's 3d dice is 0.0425
INFO: 13 Patient BraTS19_CBICA_BGR_1's 3d dice is 0.7351
INFO: 14 Patient BraTS19_CBICA_AXN_1's 3d dice is 0.2586
INFO: 15 Patient BraTS19_CBICA_AVJ_1's 3d dice is 0.6368
INFO: 16 Patient BraTS19_CBICA_ATB_1's 3d dice is 0.3848
INFO: 17 Patient BraTS19_CBICA_AZH_1's 3d dice is 0.7643
INFO: 18 Patient BraTS19_CBICA_AUX_1's 3d dice is 0.4197
INFO: 19 Patient BraTS19_2013_19_1's 3d dice is 0.4734
INFO: 20 Patient BraTS19_TCIA04_361_1's 3d dice is 0.7939
INFO: 21 Patient BraTS19_TCIA08_234_1's 3d dice is 0.5915
INFO: 22 Patient BraTS19_CBICA_ASA_1's 3d dice is 0.3996
INFO: 23 Patient BraTS19_CBICA_BFB_1's 3d dice is 0.4705
INFO: 24 Patient BraTS19_CBICA_AYC_1's 3d dice is 0.7388
INFO: 25 Patient BraTS19_CBICA_BHK_1's 3d dice is 0.0613
INFO: 26 Patient BraTS19_CBICA_AVF_1's 3d dice is 0.5860
INFO: 27 Patient BraTS19_CBICA_BGE_1's 3d dice is 0.7250
INFO: 28 Patient BraTS19_TCIA04_328_1's 3d dice is 0.0668
INFO: 29 Patient BraTS19_TCIA02_300_1's 3d dice is 0.5858
INFO: 30 Patient BraTS19_TCIA03_121_1's 3d dice is 0.7488
INFO: 31 Patient BraTS19_CBICA_AWG_1's 3d dice is 0.5592
INFO: 32 Patient BraTS19_TCIA01_401_1's 3d dice is 0.6505
INFO: 33 Patient BraTS19_CBICA_AXQ_1's 3d dice is 0.2404
INFO: 34 Patient BraTS19_CBICA_AOC_1's 3d dice is 0.4570
INFO: 35 Patient BraTS19_TCIA02_151_1's 3d dice is 0.6801
INFO: 36 Patient BraTS19_CBICA_BNR_1's 3d dice is 0.2812
INFO: 37 Patient BraTS19_2013_21_1's 3d dice is 0.7872
INFO: 38 Patient BraTS19_TCIA08_280_1's 3d dice is 0.6094
INFO: 39 Patient BraTS19_CBICA_AQJ_1's 3d dice is 0.6744
INFO: 40 Patient BraTS19_TCIA01_201_1's 3d dice is 0.5809
INFO: 41 Patient BraTS19_CBICA_AQZ_1's 3d dice is 0.5667
INFO: 42 Patient BraTS19_CBICA_ASV_1's 3d dice is 0.5572
INFO: 43 Patient BraTS19_TCIA04_149_1's 3d dice is 0.6327
INFO: 44 Patient BraTS19_TCIA02_117_1's 3d dice is 0.5646
INFO: 45 Patient BraTS19_TCIA03_138_1's 3d dice is 0.8010
INFO: 46 Patient BraTS19_TCIA02_321_1's 3d dice is 0.7583
INFO: 47 Patient BraTS19_TMC_21360_1's 3d dice is 0.6899
INFO: 48 Patient BraTS19_TCIA03_375_1's 3d dice is 0.6456
INFO: 49 Patient BraTS19_TCIA02_290_1's 3d dice is 0.6699
INFO: 50 Patient BraTS19_CBICA_AOO_1's 3d dice is 0.6443
INFO: 51 Patient BraTS19_CBICA_AOZ_1's 3d dice is 0.6022
INFO: 52 Patient BraTS19_CBICA_ABO_1's 3d dice is 0.4881
INFO: Mean 3d asd on all patients: 17.9077 
INFO: Mean 3d hd95 on all patients: 51.5799 
INFO: Mean 3d ppv on all patients: 0.6581 
INFO: Mean 3d sen on all patients: 0.5094 
INFO: 3D Dice test time :0.88 min
INFO: Mean 3d dice on all patients:0.5557 
INFO: Loading model ./res-t2_t1ce-BraTs-seed-2-OnlySup-Baseline-10%_seed_1111/model_UNet_last_mode2.pth
INFO: Model loaded !
INFO: data number:3626
INFO: mean dice is 0.4547
INFO: 1 Patient BraTS19_TCIA03_199_1's 3d dice is 0.6503
INFO: 2 Patient BraTS19_TCIA06_332_1's 3d dice is 0.4251
INFO: Loading model ./res-t2_t1ce-BraTs-seed-2-OnlySup-Baseline-10%_seed_1111/model_UNet_last_mode2.pth
INFO: Model loaded !
INFO: data number:3626
INFO: mean dice is 0.4547
INFO: 1 Patient BraTS19_TCIA03_199_1's 3d dice is 0.6503
INFO: 2 Patient BraTS19_TCIA06_332_1's 3d dice is 0.4251
INFO: 3 Patient BraTS19_CBICA_AMH_1's 3d dice is 0.6788
INFO: 4 Patient BraTS19_CBICA_AOP_1's 3d dice is 0.5791
INFO: 5 Patient BraTS19_CBICA_ATF_1's 3d dice is 0.3246
