INFO: set random seed: 1111
INFO: Using device : cuda
	GPU ID is [6],using 1 device
	device name:NVIDIA GeForce RTX 4090
INFO: ============ Start  train ==============
INFO: Creating total train dataset with 13598 examples
INFO: Creating factual train dataset with 13598 examples
INFO: Creating total val dataset with 3626 examples
INFO: Creating factual val dataset with 3626 examples
INFO: Creating total val_3d dataset with 8060 examples
INFO: Creating factual val_3d dataset with 8060 examples
INFO: Train Data: Labeled data is: <1359>, Total data is: 13598
INFO: Starting training:
	start_time:     2025-08-21 23:25:46
	base_dir:       res-t2_t1ce-BraTs-seed-2-OnlySup-Baseline-10%_seed_1111
	data_path:      /mnt/HDD2/dat/med/semi-CML-public/dataset/BraTS_slice
	train_list:     randP1_slice_nidus_train.list
	val_list:       randP1_slice_nidus_val.list
	img_mode:       t2_t1ce
	lr_scheduler:   warmupMultistep
	max_epoch:      81
	batch_size:     24
	labeled_bs:     20
	labeled_rate:   0.1
	unsup_epoch:    0
	images_rate:    1
	base_lr:        0.006
	step_num_lr:    4
	weight_decay:   0.0004
	optim_name:     adam
	loss_name:      bce
	bce_w:          10.0
	dice_w:         7.0
	consistency:    1.0
	cons_ramp_type: sig_ram
	nce_weight:     3.5
	sur_siml:       dice
	pHead_sur:      set_false
	M2_epoch:       51
	T_epoch:        10
	T_num:          4
	bma_update_pool_num:6
	M2_epoch_all:   0
	m1_alpha:       0.1
	m2_alpha:       0.1
	teach_m2_WP_epoch:3
	val_3d_interval:4
	Net Name:		UNet
	Input Channel:	1
	Classes Num:	1
	Images Shape:	160*160
INFO: valid_dice_m1_3d:0.6220,valid_dice_m2_3d:0.4130
INFO: Epoch:[000/081], Train Loss: 1.6131 , Val Loss: 1.5707 ,Train Dice: mode1 0.5052 mode2 0.3458,  Val Dice: mode1 0.4948 mode2 0.3475,LR: 0.001500
INFO: Epoch:[001/081], Train Loss: 1.4371 , Val Loss: 1.4017 ,Train Dice: mode1 0.5569 mode2 0.4075,  Val Dice: mode1 0.5710 mode2 0.3198,LR: 0.002250
INFO: Epoch:[002/081], Train Loss: 1.2811 , Val Loss: 1.3356 ,Train Dice: mode1 0.5537 mode2 0.4191,  Val Dice: mode1 0.3367 mode2 0.4387,LR: 0.003000
INFO: Epoch:[003/081], Train Loss: 1.2118 , Val Loss: 1.3051 ,Train Dice: mode1 0.5652 mode2 0.4467,  Val Dice: mode1 0.5548 mode2 0.3269,LR: 0.003750
INFO: valid_dice_m1_3d:0.4153,valid_dice_m2_3d:0.1901
INFO: Epoch:[004/081], Train Loss: 1.2167 , Val Loss: 1.4574 ,Train Dice: mode1 0.5429 mode2 0.4344,  Val Dice: mode1 0.4070 mode2 0.2323,LR: 0.004500
INFO: Epoch:[005/081], Train Loss: 1.2054 , Val Loss: 1.3353 ,Train Dice: mode1 0.5715 mode2 0.4231,  Val Dice: mode1 0.5830 mode2 0.1416,LR: 0.005250
INFO: Epoch:[006/081], Train Loss: 1.1970 , Val Loss: 1.4568 ,Train Dice: mode1 0.5741 mode2 0.4323,  Val Dice: mode1 0.2880 mode2 0.3032,LR: 0.006000
INFO: Epoch:[007/081], Train Loss: 1.1988 , Val Loss: 1.3044 ,Train Dice: mode1 0.5674 mode2 0.4350,  Val Dice: mode1 0.5162 mode2 0.3075,LR: 0.006000
INFO: valid_dice_m1_3d:0.0334,valid_dice_m2_3d:0.4270
INFO: Epoch:[008/081], Train Loss: 1.1996 , Val Loss: 1.5035 ,Train Dice: mode1 0.5585 mode2 0.4409,  Val Dice: mode1 0.0291 mode2 0.3687,LR: 0.006000
INFO: Epoch:[009/081], Train Loss: 1.1767 , Val Loss: 1.4831 ,Train Dice: mode1 0.5788 mode2 0.4615,  Val Dice: mode1 0.1942 mode2 0.2212,LR: 0.006000
INFO: Epoch:[010/081], Train Loss: 1.1657 , Val Loss: 1.4643 ,Train Dice: mode1 0.5897 mode2 0.4712,  Val Dice: mode1 0.1426 mode2 0.3129,LR: 0.006000
INFO: Epoch:[011/081], Train Loss: 1.1650 , Val Loss: 1.2794 ,Train Dice: mode1 0.6013 mode2 0.4601,  Val Dice: mode1 0.5368 mode2 0.3199,LR: 0.000600
INFO: valid_dice_m1_3d:0.5354,valid_dice_m2_3d:0.5459
INFO: Epoch:[012/081], Train Loss: 1.1140 , Val Loss: 1.2429 ,Train Dice: mode1 0.6399 mode2 0.5162,  Val Dice: mode1 0.4427 mode2 0.4669,LR: 0.000600
INFO: Epoch:[013/081], Train Loss: 1.0878 , Val Loss: 1.2430 ,Train Dice: mode1 0.6539 mode2 0.5504,  Val Dice: mode1 0.5033 mode2 0.3880,LR: 0.000600
INFO: Epoch:[014/081], Train Loss: 1.0737 , Val Loss: 1.2034 ,Train Dice: mode1 0.6624 mode2 0.5669,  Val Dice: mode1 0.4745 mode2 0.4995,LR: 0.000600
INFO: Epoch:[015/081], Train Loss: 1.0726 , Val Loss: 1.1401 ,Train Dice: mode1 0.6609 mode2 0.5714,  Val Dice: mode1 0.6028 mode2 0.4986,LR: 0.000600
INFO: valid_dice_m1_3d:0.5127,valid_dice_m2_3d:0.5547
INFO: Epoch:[016/081], Train Loss: 1.0605 , Val Loss: 1.2567 ,Train Dice: mode1 0.6704 mode2 0.5857,  Val Dice: mode1 0.4297 mode2 0.4486,LR: 0.000600
INFO: Epoch:[017/081], Train Loss: 1.0457 , Val Loss: 1.1771 ,Train Dice: mode1 0.6816 mode2 0.6023,  Val Dice: mode1 0.5472 mode2 0.4753,LR: 0.000600
INFO: Epoch:[018/081], Train Loss: 1.0433 , Val Loss: 1.1552 ,Train Dice: mode1 0.6810 mode2 0.6074,  Val Dice: mode1 0.5768 mode2 0.5057,LR: 0.000600
INFO: Epoch:[019/081], Train Loss: 1.0345 , Val Loss: 1.2396 ,Train Dice: mode1 0.6931 mode2 0.6118,  Val Dice: mode1 0.4839 mode2 0.4163,LR: 0.000600
INFO: valid_dice_m1_3d:0.7049,valid_dice_m2_3d:0.5322
INFO: Epoch:[020/081], Train Loss: 1.0251 , Val Loss: 1.1854 ,Train Dice: mode1 0.6982 mode2 0.6250,  Val Dice: mode1 0.6194 mode2 0.4010,LR: 0.000600
INFO: Epoch:[021/081], Train Loss: 1.0230 , Val Loss: 1.1375 ,Train Dice: mode1 0.7028 mode2 0.6241,  Val Dice: mode1 0.6113 mode2 0.4951,LR: 0.000600
INFO: Epoch:[022/081], Train Loss: 1.0181 , Val Loss: 1.1825 ,Train Dice: mode1 0.7108 mode2 0.6258,  Val Dice: mode1 0.4942 mode2 0.5264,LR: 0.000600
INFO: Epoch:[023/081], Train Loss: 1.0109 , Val Loss: 1.1863 ,Train Dice: mode1 0.7127 mode2 0.6379,  Val Dice: mode1 0.5327 mode2 0.4835,LR: 0.000600
INFO: valid_dice_m1_3d:0.6029,valid_dice_m2_3d:0.5808
INFO: Epoch:[024/081], Train Loss: 1.0012 , Val Loss: 1.2024 ,Train Dice: mode1 0.7249 mode2 0.6440,  Val Dice: mode1 0.4998 mode2 0.4856,LR: 0.000600
INFO: Epoch:[025/081], Train Loss: 0.9980 , Val Loss: 1.2135 ,Train Dice: mode1 0.7239 mode2 0.6511,  Val Dice: mode1 0.5476 mode2 0.4012,LR: 0.000600
INFO: Epoch:[026/081], Train Loss: 0.9865 , Val Loss: 1.1466 ,Train Dice: mode1 0.7376 mode2 0.6603,  Val Dice: mode1 0.6014 mode2 0.4929,LR: 0.000600
INFO: Epoch:[027/081], Train Loss: 0.9885 , Val Loss: 1.1305 ,Train Dice: mode1 0.7337 mode2 0.6593,  Val Dice: mode1 0.6130 mode2 0.5036,LR: 0.000060
INFO: valid_dice_m1_3d:0.6580,valid_dice_m2_3d:0.5730
INFO: Epoch:[028/081], Train Loss: 0.9756 , Val Loss: 1.1819 ,Train Dice: mode1 0.7445 mode2 0.6727,  Val Dice: mode1 0.5473 mode2 0.4798,LR: 0.000060
INFO: Epoch:[029/081], Train Loss: 0.9641 , Val Loss: 1.1717 ,Train Dice: mode1 0.7547 mode2 0.6849,  Val Dice: mode1 0.5563 mode2 0.4774,LR: 0.000060
INFO: Epoch:[030/081], Train Loss: 0.9617 , Val Loss: 1.1742 ,Train Dice: mode1 0.7600 mode2 0.6843,  Val Dice: mode1 0.5500 mode2 0.4806,LR: 0.000060
INFO: Epoch:[031/081], Train Loss: 0.9583 , Val Loss: 1.1672 ,Train Dice: mode1 0.7611 mode2 0.6899,  Val Dice: mode1 0.5581 mode2 0.4859,LR: 0.000060
INFO: valid_dice_m1_3d:0.6745,valid_dice_m2_3d:0.5590
INFO: Epoch:[032/081], Train Loss: 0.9566 , Val Loss: 1.1739 ,Train Dice: mode1 0.7626 mode2 0.6920,  Val Dice: mode1 0.5660 mode2 0.4775,LR: 0.000060
INFO: Epoch:[033/081], Train Loss: 0.9576 , Val Loss: 1.1569 ,Train Dice: mode1 0.7611 mode2 0.6917,  Val Dice: mode1 0.5798 mode2 0.4846,LR: 0.000060
INFO: Epoch:[034/081], Train Loss: 0.9548 , Val Loss: 1.1529 ,Train Dice: mode1 0.7645 mode2 0.6930,  Val Dice: mode1 0.5827 mode2 0.4899,LR: 0.000060
INFO: Epoch:[035/081], Train Loss: 0.9543 , Val Loss: 1.1726 ,Train Dice: mode1 0.7655 mode2 0.6937,  Val Dice: mode1 0.5632 mode2 0.4686,LR: 0.000060
INFO: valid_dice_m1_3d:0.6917,valid_dice_m2_3d:0.5664
INFO: Epoch:[036/081], Train Loss: 0.9542 , Val Loss: 1.1721 ,Train Dice: mode1 0.7643 mode2 0.6948,  Val Dice: mode1 0.5756 mode2 0.4716,LR: 0.000060
INFO: Epoch:[037/081], Train Loss: 0.9474 , Val Loss: 1.1693 ,Train Dice: mode1 0.7708 mode2 0.7019,  Val Dice: mode1 0.5700 mode2 0.4698,LR: 0.000060
INFO: Epoch:[038/081], Train Loss: 0.9473 , Val Loss: 1.1748 ,Train Dice: mode1 0.7700 mode2 0.7026,  Val Dice: mode1 0.5686 mode2 0.4597,LR: 0.000060
INFO: Epoch:[039/081], Train Loss: 0.9481 , Val Loss: 1.1741 ,Train Dice: mode1 0.7693 mode2 0.7022,  Val Dice: mode1 0.5669 mode2 0.4625,LR: 0.000060
INFO: valid_dice_m1_3d:0.6877,valid_dice_m2_3d:0.5681
INFO: Epoch:[040/081], Train Loss: 0.9468 , Val Loss: 1.1766 ,Train Dice: mode1 0.7703 mode2 0.7035,  Val Dice: mode1 0.5672 mode2 0.4703,LR: 0.000060
INFO: Epoch:[041/081], Train Loss: 0.9476 , Val Loss: 1.1672 ,Train Dice: mode1 0.7692 mode2 0.7036,  Val Dice: mode1 0.5750 mode2 0.4684,LR: 0.000060
INFO: Epoch:[042/081], Train Loss: 0.9448 , Val Loss: 1.1734 ,Train Dice: mode1 0.7713 mode2 0.7059,  Val Dice: mode1 0.5644 mode2 0.4662,LR: 0.000060
INFO: Epoch:[043/081], Train Loss: 0.9446 , Val Loss: 1.1691 ,Train Dice: mode1 0.7725 mode2 0.7065,  Val Dice: mode1 0.5785 mode2 0.4611,LR: 0.000006
INFO: valid_dice_m1_3d:0.6773,valid_dice_m2_3d:0.5544
INFO: Epoch:[044/081], Train Loss: 0.9399 , Val Loss: 1.1864 ,Train Dice: mode1 0.7751 mode2 0.7121,  Val Dice: mode1 0.5611 mode2 0.4565,LR: 0.000006
INFO: Epoch:[045/081], Train Loss: 0.9442 , Val Loss: 1.1736 ,Train Dice: mode1 0.7715 mode2 0.7074,  Val Dice: mode1 0.5694 mode2 0.4607,LR: 0.000006
INFO: Epoch:[046/081], Train Loss: 0.9388 , Val Loss: 1.1667 ,Train Dice: mode1 0.7758 mode2 0.7135,  Val Dice: mode1 0.5755 mode2 0.4689,LR: 0.000006
INFO: Epoch:[047/081], Train Loss: 0.9402 , Val Loss: 1.1786 ,Train Dice: mode1 0.7768 mode2 0.7101,  Val Dice: mode1 0.5620 mode2 0.4580,LR: 0.000006
INFO: valid_dice_m1_3d:0.6870,valid_dice_m2_3d:0.5610
INFO: Epoch:[048/081], Train Loss: 0.9379 , Val Loss: 1.1787 ,Train Dice: mode1 0.7772 mode2 0.7139,  Val Dice: mode1 0.5694 mode2 0.4649,LR: 0.000006
INFO: Epoch:[049/081], Train Loss: 0.9402 , Val Loss: 1.1663 ,Train Dice: mode1 0.7758 mode2 0.7112,  Val Dice: mode1 0.5802 mode2 0.4650,LR: 0.000006
INFO: Epoch:[050/081], Train Loss: 0.9387 , Val Loss: 1.1806 ,Train Dice: mode1 0.7771 mode2 0.7127,  Val Dice: mode1 0.5613 mode2 0.4546,LR: 0.000006
INFO: Epoch:[051/081], Train Loss: 0.9374 , Val Loss: 1.1734 ,Train Dice: mode1 0.7777 mode2 0.7146,  Val Dice: mode1 0.5690 mode2 0.4620,LR: 0.000006
INFO: valid_dice_m1_3d:0.6787,valid_dice_m2_3d:0.5542
INFO: Epoch:[052/081], Train Loss: 0.9370 , Val Loss: 1.1885 ,Train Dice: mode1 0.7786 mode2 0.7143,  Val Dice: mode1 0.5616 mode2 0.4521,LR: 0.000006
INFO: Epoch:[053/081], Train Loss: 0.9395 , Val Loss: 1.1743 ,Train Dice: mode1 0.7757 mode2 0.7123,  Val Dice: mode1 0.5729 mode2 0.4561,LR: 0.000006
INFO: Epoch:[054/081], Train Loss: 0.9372 , Val Loss: 1.1702 ,Train Dice: mode1 0.7772 mode2 0.7155,  Val Dice: mode1 0.5738 mode2 0.4639,LR: 0.000006
INFO: Epoch:[055/081], Train Loss: 0.9393 , Val Loss: 1.1804 ,Train Dice: mode1 0.7755 mode2 0.7130,  Val Dice: mode1 0.5585 mode2 0.4581,LR: 0.000001
INFO: valid_dice_m1_3d:0.6858,valid_dice_m2_3d:0.5574
INFO: Epoch:[056/081], Train Loss: 0.9373 , Val Loss: 1.1786 ,Train Dice: mode1 0.7782 mode2 0.7143,  Val Dice: mode1 0.5726 mode2 0.4612,LR: 0.000001
INFO: Epoch:[057/081], Train Loss: 0.9372 , Val Loss: 1.1695 ,Train Dice: mode1 0.7790 mode2 0.7139,  Val Dice: mode1 0.5757 mode2 0.4633,LR: 0.000001
INFO: Epoch:[058/081], Train Loss: 0.9377 , Val Loss: 1.1736 ,Train Dice: mode1 0.7786 mode2 0.7137,  Val Dice: mode1 0.5682 mode2 0.4623,LR: 0.000001
INFO: Epoch:[059/081], Train Loss: 0.9390 , Val Loss: 1.1845 ,Train Dice: mode1 0.7756 mode2 0.7136,  Val Dice: mode1 0.5581 mode2 0.4499,LR: 0.000001
INFO: valid_dice_m1_3d:0.6806,valid_dice_m2_3d:0.5590
INFO: Epoch:[060/081], Train Loss: 0.9392 , Val Loss: 1.1846 ,Train Dice: mode1 0.7760 mode2 0.7131,  Val Dice: mode1 0.5641 mode2 0.4578,LR: 0.000001
INFO: Epoch:[061/081], Train Loss: 0.9368 , Val Loss: 1.1715 ,Train Dice: mode1 0.7784 mode2 0.7148,  Val Dice: mode1 0.5732 mode2 0.4615,LR: 0.000001
INFO: Epoch:[062/081], Train Loss: 0.9379 , Val Loss: 1.1741 ,Train Dice: mode1 0.7776 mode2 0.7138,  Val Dice: mode1 0.5690 mode2 0.4604,LR: 0.000001
INFO: Epoch:[063/081], Train Loss: 0.9391 , Val Loss: 1.1730 ,Train Dice: mode1 0.7765 mode2 0.7125,  Val Dice: mode1 0.5688 mode2 0.4627,LR: 0.000001
INFO: valid_dice_m1_3d:0.6924,valid_dice_m2_3d:0.5584
INFO: Epoch:[064/081], Train Loss: 0.9397 , Val Loss: 1.1743 ,Train Dice: mode1 0.7758 mode2 0.7125,  Val Dice: mode1 0.5777 mode2 0.4651,LR: 0.000001
INFO: Epoch:[065/081], Train Loss: 0.9380 , Val Loss: 1.1769 ,Train Dice: mode1 0.7762 mode2 0.7146,  Val Dice: mode1 0.5693 mode2 0.4545,LR: 0.000001
INFO: Epoch:[066/081], Train Loss: 0.9410 , Val Loss: 1.1757 ,Train Dice: mode1 0.7759 mode2 0.7098,  Val Dice: mode1 0.5683 mode2 0.4578,LR: 0.000001
INFO: Epoch:[067/081], Train Loss: 0.9375 , Val Loss: 1.1668 ,Train Dice: mode1 0.7785 mode2 0.7140,  Val Dice: mode1 0.5791 mode2 0.4655,LR: 0.000001
INFO: valid_dice_m1_3d:0.6828,valid_dice_m2_3d:0.5593
INFO: Epoch:[068/081], Train Loss: 0.9370 , Val Loss: 1.1835 ,Train Dice: mode1 0.7779 mode2 0.7151,  Val Dice: mode1 0.5648 mode2 0.4588,LR: 0.000001
INFO: Epoch:[069/081], Train Loss: 0.9381 , Val Loss: 1.1779 ,Train Dice: mode1 0.7776 mode2 0.7135,  Val Dice: mode1 0.5672 mode2 0.4544,LR: 0.000001
INFO: Epoch:[070/081], Train Loss: 0.9357 , Val Loss: 1.1790 ,Train Dice: mode1 0.7804 mode2 0.7154,  Val Dice: mode1 0.5646 mode2 0.4546,LR: 0.000001
INFO: Epoch:[071/081], Train Loss: 0.9394 , Val Loss: 1.1825 ,Train Dice: mode1 0.7759 mode2 0.7128,  Val Dice: mode1 0.5564 mode2 0.4560,LR: 0.000001
INFO: valid_dice_m1_3d:0.6829,valid_dice_m2_3d:0.5592
INFO: Epoch:[072/081], Train Loss: 0.9384 , Val Loss: 1.1821 ,Train Dice: mode1 0.7764 mode2 0.7140,  Val Dice: mode1 0.5672 mode2 0.4596,LR: 0.000001
INFO: Epoch:[073/081], Train Loss: 0.9374 , Val Loss: 1.1786 ,Train Dice: mode1 0.7780 mode2 0.7141,  Val Dice: mode1 0.5601 mode2 0.4600,LR: 0.000001
INFO: Epoch:[074/081], Train Loss: 0.9381 , Val Loss: 1.1734 ,Train Dice: mode1 0.7772 mode2 0.7142,  Val Dice: mode1 0.5682 mode2 0.4627,LR: 0.000001
INFO: Epoch:[075/081], Train Loss: 0.9390 , Val Loss: 1.1658 ,Train Dice: mode1 0.7756 mode2 0.7135,  Val Dice: mode1 0.5797 mode2 0.4665,LR: 0.000001
INFO: valid_dice_m1_3d:0.6843,valid_dice_m2_3d:0.5566
INFO: Epoch:[076/081], Train Loss: 0.9387 , Val Loss: 1.1813 ,Train Dice: mode1 0.7772 mode2 0.7126,  Val Dice: mode1 0.5674 mode2 0.4614,LR: 0.000001
INFO: Epoch:[077/081], Train Loss: 0.9407 , Val Loss: 1.1831 ,Train Dice: mode1 0.7744 mode2 0.7113,  Val Dice: mode1 0.5601 mode2 0.4508,LR: 0.000001
INFO: Epoch:[078/081], Train Loss: 0.9375 , Val Loss: 1.1725 ,Train Dice: mode1 0.7768 mode2 0.7156,  Val Dice: mode1 0.5705 mode2 0.4623,LR: 0.000001
INFO: Epoch:[079/081], Train Loss: 0.9380 , Val Loss: 1.1707 ,Train Dice: mode1 0.7777 mode2 0.7135,  Val Dice: mode1 0.5741 mode2 0.4623,LR: 0.000001
INFO: valid_dice_m1_3d:0.6788,valid_dice_m2_3d:0.5557
INFO: Epoch:[080/081], Train Loss: 0.9383 , Val Loss: 1.1868 ,Train Dice: mode1 0.7769 mode2 0.7140,  Val Dice: mode1 0.5623 mode2 0.4547,LR: 0.000001
INFO: Model saved !
INFO: Train finished time: 2025-08-21 23:41:40
INFO: Time consuming : 15.90 min in train and test
INFO: set random seed: 1111
INFO: Using device : cuda
	GPU ID is [6],using 1 device
	device name:NVIDIA GeForce RTX 4090
INFO: ============ Start  train ==============
INFO: Creating total train dataset with 13598 examples
INFO: Creating factual train dataset with 13598 examples
INFO: Creating total val dataset with 3626 examples
INFO: Creating factual val dataset with 3626 examples
INFO: Creating total val_3d dataset with 8060 examples
INFO: Creating factual val_3d dataset with 8060 examples
INFO: Train Data: Labeled data is: <1359>, Total data is: 13598
INFO: Starting training:
	start_time:     2025-08-22 21:33:54
	base_dir:       res-t2_t1ce-BraTs-seed-2-OnlySup-UNet-10%_seed_1111
	data_path:      /mnt/HDD2/dat/med/semi-CML-public/dataset/BraTS_slice
	train_list:     randP1_slice_nidus_train.list
	val_list:       randP1_slice_nidus_val.list
	img_mode:       t2_t1ce
	lr_scheduler:   warmupMultistep
	max_epoch:      81
	batch_size:     24
	labeled_bs:     20
	labeled_rate:   0.1
	unsup_epoch:    0
	images_rate:    1
	base_lr:        0.006
	step_num_lr:    4
	weight_decay:   0.0004
	optim_name:     adam
	loss_name:      bce
	bce_w:          10.0
	dice_w:         7.0
	consistency:    1.0
	cons_ramp_type: sig_ram
	nce_weight:     3.5
	sur_siml:       dice
	pHead_sur:      set_false
	M2_epoch:       51
	T_epoch:        10
	T_num:          4
	bma_update_pool_num:6
	M2_epoch_all:   0
	m1_alpha:       0.1
	m2_alpha:       0.1
	teach_m2_WP_epoch:3
	val_3d_interval:4
	Net Name:		UNet
	Input Channel:	1
	Classes Num:	1
	Images Shape:	160*160
INFO: valid_dice_m1_3d:0.5971,valid_dice_m2_3d:0.4248
INFO: Epoch:[000/081], Train Loss: 1.6154 , Val Loss: 1.5430 ,Train Dice: mode1 0.4930 mode2 0.3438,  Val Dice: mode1 0.5844 mode2 0.4103,LR: 0.001500
INFO: Epoch:[001/081], Train Loss: 1.4353 , Val Loss: 1.4607 ,Train Dice: mode1 0.5471 mode2 0.4177,  Val Dice: mode1 0.5283 mode2 0.2587,LR: 0.002250
INFO: Epoch:[002/081], Train Loss: 1.2833 , Val Loss: 1.4279 ,Train Dice: mode1 0.5366 mode2 0.4297,  Val Dice: mode1 0.2421 mode2 0.3853,LR: 0.003000
INFO: Epoch:[003/081], Train Loss: 1.2315 , Val Loss: 1.4567 ,Train Dice: mode1 0.5567 mode2 0.4138,  Val Dice: mode1 0.0388 mode2 0.4420,LR: 0.003750
INFO: valid_dice_m1_3d:0.6229,valid_dice_m2_3d:0.2197
INFO: Epoch:[004/081], Train Loss: 1.2152 , Val Loss: 1.3483 ,Train Dice: mode1 0.5568 mode2 0.4275,  Val Dice: mode1 0.5775 mode2 0.2720,LR: 0.004500
INFO: Epoch:[005/081], Train Loss: 1.2026 , Val Loss: 1.3626 ,Train Dice: mode1 0.5644 mode2 0.4324,  Val Dice: mode1 0.4603 mode2 0.2809,LR: 0.005250
INFO: Epoch:[006/081], Train Loss: 1.2040 , Val Loss: 1.3953 ,Train Dice: mode1 0.5795 mode2 0.4154,  Val Dice: mode1 0.3035 mode2 0.3458,LR: 0.006000
INFO: Epoch:[007/081], Train Loss: 1.2114 , Val Loss: 1.4531 ,Train Dice: mode1 0.5709 mode2 0.4091,  Val Dice: mode1 0.4574 mode2 0.0657,LR: 0.006000
INFO: valid_dice_m1_3d:0.5568,valid_dice_m2_3d:0.2207
INFO: Epoch:[008/081], Train Loss: 1.2008 , Val Loss: 1.3918 ,Train Dice: mode1 0.5656 mode2 0.4311,  Val Dice: mode1 0.4501 mode2 0.2783,LR: 0.006000
INFO: Epoch:[009/081], Train Loss: 1.1816 , Val Loss: 1.3383 ,Train Dice: mode1 0.5860 mode2 0.4472,  Val Dice: mode1 0.3565 mode2 0.3498,LR: 0.006000
INFO: Epoch:[010/081], Train Loss: 1.1654 , Val Loss: 1.3641 ,Train Dice: mode1 0.5848 mode2 0.4772,  Val Dice: mode1 0.3336 mode2 0.3649,LR: 0.006000
INFO: Epoch:[011/081], Train Loss: 1.1441 , Val Loss: 1.5801 ,Train Dice: mode1 0.6184 mode2 0.4830,  Val Dice: mode1 0.0811 mode2 0.1430,LR: 0.000600
INFO: valid_dice_m1_3d:0.5490,valid_dice_m2_3d:0.5249
INFO: Epoch:[012/081], Train Loss: 1.0926 , Val Loss: 1.2498 ,Train Dice: mode1 0.6530 mode2 0.5424,  Val Dice: mode1 0.4519 mode2 0.4438,LR: 0.000600
INFO: Epoch:[013/081], Train Loss: 1.0712 , Val Loss: 1.1989 ,Train Dice: mode1 0.6709 mode2 0.5646,  Val Dice: mode1 0.5550 mode2 0.4243,LR: 0.000600
INFO: Epoch:[014/081], Train Loss: 1.0582 , Val Loss: 1.1769 ,Train Dice: mode1 0.6792 mode2 0.5803,  Val Dice: mode1 0.5632 mode2 0.4607,LR: 0.000600
INFO: Epoch:[015/081], Train Loss: 1.0530 , Val Loss: 1.1536 ,Train Dice: mode1 0.6830 mode2 0.5870,  Val Dice: mode1 0.6034 mode2 0.4706,LR: 0.000600
INFO: valid_dice_m1_3d:0.6309,valid_dice_m2_3d:0.5268
INFO: Epoch:[016/081], Train Loss: 1.0448 , Val Loss: 1.2008 ,Train Dice: mode1 0.6879 mode2 0.5981,  Val Dice: mode1 0.5158 mode2 0.4831,LR: 0.000600
INFO: Epoch:[017/081], Train Loss: 1.0324 , Val Loss: 1.1621 ,Train Dice: mode1 0.7002 mode2 0.6093,  Val Dice: mode1 0.5836 mode2 0.4697,LR: 0.000600
INFO: Epoch:[018/081], Train Loss: 1.0263 , Val Loss: 1.1606 ,Train Dice: mode1 0.7069 mode2 0.6148,  Val Dice: mode1 0.6009 mode2 0.4603,LR: 0.000600
INFO: Epoch:[019/081], Train Loss: 1.0200 , Val Loss: 1.2084 ,Train Dice: mode1 0.7098 mode2 0.6231,  Val Dice: mode1 0.5357 mode2 0.4248,LR: 0.000600
INFO: valid_dice_m1_3d:0.6914,valid_dice_m2_3d:0.5320
INFO: Epoch:[020/081], Train Loss: 1.0209 , Val Loss: 1.1761 ,Train Dice: mode1 0.7023 mode2 0.6293,  Val Dice: mode1 0.5704 mode2 0.4739,LR: 0.000600
INFO: Epoch:[021/081], Train Loss: 1.0128 , Val Loss: 1.2070 ,Train Dice: mode1 0.7168 mode2 0.6303,  Val Dice: mode1 0.4836 mode2 0.4838,LR: 0.000600
INFO: Epoch:[022/081], Train Loss: 1.0066 , Val Loss: 1.1633 ,Train Dice: mode1 0.7199 mode2 0.6388,  Val Dice: mode1 0.6033 mode2 0.4470,LR: 0.000600
INFO: Epoch:[023/081], Train Loss: 1.0036 , Val Loss: 1.1645 ,Train Dice: mode1 0.7246 mode2 0.6403,  Val Dice: mode1 0.6068 mode2 0.4419,LR: 0.000600
INFO: valid_dice_m1_3d:0.5972,valid_dice_m2_3d:0.5632
INFO: Epoch:[024/081], Train Loss: 1.0047 , Val Loss: 1.2181 ,Train Dice: mode1 0.7187 mode2 0.6438,  Val Dice: mode1 0.4845 mode2 0.4718,LR: 0.000600
INFO: Epoch:[025/081], Train Loss: 0.9942 , Val Loss: 1.1760 ,Train Dice: mode1 0.7254 mode2 0.6569,  Val Dice: mode1 0.5233 mode2 0.5079,LR: 0.000600
INFO: Epoch:[026/081], Train Loss: 0.9883 , Val Loss: 1.1660 ,Train Dice: mode1 0.7376 mode2 0.6565,  Val Dice: mode1 0.5745 mode2 0.4711,LR: 0.000600
INFO: Epoch:[027/081], Train Loss: 0.9799 , Val Loss: 1.1438 ,Train Dice: mode1 0.7414 mode2 0.6685,  Val Dice: mode1 0.5948 mode2 0.4998,LR: 0.000060
INFO: valid_dice_m1_3d:0.6639,valid_dice_m2_3d:0.5590
INFO: Epoch:[028/081], Train Loss: 0.9700 , Val Loss: 1.1842 ,Train Dice: mode1 0.7493 mode2 0.6789,  Val Dice: mode1 0.5545 mode2 0.4708,LR: 0.000060
INFO: Epoch:[029/081], Train Loss: 0.9622 , Val Loss: 1.1802 ,Train Dice: mode1 0.7548 mode2 0.6889,  Val Dice: mode1 0.5507 mode2 0.4658,LR: 0.000060
INFO: Epoch:[030/081], Train Loss: 0.9594 , Val Loss: 1.1687 ,Train Dice: mode1 0.7596 mode2 0.6897,  Val Dice: mode1 0.5572 mode2 0.4833,LR: 0.000060
INFO: Epoch:[031/081], Train Loss: 0.9551 , Val Loss: 1.1784 ,Train Dice: mode1 0.7613 mode2 0.6959,  Val Dice: mode1 0.5483 mode2 0.4721,LR: 0.000060
INFO: valid_dice_m1_3d:0.6661,valid_dice_m2_3d:0.5715
INFO: Epoch:[032/081], Train Loss: 0.9518 , Val Loss: 1.1802 ,Train Dice: mode1 0.7664 mode2 0.6978,  Val Dice: mode1 0.5553 mode2 0.4774,LR: 0.000060
INFO: Epoch:[033/081], Train Loss: 0.9556 , Val Loss: 1.1706 ,Train Dice: mode1 0.7615 mode2 0.6953,  Val Dice: mode1 0.5589 mode2 0.4784,LR: 0.000060
INFO: Epoch:[034/081], Train Loss: 0.9512 , Val Loss: 1.1480 ,Train Dice: mode1 0.7650 mode2 0.7001,  Val Dice: mode1 0.5930 mode2 0.4884,LR: 0.000060
INFO: Epoch:[035/081], Train Loss: 0.9501 , Val Loss: 1.1709 ,Train Dice: mode1 0.7659 mode2 0.7013,  Val Dice: mode1 0.5619 mode2 0.4737,LR: 0.000060
INFO: valid_dice_m1_3d:0.6967,valid_dice_m2_3d:0.5757
INFO: Epoch:[036/081], Train Loss: 0.9486 , Val Loss: 1.1744 ,Train Dice: mode1 0.7682 mode2 0.7024,  Val Dice: mode1 0.5707 mode2 0.4724,LR: 0.000060
INFO: Epoch:[037/081], Train Loss: 0.9418 , Val Loss: 1.1740 ,Train Dice: mode1 0.7723 mode2 0.7114,  Val Dice: mode1 0.5570 mode2 0.4727,LR: 0.000060
INFO: Epoch:[038/081], Train Loss: 0.9423 , Val Loss: 1.1639 ,Train Dice: mode1 0.7726 mode2 0.7101,  Val Dice: mode1 0.5660 mode2 0.4837,LR: 0.000060
INFO: Epoch:[039/081], Train Loss: 0.9414 , Val Loss: 1.1816 ,Train Dice: mode1 0.7737 mode2 0.7107,  Val Dice: mode1 0.5465 mode2 0.4674,LR: 0.000060
INFO: valid_dice_m1_3d:0.6819,valid_dice_m2_3d:0.5732
INFO: Epoch:[040/081], Train Loss: 0.9407 , Val Loss: 1.1796 ,Train Dice: mode1 0.7737 mode2 0.7123,  Val Dice: mode1 0.5567 mode2 0.4768,LR: 0.000060
INFO: Epoch:[041/081], Train Loss: 0.9401 , Val Loss: 1.1648 ,Train Dice: mode1 0.7759 mode2 0.7112,  Val Dice: mode1 0.5628 mode2 0.4853,LR: 0.000060
INFO: Epoch:[042/081], Train Loss: 0.9387 , Val Loss: 1.1653 ,Train Dice: mode1 0.7771 mode2 0.7127,  Val Dice: mode1 0.5739 mode2 0.4723,LR: 0.000060
INFO: Epoch:[043/081], Train Loss: 0.9400 , Val Loss: 1.1664 ,Train Dice: mode1 0.7745 mode2 0.7128,  Val Dice: mode1 0.5646 mode2 0.4792,LR: 0.000006
INFO: valid_dice_m1_3d:0.6808,valid_dice_m2_3d:0.5780
INFO: Epoch:[044/081], Train Loss: 0.9327 , Val Loss: 1.1802 ,Train Dice: mode1 0.7809 mode2 0.7206,  Val Dice: mode1 0.5578 mode2 0.4728,LR: 0.000006
INFO: Epoch:[045/081], Train Loss: 0.9366 , Val Loss: 1.1745 ,Train Dice: mode1 0.7779 mode2 0.7161,  Val Dice: mode1 0.5580 mode2 0.4696,LR: 0.000006
INFO: Epoch:[046/081], Train Loss: 0.9314 , Val Loss: 1.1640 ,Train Dice: mode1 0.7818 mode2 0.7224,  Val Dice: mode1 0.5697 mode2 0.4794,LR: 0.000006
INFO: Epoch:[047/081], Train Loss: 0.9346 , Val Loss: 1.1768 ,Train Dice: mode1 0.7788 mode2 0.7192,  Val Dice: mode1 0.5552 mode2 0.4678,LR: 0.000006
INFO: valid_dice_m1_3d:0.6862,valid_dice_m2_3d:0.5766
INFO: Epoch:[048/081], Train Loss: 0.9302 , Val Loss: 1.1770 ,Train Dice: mode1 0.7827 mode2 0.7237,  Val Dice: mode1 0.5624 mode2 0.4750,LR: 0.000006
INFO: Epoch:[049/081], Train Loss: 0.9355 , Val Loss: 1.1620 ,Train Dice: mode1 0.7796 mode2 0.7168,  Val Dice: mode1 0.5759 mode2 0.4774,LR: 0.000006
INFO: Epoch:[050/081], Train Loss: 0.9341 , Val Loss: 1.1710 ,Train Dice: mode1 0.7799 mode2 0.7189,  Val Dice: mode1 0.5623 mode2 0.4726,LR: 0.000006
INFO: Epoch:[051/081], Train Loss: 0.9313 , Val Loss: 1.1699 ,Train Dice: mode1 0.7822 mode2 0.7220,  Val Dice: mode1 0.5634 mode2 0.4738,LR: 0.000006
INFO: valid_dice_m1_3d:0.6828,valid_dice_m2_3d:0.5704
INFO: Epoch:[052/081], Train Loss: 0.9309 , Val Loss: 1.1811 ,Train Dice: mode1 0.7836 mode2 0.7214,  Val Dice: mode1 0.5614 mode2 0.4676,LR: 0.000006
INFO: Epoch:[053/081], Train Loss: 0.9310 , Val Loss: 1.1699 ,Train Dice: mode1 0.7839 mode2 0.7213,  Val Dice: mode1 0.5683 mode2 0.4688,LR: 0.000006
INFO: Epoch:[054/081], Train Loss: 0.9321 , Val Loss: 1.1630 ,Train Dice: mode1 0.7813 mode2 0.7210,  Val Dice: mode1 0.5718 mode2 0.4799,LR: 0.000006
INFO: Epoch:[055/081], Train Loss: 0.9306 , Val Loss: 1.1740 ,Train Dice: mode1 0.7822 mode2 0.7235,  Val Dice: mode1 0.5558 mode2 0.4729,LR: 0.000001
INFO: valid_dice_m1_3d:0.6848,valid_dice_m2_3d:0.5715
INFO: Epoch:[056/081], Train Loss: 0.9302 , Val Loss: 1.1782 ,Train Dice: mode1 0.7826 mode2 0.7234,  Val Dice: mode1 0.5635 mode2 0.4718,LR: 0.000001
INFO: Epoch:[057/081], Train Loss: 0.9303 , Val Loss: 1.1669 ,Train Dice: mode1 0.7838 mode2 0.7226,  Val Dice: mode1 0.5695 mode2 0.4737,LR: 0.000001
INFO: Epoch:[058/081], Train Loss: 0.9320 , Val Loss: 1.1742 ,Train Dice: mode1 0.7830 mode2 0.7205,  Val Dice: mode1 0.5580 mode2 0.4706,LR: 0.000001
INFO: Epoch:[059/081], Train Loss: 0.9314 , Val Loss: 1.1855 ,Train Dice: mode1 0.7827 mode2 0.7219,  Val Dice: mode1 0.5449 mode2 0.4604,LR: 0.000001
INFO: valid_dice_m1_3d:0.6816,valid_dice_m2_3d:0.5718
INFO: Epoch:[060/081], Train Loss: 0.9315 , Val Loss: 1.1826 ,Train Dice: mode1 0.7831 mode2 0.7211,  Val Dice: mode1 0.5596 mode2 0.4663,LR: 0.000001
INFO: Epoch:[061/081], Train Loss: 0.9296 , Val Loss: 1.1733 ,Train Dice: mode1 0.7856 mode2 0.7222,  Val Dice: mode1 0.5602 mode2 0.4702,LR: 0.000001
INFO: Epoch:[062/081], Train Loss: 0.9305 , Val Loss: 1.1716 ,Train Dice: mode1 0.7828 mode2 0.7234,  Val Dice: mode1 0.5628 mode2 0.4709,LR: 0.000001
INFO: Epoch:[063/081], Train Loss: 0.9335 , Val Loss: 1.1718 ,Train Dice: mode1 0.7794 mode2 0.7208,  Val Dice: mode1 0.5648 mode2 0.4685,LR: 0.000001
INFO: valid_dice_m1_3d:0.6911,valid_dice_m2_3d:0.5722
INFO: Epoch:[064/081], Train Loss: 0.9328 , Val Loss: 1.1731 ,Train Dice: mode1 0.7802 mode2 0.7219,  Val Dice: mode1 0.5711 mode2 0.4745,LR: 0.000001
INFO: Epoch:[065/081], Train Loss: 0.9309 , Val Loss: 1.1731 ,Train Dice: mode1 0.7820 mode2 0.7228,  Val Dice: mode1 0.5635 mode2 0.4670,LR: 0.000001
INFO: Epoch:[066/081], Train Loss: 0.9328 , Val Loss: 1.1698 ,Train Dice: mode1 0.7816 mode2 0.7204,  Val Dice: mode1 0.5647 mode2 0.4729,LR: 0.000001
INFO: Epoch:[067/081], Train Loss: 0.9306 , Val Loss: 1.1627 ,Train Dice: mode1 0.7825 mode2 0.7235,  Val Dice: mode1 0.5745 mode2 0.4775,LR: 0.000001
INFO: valid_dice_m1_3d:0.6820,valid_dice_m2_3d:0.5716
INFO: Epoch:[068/081], Train Loss: 0.9304 , Val Loss: 1.1836 ,Train Dice: mode1 0.7828 mode2 0.7234,  Val Dice: mode1 0.5584 mode2 0.4651,LR: 0.000001
INFO: Epoch:[069/081], Train Loss: 0.9318 , Val Loss: 1.1769 ,Train Dice: mode1 0.7830 mode2 0.7206,  Val Dice: mode1 0.5578 mode2 0.4652,LR: 0.000001
INFO: Epoch:[070/081], Train Loss: 0.9297 , Val Loss: 1.1717 ,Train Dice: mode1 0.7845 mode2 0.7227,  Val Dice: mode1 0.5638 mode2 0.4695,LR: 0.000001
INFO: Epoch:[071/081], Train Loss: 0.9318 , Val Loss: 1.1788 ,Train Dice: mode1 0.7815 mode2 0.7224,  Val Dice: mode1 0.5534 mode2 0.4657,LR: 0.000001
INFO: valid_dice_m1_3d:0.6823,valid_dice_m2_3d:0.5725
INFO: Epoch:[072/081], Train Loss: 0.9322 , Val Loss: 1.1810 ,Train Dice: mode1 0.7819 mode2 0.7210,  Val Dice: mode1 0.5598 mode2 0.4693,LR: 0.000001
INFO: Epoch:[073/081], Train Loss: 0.9308 , Val Loss: 1.1752 ,Train Dice: mode1 0.7819 mode2 0.7234,  Val Dice: mode1 0.5560 mode2 0.4703,LR: 0.000001
INFO: Epoch:[074/081], Train Loss: 0.9312 , Val Loss: 1.1686 ,Train Dice: mode1 0.7830 mode2 0.7222,  Val Dice: mode1 0.5639 mode2 0.4759,LR: 0.000001
INFO: Epoch:[075/081], Train Loss: 0.9311 , Val Loss: 1.1623 ,Train Dice: mode1 0.7828 mode2 0.7223,  Val Dice: mode1 0.5751 mode2 0.4777,LR: 0.000001
INFO: valid_dice_m1_3d:0.6856,valid_dice_m2_3d:0.5723
INFO: Epoch:[076/081], Train Loss: 0.9307 , Val Loss: 1.1775 ,Train Dice: mode1 0.7838 mode2 0.7221,  Val Dice: mode1 0.5644 mode2 0.4721,LR: 0.000001
INFO: Epoch:[077/081], Train Loss: 0.9334 , Val Loss: 1.1758 ,Train Dice: mode1 0.7801 mode2 0.7201,  Val Dice: mode1 0.5592 mode2 0.4658,LR: 0.000001
INFO: Epoch:[078/081], Train Loss: 0.9291 , Val Loss: 1.1706 ,Train Dice: mode1 0.7842 mode2 0.7245,  Val Dice: mode1 0.5655 mode2 0.4703,LR: 0.000001
INFO: Epoch:[079/081], Train Loss: 0.9311 , Val Loss: 1.1720 ,Train Dice: mode1 0.7820 mode2 0.7230,  Val Dice: mode1 0.5615 mode2 0.4713,LR: 0.000001
INFO: valid_dice_m1_3d:0.6767,valid_dice_m2_3d:0.5707
INFO: Epoch:[080/081], Train Loss: 0.9299 , Val Loss: 1.1870 ,Train Dice: mode1 0.7822 mode2 0.7249,  Val Dice: mode1 0.5535 mode2 0.4634,LR: 0.000001
INFO: Model saved !
INFO: Train finished time: 2025-08-22 21:47:53
INFO: Time consuming : 13.98 min in train and test
