INFO: Loading model ./res-t2_t1ce-OnlyMIA_BraTs-seed-2-CMC-withSigmoid-10%_seed_1111/model_CMCNet_last.pth
INFO: Model loaded !
INFO: data number:3626
INFO: mean dice mode 1 is 0.6256
INFO: mean dice mode 2 is 0.6048
INFO: 1 Patient BraTS19_TCIA03_199_1's 3d dice mode 1 is 0.8579
INFO: 1 Patient BraTS19_TCIA03_199_1's 3d dice mode 2 is 0.8483
INFO: 2 Patient BraTS19_TCIA06_332_1's 3d dice mode 1 is 0.7462
INFO: 2 Patient BraTS19_TCIA06_332_1's 3d dice mode 2 is 0.7121
INFO: 3 Patient BraTS19_CBICA_AMH_1's 3d dice mode 1 is 0.8541
INFO: 3 Patient BraTS19_CBICA_AMH_1's 3d dice mode 2 is 0.8101
INFO: 4 Patient BraTS19_CBICA_AOP_1's 3d dice mode 1 is 0.5511
INFO: 4 Patient BraTS19_CBICA_AOP_1's 3d dice mode 2 is 0.5451
INFO: 5 Patient BraTS19_CBICA_ATF_1's 3d dice mode 1 is 0.4747
INFO: 5 Patient BraTS19_CBICA_ATF_1's 3d dice mode 2 is 0.4607
INFO: 6 Patient BraTS19_TCIA03_498_1's 3d dice mode 1 is 0.7354
INFO: 6 Patient BraTS19_TCIA03_498_1's 3d dice mode 2 is 0.7159
INFO: 7 Patient BraTS19_2013_18_1's 3d dice mode 1 is 0.8221
INFO: 7 Patient BraTS19_2013_18_1's 3d dice mode 2 is 0.8178
INFO: 8 Patient BraTS19_CBICA_AQR_1's 3d dice mode 1 is 0.3772
INFO: 8 Patient BraTS19_CBICA_AQR_1's 3d dice mode 2 is 0.3444
INFO: 9 Patient BraTS19_CBICA_AQT_1's 3d dice mode 1 is 0.7964
INFO: 9 Patient BraTS19_CBICA_AQT_1's 3d dice mode 2 is 0.7915
INFO: 10 Patient BraTS19_CBICA_AOS_1's 3d dice mode 1 is 0.8160
INFO: 10 Patient BraTS19_CBICA_AOS_1's 3d dice mode 2 is 0.7760
INFO: 11 Patient BraTS19_CBICA_BHZ_1's 3d dice mode 1 is 0.8564
INFO: 11 Patient BraTS19_CBICA_BHZ_1's 3d dice mode 2 is 0.8370
INFO: 12 Patient BraTS19_CBICA_AOH_1's 3d dice mode 1 is 0.3927
INFO: 12 Patient BraTS19_CBICA_AOH_1's 3d dice mode 2 is 0.3783
INFO: 13 Patient BraTS19_CBICA_BGR_1's 3d dice mode 1 is 0.5467
INFO: 13 Patient BraTS19_CBICA_BGR_1's 3d dice mode 2 is 0.5226
INFO: 14 Patient BraTS19_CBICA_AXN_1's 3d dice mode 1 is 0.4961
INFO: 14 Patient BraTS19_CBICA_AXN_1's 3d dice mode 2 is 0.4799
INFO: 15 Patient BraTS19_CBICA_AVJ_1's 3d dice mode 1 is 0.7252
INFO: 15 Patient BraTS19_CBICA_AVJ_1's 3d dice mode 2 is 0.6722
INFO: 16 Patient BraTS19_CBICA_ATB_1's 3d dice mode 1 is 0.5590
INFO: 16 Patient BraTS19_CBICA_ATB_1's 3d dice mode 2 is 0.5634
INFO: 17 Patient BraTS19_CBICA_AZH_1's 3d dice mode 1 is 0.7441
INFO: 17 Patient BraTS19_CBICA_AZH_1's 3d dice mode 2 is 0.7292
INFO: 18 Patient BraTS19_CBICA_AUX_1's 3d dice mode 1 is 0.8994
INFO: 18 Patient BraTS19_CBICA_AUX_1's 3d dice mode 2 is 0.8794
INFO: 19 Patient BraTS19_2013_19_1's 3d dice mode 1 is 0.5550
INFO: 19 Patient BraTS19_2013_19_1's 3d dice mode 2 is 0.5382
INFO: 20 Patient BraTS19_TCIA04_361_1's 3d dice mode 1 is 0.8652
INFO: 20 Patient BraTS19_TCIA04_361_1's 3d dice mode 2 is 0.8559
INFO: 21 Patient BraTS19_TCIA08_234_1's 3d dice mode 1 is 0.8428
INFO: 21 Patient BraTS19_TCIA08_234_1's 3d dice mode 2 is 0.8073
INFO: 22 Patient BraTS19_CBICA_ASA_1's 3d dice mode 1 is 0.7372
INFO: 22 Patient BraTS19_CBICA_ASA_1's 3d dice mode 2 is 0.7295
INFO: 23 Patient BraTS19_CBICA_BFB_1's 3d dice mode 1 is 0.7662
INFO: 23 Patient BraTS19_CBICA_BFB_1's 3d dice mode 2 is 0.7437
INFO: 24 Patient BraTS19_CBICA_AYC_1's 3d dice mode 1 is 0.8483
INFO: 24 Patient BraTS19_CBICA_AYC_1's 3d dice mode 2 is 0.8286
INFO: 25 Patient BraTS19_CBICA_BHK_1's 3d dice mode 1 is 0.3654
INFO: 25 Patient BraTS19_CBICA_BHK_1's 3d dice mode 2 is 0.3135
INFO: 26 Patient BraTS19_CBICA_AVF_1's 3d dice mode 1 is 0.7319
INFO: 26 Patient BraTS19_CBICA_AVF_1's 3d dice mode 2 is 0.7216
INFO: 27 Patient BraTS19_CBICA_BGE_1's 3d dice mode 1 is 0.8112
INFO: 27 Patient BraTS19_CBICA_BGE_1's 3d dice mode 2 is 0.7839
INFO: 28 Patient BraTS19_TCIA04_328_1's 3d dice mode 1 is 0.7269
INFO: 28 Patient BraTS19_TCIA04_328_1's 3d dice mode 2 is 0.6976
INFO: 29 Patient BraTS19_TCIA02_300_1's 3d dice mode 1 is 0.8321
INFO: 29 Patient BraTS19_TCIA02_300_1's 3d dice mode 2 is 0.8073
INFO: 30 Patient BraTS19_TCIA03_121_1's 3d dice mode 1 is 0.8703
INFO: 30 Patient BraTS19_TCIA03_121_1's 3d dice mode 2 is 0.8610
INFO: 31 Patient BraTS19_CBICA_AWG_1's 3d dice mode 1 is 0.7453
INFO: 31 Patient BraTS19_CBICA_AWG_1's 3d dice mode 2 is 0.7093
INFO: 32 Patient BraTS19_TCIA01_401_1's 3d dice mode 1 is 0.8102
INFO: 32 Patient BraTS19_TCIA01_401_1's 3d dice mode 2 is 0.7792
INFO: 33 Patient BraTS19_CBICA_AXQ_1's 3d dice mode 1 is 0.5818
INFO: 33 Patient BraTS19_CBICA_AXQ_1's 3d dice mode 2 is 0.5661
INFO: 34 Patient BraTS19_CBICA_AOC_1's 3d dice mode 1 is 0.5899
INFO: 34 Patient BraTS19_CBICA_AOC_1's 3d dice mode 2 is 0.5593
INFO: 35 Patient BraTS19_TCIA02_151_1's 3d dice mode 1 is 0.8561
INFO: 35 Patient BraTS19_TCIA02_151_1's 3d dice mode 2 is 0.8141
INFO: 36 Patient BraTS19_CBICA_BNR_1's 3d dice mode 1 is 0.6342
INFO: 36 Patient BraTS19_CBICA_BNR_1's 3d dice mode 2 is 0.5923
INFO: 37 Patient BraTS19_2013_21_1's 3d dice mode 1 is 0.8488
INFO: 37 Patient BraTS19_2013_21_1's 3d dice mode 2 is 0.8434
INFO: 38 Patient BraTS19_TCIA08_280_1's 3d dice mode 1 is 0.6974
INFO: 38 Patient BraTS19_TCIA08_280_1's 3d dice mode 2 is 0.6774
INFO: 39 Patient BraTS19_CBICA_AQJ_1's 3d dice mode 1 is 0.7068
INFO: 39 Patient BraTS19_CBICA_AQJ_1's 3d dice mode 2 is 0.6660
INFO: 40 Patient BraTS19_TCIA01_201_1's 3d dice mode 1 is 0.9172
INFO: 40 Patient BraTS19_TCIA01_201_1's 3d dice mode 2 is 0.8938
INFO: 41 Patient BraTS19_CBICA_AQZ_1's 3d dice mode 1 is 0.7992
INFO: 41 Patient BraTS19_CBICA_AQZ_1's 3d dice mode 2 is 0.7788
INFO: 42 Patient BraTS19_CBICA_ASV_1's 3d dice mode 1 is 0.8217
INFO: 42 Patient BraTS19_CBICA_ASV_1's 3d dice mode 2 is 0.8185
INFO: 43 Patient BraTS19_TCIA04_149_1's 3d dice mode 1 is 0.7705
INFO: 43 Patient BraTS19_TCIA04_149_1's 3d dice mode 2 is 0.7473
INFO: 44 Patient BraTS19_TCIA02_117_1's 3d dice mode 1 is 0.7091
INFO: 44 Patient BraTS19_TCIA02_117_1's 3d dice mode 2 is 0.6896
INFO: 45 Patient BraTS19_TCIA03_138_1's 3d dice mode 1 is 0.8695
INFO: 45 Patient BraTS19_TCIA03_138_1's 3d dice mode 2 is 0.8562
INFO: 46 Patient BraTS19_TCIA02_321_1's 3d dice mode 1 is 0.7854
INFO: 46 Patient BraTS19_TCIA02_321_1's 3d dice mode 2 is 0.7723
INFO: 47 Patient BraTS19_TMC_21360_1's 3d dice mode 1 is 0.7628
INFO: 47 Patient BraTS19_TMC_21360_1's 3d dice mode 2 is 0.7554
INFO: 48 Patient BraTS19_TCIA03_375_1's 3d dice mode 1 is 0.7596
INFO: 48 Patient BraTS19_TCIA03_375_1's 3d dice mode 2 is 0.7422
INFO: 49 Patient BraTS19_TCIA02_290_1's 3d dice mode 1 is 0.7370
INFO: 49 Patient BraTS19_TCIA02_290_1's 3d dice mode 2 is 0.7164
INFO: 50 Patient BraTS19_CBICA_AOO_1's 3d dice mode 1 is 0.7020
INFO: 50 Patient BraTS19_CBICA_AOO_1's 3d dice mode 2 is 0.6845
INFO: 51 Patient BraTS19_CBICA_AOZ_1's 3d dice mode 1 is 0.7067
INFO: 51 Patient BraTS19_CBICA_AOZ_1's 3d dice mode 2 is 0.6915
INFO: 52 Patient BraTS19_CBICA_ABO_1's 3d dice mode 1 is 0.6815
INFO: 52 Patient BraTS19_CBICA_ABO_1's 3d dice mode 2 is 0.6899
INFO: =================Mode 1===============
INFO: Mean 3d asd on all patients mode 1: 14.5796 
INFO: Mean 3d hd95 on all patients mode 1: 46.2577 
INFO: Mean 3d ppv on all patients mode 1: 0.6915 
INFO: Mean 3d sen on all patients mode 1: 0.7939 
INFO: Mean 3d dice on all patients mode 1: 0.7249 
INFO: =================Mode 2===============
INFO: Mean 3d asd on all patients mode 2: 15.1724 
INFO: Mean 3d hd95 on all patients mode 2: 47.6964 
INFO: Mean 3d ppv on all patients mode 2: 0.6568 
INFO: Mean 3d sen on all patients mode 2: 0.7956 
INFO: Mean 3d dice on all patients mode 2: 0.7041 
INFO: 3D Dice test time :1.79 min
