INFO: set random seed: 1111
INFO: Using device : cuda
	GPU ID is [7],using 1 device
	device name:NVIDIA GeForce RTX 4090
INFO: ============ Start  train ==============
INFO: Creating total train dataset with 13598 examples
INFO: Creating factual train dataset with 13598 examples
INFO: Creating total val dataset with 3626 examples
INFO: Creating factual val dataset with 3626 examples
INFO: Creating total val_3d dataset with 8060 examples
INFO: Creating factual val_3d dataset with 8060 examples
INFO: Train Data: Labeled data is: <1359>, Total data is: 13598
INFO: Starting training:
	start_time:     2025-08-22 16:38:22
	base_dir:       res-t2_t1ce-without_CSC_CAC_BraTs-seed-2-CMC-withSigmoid-10%_seed_1111
	data_path:      /mnt/HDD2/dat/med/semi-CML-public/dataset/BraTS_slice
	train_list:     randP1_slice_nidus_train.list
	val_list:       randP1_slice_nidus_val.list
	img_mode:       t2_t1ce
	lr_scheduler:   warmupMultistep
	max_epoch:      81
	batch_size:     24
	labeled_bs:     20
	labeled_rate:   0.1
	unsup_epoch:    0
	images_rate:    1
	base_lr:        0.006
	step_num_lr:    4
	weight_decay:   0.0004
	optim_name:     adam
	loss_name:      bce
	bce_w:          10.0
	dice_w:         7.0
	consistency:    1.0
	cons_ramp_type: sig_ram
	nce_weight:     3.5
	sur_siml:       dice
	pHead_sur:      set_false
	M2_epoch:       51
	T_epoch:        10
	T_num:          4
	bma_update_pool_num:6
	M2_epoch_all:   0
	m1_alpha:       0.1
	m2_alpha:       0.1
	teach_m2_WP_epoch:3
	start_fusion_epoch:82
	will_eval:      1
	val_3d_interval:4
	Net Name:		CMCNet
	Input Channel:	1
	Classes Num:	1
	Images Shape:	160*160
INFO: set random seed: 1111
INFO: Using device : cuda
	GPU ID is [7],using 1 device
	device name:NVIDIA GeForce RTX 4090
INFO: ============ Start  train ==============
INFO: Creating total train dataset with 13598 examples
INFO: Creating factual train dataset with 13598 examples
INFO: Creating total val dataset with 3626 examples
INFO: Creating factual val dataset with 3626 examples
INFO: Creating total val_3d dataset with 8060 examples
INFO: Creating factual val_3d dataset with 8060 examples
INFO: Train Data: Labeled data is: <1359>, Total data is: 13598
INFO: Starting training:
	start_time:     2025-08-22 16:38:36
	base_dir:       res-t2_t1ce-without_CSC_CAC_BraTs-seed-2-CMC-withSigmoid-10%_seed_1111
	data_path:      /mnt/HDD2/dat/med/semi-CML-public/dataset/BraTS_slice
	train_list:     randP1_slice_nidus_train.list
	val_list:       randP1_slice_nidus_val.list
	img_mode:       t2_t1ce
	lr_scheduler:   warmupMultistep
	max_epoch:      81
	batch_size:     24
	labeled_bs:     20
	labeled_rate:   0.1
	unsup_epoch:    0
	images_rate:    1
	base_lr:        0.006
	step_num_lr:    4
	weight_decay:   0.0004
	optim_name:     adam
	loss_name:      bce
	bce_w:          10.0
	dice_w:         7.0
	consistency:    1.0
	cons_ramp_type: sig_ram
	nce_weight:     3.5
	sur_siml:       dice
	pHead_sur:      set_false
	M2_epoch:       51
	T_epoch:        10
	T_num:          4
	bma_update_pool_num:6
	M2_epoch_all:   0
	m1_alpha:       0.1
	m2_alpha:       0.1
	teach_m2_WP_epoch:3
	start_fusion_epoch:82
	will_eval:      1
	val_3d_interval:4
	Net Name:		CMCNet
	Input Channel:	1
	Classes Num:	1
	Images Shape:	160*160
INFO: set random seed: 1111
INFO: Using device : cuda
	GPU ID is [6],using 1 device
	device name:NVIDIA GeForce RTX 4090
INFO: ============ Start  train ==============
INFO: Creating total train dataset with 13598 examples
INFO: Creating factual train dataset with 13598 examples
INFO: Creating total val dataset with 3626 examples
INFO: Creating factual val dataset with 3626 examples
INFO: Creating total val_3d dataset with 8060 examples
INFO: Creating factual val_3d dataset with 8060 examples
INFO: Train Data: Labeled data is: <1359>, Total data is: 13598
INFO: Starting training:
	start_time:     2025-08-22 16:38:57
	base_dir:       res-t2_t1ce-without_CSC_CAC_BraTs-seed-2-CMC-withSigmoid-10%_seed_1111
	data_path:      /mnt/HDD2/dat/med/semi-CML-public/dataset/BraTS_slice
	train_list:     randP1_slice_nidus_train.list
	val_list:       randP1_slice_nidus_val.list
	img_mode:       t2_t1ce
	lr_scheduler:   warmupMultistep
	max_epoch:      81
	batch_size:     24
	labeled_bs:     20
	labeled_rate:   0.1
	unsup_epoch:    0
	images_rate:    1
	base_lr:        0.006
	step_num_lr:    4
	weight_decay:   0.0004
	optim_name:     adam
	loss_name:      bce
	bce_w:          10.0
	dice_w:         7.0
	consistency:    1.0
	cons_ramp_type: sig_ram
	nce_weight:     3.5
	sur_siml:       dice
	pHead_sur:      set_false
	M2_epoch:       51
	T_epoch:        10
	T_num:          4
	bma_update_pool_num:6
	M2_epoch_all:   0
	m1_alpha:       0.1
	m2_alpha:       0.1
	teach_m2_WP_epoch:3
	start_fusion_epoch:82
	will_eval:      1
	val_3d_interval:4
	Net Name:		CMCNet
	Input Channel:	1
	Classes Num:	1
	Images Shape:	160*160
INFO: valid_dice_m1_3d:0.4690,valid_dice_m2_3d:0.4107
INFO: Epoch:[000/081], Train Loss: 1.4247 , Sup Loss 1.4247, CSC_Loss 0.0000, CAC_loss 0.0000 , Val Loss: 1.3501, Train Dice: mode1 0.5238 mode2 0.4662 ,LR: 0.001500
INFO: Epoch:[001/081], Train Loss: 1.1633 , Sup Loss 1.1633, CSC_Loss 0.0000, CAC_loss 0.0000 , Val Loss: 1.3468, Train Dice: mode1 0.6168 mode2 0.5711 ,LR: 0.002250
INFO: Epoch:[002/081], Train Loss: 1.0854 , Sup Loss 1.0854, CSC_Loss 0.0000, CAC_loss 0.0000 , Val Loss: 1.3507, Train Dice: mode1 0.6046 mode2 0.5636 ,LR: 0.003000
INFO: Epoch:[003/081], Train Loss: 1.0594 , Sup Loss 1.0594, CSC_Loss 0.0000, CAC_loss 0.0000 , Val Loss: 1.3937, Train Dice: mode1 0.6216 mode2 0.5724 ,LR: 0.003750
INFO: valid_dice_m1_3d:0.6074,valid_dice_m2_3d:0.4816
INFO: Epoch:[004/081], Train Loss: 1.0570 , Sup Loss 1.0570, CSC_Loss 0.0000, CAC_loss 0.0000 , Val Loss: 1.0799, Train Dice: mode1 0.6161 mode2 0.5724 ,LR: 0.004500
INFO: Epoch:[005/081], Train Loss: 1.0472 , Sup Loss 1.0472, CSC_Loss 0.0000, CAC_loss 0.0000 , Val Loss: 1.5044, Train Dice: mode1 0.6294 mode2 0.5776 ,LR: 0.005250
INFO: Epoch:[006/081], Train Loss: 1.0419 , Sup Loss 1.0419, CSC_Loss 0.0000, CAC_loss 0.0000 , Val Loss: 1.4835, Train Dice: mode1 0.6257 mode2 0.5896 ,LR: 0.006000
INFO: Epoch:[007/081], Train Loss: 1.0492 , Sup Loss 1.0492, CSC_Loss 0.0000, CAC_loss 0.0000 , Val Loss: 1.1897, Train Dice: mode1 0.6268 mode2 0.5745 ,LR: 0.006000
INFO: valid_dice_m1_3d:0.6317,valid_dice_m2_3d:0.0609
INFO: Epoch:[008/081], Train Loss: 1.0110 , Sup Loss 1.0110, CSC_Loss 0.0000, CAC_loss 0.0000 , Val Loss: 1.2738, Train Dice: mode1 0.6541 mode2 0.6190 ,LR: 0.006000
INFO: Epoch:[009/081], Train Loss: 1.0055 , Sup Loss 1.0055, CSC_Loss 0.0000, CAC_loss 0.0000 , Val Loss: 1.3656, Train Dice: mode1 0.6636 mode2 0.6203 ,LR: 0.006000
INFO: Epoch:[010/081], Train Loss: 0.9881 , Sup Loss 0.9881, CSC_Loss 0.0000, CAC_loss 0.0000 , Val Loss: 1.3177, Train Dice: mode1 0.6757 mode2 0.6433 ,LR: 0.006000
INFO: Epoch:[011/081], Train Loss: 0.9766 , Sup Loss 0.9766, CSC_Loss 0.0000, CAC_loss 0.0000 , Val Loss: 1.0831, Train Dice: mode1 0.6889 mode2 0.6521 ,LR: 0.000600
INFO: valid_dice_m1_3d:0.6563,valid_dice_m2_3d:0.6136
INFO: Epoch:[012/081], Train Loss: 0.9378 , Sup Loss 0.9378, CSC_Loss 0.0000, CAC_loss 0.0000 , Val Loss: 1.0647, Train Dice: mode1 0.7248 mode2 0.6962 ,LR: 0.000600
INFO: Epoch:[013/081], Train Loss: 0.9186 , Sup Loss 0.9186, CSC_Loss 0.0000, CAC_loss 0.0000 , Val Loss: 1.0462, Train Dice: mode1 0.7443 mode2 0.7151 ,LR: 0.000600
INFO: Epoch:[014/081], Train Loss: 0.9105 , Sup Loss 0.9105, CSC_Loss 0.0000, CAC_loss 0.0000 , Val Loss: 1.0590, Train Dice: mode1 0.7498 mode2 0.7234 ,LR: 0.000600
INFO: Epoch:[015/081], Train Loss: 0.9081 , Sup Loss 0.9081, CSC_Loss 0.0000, CAC_loss 0.0000 , Val Loss: 1.0098, Train Dice: mode1 0.7535 mode2 0.7292 ,LR: 0.000600
INFO: valid_dice_m1_3d:0.6839,valid_dice_m2_3d:0.6142
INFO: Epoch:[016/081], Train Loss: 0.8995 , Sup Loss 0.8995, CSC_Loss 0.0000, CAC_loss 0.0000 , Val Loss: 1.0560, Train Dice: mode1 0.7622 mode2 0.7349 ,LR: 0.000600
INFO: Epoch:[017/081], Train Loss: 0.8898 , Sup Loss 0.8898, CSC_Loss 0.0000, CAC_loss 0.0000 , Val Loss: 1.0654, Train Dice: mode1 0.7732 mode2 0.7456 ,LR: 0.000600
INFO: Epoch:[018/081], Train Loss: 0.8877 , Sup Loss 0.8877, CSC_Loss 0.0000, CAC_loss 0.0000 , Val Loss: 1.0177, Train Dice: mode1 0.7746 mode2 0.7493 ,LR: 0.000600
INFO: Epoch:[019/081], Train Loss: 0.8800 , Sup Loss 0.8800, CSC_Loss 0.0000, CAC_loss 0.0000 , Val Loss: 1.0554, Train Dice: mode1 0.7824 mode2 0.7596 ,LR: 0.000600
INFO: valid_dice_m1_3d:0.6117,valid_dice_m2_3d:0.5987
INFO: Epoch:[020/081], Train Loss: 0.8750 , Sup Loss 0.8750, CSC_Loss 0.0000, CAC_loss 0.0000 , Val Loss: 1.0889, Train Dice: mode1 0.7878 mode2 0.7626 ,LR: 0.000600
INFO: Epoch:[021/081], Train Loss: 0.8726 , Sup Loss 0.8726, CSC_Loss 0.0000, CAC_loss 0.0000 , Val Loss: 1.0661, Train Dice: mode1 0.7902 mode2 0.7673 ,LR: 0.000600
INFO: Epoch:[022/081], Train Loss: 0.8703 , Sup Loss 0.8703, CSC_Loss 0.0000, CAC_loss 0.0000 , Val Loss: 1.0782, Train Dice: mode1 0.7919 mode2 0.7696 ,LR: 0.000600
INFO: Epoch:[023/081], Train Loss: 0.8689 , Sup Loss 0.8689, CSC_Loss 0.0000, CAC_loss 0.0000 , Val Loss: 1.1034, Train Dice: mode1 0.7931 mode2 0.7709 ,LR: 0.000600
INFO: valid_dice_m1_3d:0.6651,valid_dice_m2_3d:0.6328
INFO: Epoch:[024/081], Train Loss: 0.8668 , Sup Loss 0.8668, CSC_Loss 0.0000, CAC_loss 0.0000 , Val Loss: 1.0964, Train Dice: mode1 0.7948 mode2 0.7735 ,LR: 0.000600
INFO: Epoch:[025/081], Train Loss: 0.8632 , Sup Loss 0.8632, CSC_Loss 0.0000, CAC_loss 0.0000 , Val Loss: 1.0785, Train Dice: mode1 0.7981 mode2 0.7762 ,LR: 0.000600
INFO: Epoch:[026/081], Train Loss: 0.8536 , Sup Loss 0.8536, CSC_Loss 0.0000, CAC_loss 0.0000 , Val Loss: 1.0994, Train Dice: mode1 0.8102 mode2 0.7876 ,LR: 0.000600
INFO: Epoch:[027/081], Train Loss: 0.8524 , Sup Loss 0.8524, CSC_Loss 0.0000, CAC_loss 0.0000 , Val Loss: 1.0784, Train Dice: mode1 0.8096 mode2 0.7880 ,LR: 0.000060
INFO: valid_dice_m1_3d:0.6662,valid_dice_m2_3d:0.6346
INFO: Epoch:[028/081], Train Loss: 0.8481 , Sup Loss 0.8481, CSC_Loss 0.0000, CAC_loss 0.0000 , Val Loss: 1.0515, Train Dice: mode1 0.8159 mode2 0.7952 ,LR: 0.000060
INFO: Epoch:[029/081], Train Loss: 0.8377 , Sup Loss 0.8377, CSC_Loss 0.0000, CAC_loss 0.0000 , Val Loss: 1.0533, Train Dice: mode1 0.8268 mode2 0.8070 ,LR: 0.000060
INFO: Epoch:[030/081], Train Loss: 0.8352 , Sup Loss 0.8352, CSC_Loss 0.0000, CAC_loss 0.0000 , Val Loss: 1.0537, Train Dice: mode1 0.8294 mode2 0.8081 ,LR: 0.000060
INFO: Epoch:[031/081], Train Loss: 0.8323 , Sup Loss 0.8323, CSC_Loss 0.0000, CAC_loss 0.0000 , Val Loss: 1.0539, Train Dice: mode1 0.8321 mode2 0.8110 ,LR: 0.000060
INFO: valid_dice_m1_3d:0.6622,valid_dice_m2_3d:0.6334
INFO: Epoch:[032/081], Train Loss: 0.8296 , Sup Loss 0.8296, CSC_Loss 0.0000, CAC_loss 0.0000 , Val Loss: 1.0557, Train Dice: mode1 0.8343 mode2 0.8154 ,LR: 0.000060
INFO: Epoch:[033/081], Train Loss: 0.8313 , Sup Loss 0.8313, CSC_Loss 0.0000, CAC_loss 0.0000 , Val Loss: 1.0573, Train Dice: mode1 0.8330 mode2 0.8138 ,LR: 0.000060
INFO: Epoch:[034/081], Train Loss: 0.8294 , Sup Loss 0.8294, CSC_Loss 0.0000, CAC_loss 0.0000 , Val Loss: 1.0560, Train Dice: mode1 0.8353 mode2 0.8152 ,LR: 0.000060
INFO: Epoch:[035/081], Train Loss: 0.8281 , Sup Loss 0.8281, CSC_Loss 0.0000, CAC_loss 0.0000 , Val Loss: 1.0533, Train Dice: mode1 0.8366 mode2 0.8158 ,LR: 0.000060
INFO: valid_dice_m1_3d:0.6597,valid_dice_m2_3d:0.6391
INFO: Epoch:[036/081], Train Loss: 0.8263 , Sup Loss 0.8263, CSC_Loss 0.0000, CAC_loss 0.0000 , Val Loss: 1.0656, Train Dice: mode1 0.8387 mode2 0.8179 ,LR: 0.000060
INFO: Epoch:[037/081], Train Loss: 0.8226 , Sup Loss 0.8226, CSC_Loss 0.0000, CAC_loss 0.0000 , Val Loss: 1.0622, Train Dice: mode1 0.8425 mode2 0.8230 ,LR: 0.000060
INFO: Epoch:[038/081], Train Loss: 0.8230 , Sup Loss 0.8230, CSC_Loss 0.0000, CAC_loss 0.0000 , Val Loss: 1.0621, Train Dice: mode1 0.8425 mode2 0.8220 ,LR: 0.000060
INFO: Epoch:[039/081], Train Loss: 0.8230 , Sup Loss 0.8230, CSC_Loss 0.0000, CAC_loss 0.0000 , Val Loss: 1.0669, Train Dice: mode1 0.8424 mode2 0.8215 ,LR: 0.000060
INFO: valid_dice_m1_3d:0.6580,valid_dice_m2_3d:0.6363
INFO: Epoch:[040/081], Train Loss: 0.8215 , Sup Loss 0.8215, CSC_Loss 0.0000, CAC_loss 0.0000 , Val Loss: 1.0628, Train Dice: mode1 0.8432 mode2 0.8230 ,LR: 0.000060
INFO: Epoch:[041/081], Train Loss: 0.8213 , Sup Loss 0.8213, CSC_Loss 0.0000, CAC_loss 0.0000 , Val Loss: 1.0646, Train Dice: mode1 0.8441 mode2 0.8236 ,LR: 0.000060
INFO: Epoch:[042/081], Train Loss: 0.8206 , Sup Loss 0.8206, CSC_Loss 0.0000, CAC_loss 0.0000 , Val Loss: 1.0638, Train Dice: mode1 0.8450 mode2 0.8243 ,LR: 0.000060
INFO: Epoch:[043/081], Train Loss: 0.8210 , Sup Loss 0.8210, CSC_Loss 0.0000, CAC_loss 0.0000 , Val Loss: 1.0651, Train Dice: mode1 0.8444 mode2 0.8232 ,LR: 0.000006
INFO: valid_dice_m1_3d:0.6568,valid_dice_m2_3d:0.6339
INFO: Epoch:[044/081], Train Loss: 0.8176 , Sup Loss 0.8176, CSC_Loss 0.0000, CAC_loss 0.0000 , Val Loss: 1.0639, Train Dice: mode1 0.8482 mode2 0.8283 ,LR: 0.000006
INFO: Epoch:[045/081], Train Loss: 0.8179 , Sup Loss 0.8179, CSC_Loss 0.0000, CAC_loss 0.0000 , Val Loss: 1.0647, Train Dice: mode1 0.8496 mode2 0.8271 ,LR: 0.000006
INFO: Epoch:[046/081], Train Loss: 0.8155 , Sup Loss 0.8155, CSC_Loss 0.0000, CAC_loss 0.0000 , Val Loss: 1.0610, Train Dice: mode1 0.8512 mode2 0.8315 ,LR: 0.000006
INFO: Epoch:[047/081], Train Loss: 0.8182 , Sup Loss 0.8182, CSC_Loss 0.0000, CAC_loss 0.0000 , Val Loss: 1.0629, Train Dice: mode1 0.8466 mode2 0.8274 ,LR: 0.000006
INFO: valid_dice_m1_3d:0.6590,valid_dice_m2_3d:0.6347
INFO: Epoch:[048/081], Train Loss: 0.8149 , Sup Loss 0.8149, CSC_Loss 0.0000, CAC_loss 0.0000 , Val Loss: 1.0627, Train Dice: mode1 0.8529 mode2 0.8316 ,LR: 0.000006
INFO: Epoch:[049/081], Train Loss: 0.8171 , Sup Loss 0.8171, CSC_Loss 0.0000, CAC_loss 0.0000 , Val Loss: 1.0581, Train Dice: mode1 0.8491 mode2 0.8284 ,LR: 0.000006
INFO: Epoch:[050/081], Train Loss: 0.8160 , Sup Loss 0.8160, CSC_Loss 0.0000, CAC_loss 0.0000 , Val Loss: 1.0645, Train Dice: mode1 0.8491 mode2 0.8294 ,LR: 0.000006
INFO: Epoch:[051/081], Train Loss: 0.8144 , Sup Loss 0.8144, CSC_Loss 0.0000, CAC_loss 0.0000 , Val Loss: 1.0644, Train Dice: mode1 0.8513 mode2 0.8307 ,LR: 0.000006
INFO: valid_dice_m1_3d:0.6567,valid_dice_m2_3d:0.6347
INFO: Epoch:[052/081], Train Loss: 0.8143 , Sup Loss 0.8143, CSC_Loss 0.0000, CAC_loss 0.0000 , Val Loss: 1.0638, Train Dice: mode1 0.8509 mode2 0.8316 ,LR: 0.000006
INFO: Epoch:[053/081], Train Loss: 0.8147 , Sup Loss 0.8147, CSC_Loss 0.0000, CAC_loss 0.0000 , Val Loss: 1.0628, Train Dice: mode1 0.8507 mode2 0.8311 ,LR: 0.000006
INFO: Epoch:[054/081], Train Loss: 0.8146 , Sup Loss 0.8146, CSC_Loss 0.0000, CAC_loss 0.0000 , Val Loss: 1.0633, Train Dice: mode1 0.8512 mode2 0.8318 ,LR: 0.000006
INFO: Epoch:[055/081], Train Loss: 0.8133 , Sup Loss 0.8133, CSC_Loss 0.0000, CAC_loss 0.0000 , Val Loss: 1.0653, Train Dice: mode1 0.8526 mode2 0.8327 ,LR: 0.000001
INFO: valid_dice_m1_3d:0.6566,valid_dice_m2_3d:0.6340
INFO: Epoch:[056/081], Train Loss: 0.8148 , Sup Loss 0.8148, CSC_Loss 0.0000, CAC_loss 0.0000 , Val Loss: 1.0638, Train Dice: mode1 0.8509 mode2 0.8303 ,LR: 0.000001
INFO: Epoch:[057/081], Train Loss: 0.8137 , Sup Loss 0.8137, CSC_Loss 0.0000, CAC_loss 0.0000 , Val Loss: 1.0645, Train Dice: mode1 0.8535 mode2 0.8333 ,LR: 0.000001
INFO: Epoch:[058/081], Train Loss: 0.8140 , Sup Loss 0.8140, CSC_Loss 0.0000, CAC_loss 0.0000 , Val Loss: 1.0663, Train Dice: mode1 0.8520 mode2 0.8326 ,LR: 0.000001
INFO: Epoch:[059/081], Train Loss: 0.8147 , Sup Loss 0.8147, CSC_Loss 0.0000, CAC_loss 0.0000 , Val Loss: 1.0681, Train Dice: mode1 0.8514 mode2 0.8324 ,LR: 0.000001
INFO: valid_dice_m1_3d:0.6562,valid_dice_m2_3d:0.6338
INFO: Epoch:[060/081], Train Loss: 0.8149 , Sup Loss 0.8149, CSC_Loss 0.0000, CAC_loss 0.0000 , Val Loss: 1.0656, Train Dice: mode1 0.8521 mode2 0.8302 ,LR: 0.000001
INFO: Epoch:[061/081], Train Loss: 0.8136 , Sup Loss 0.8136, CSC_Loss 0.0000, CAC_loss 0.0000 , Val Loss: 1.0641, Train Dice: mode1 0.8527 mode2 0.8325 ,LR: 0.000001
INFO: Epoch:[062/081], Train Loss: 0.8142 , Sup Loss 0.8142, CSC_Loss 0.0000, CAC_loss 0.0000 , Val Loss: 1.0657, Train Dice: mode1 0.8508 mode2 0.8321 ,LR: 0.000001
INFO: Epoch:[063/081], Train Loss: 0.8156 , Sup Loss 0.8156, CSC_Loss 0.0000, CAC_loss 0.0000 , Val Loss: 1.0665, Train Dice: mode1 0.8508 mode2 0.8289 ,LR: 0.000001
INFO: valid_dice_m1_3d:0.6567,valid_dice_m2_3d:0.6337
INFO: Epoch:[064/081], Train Loss: 0.8152 , Sup Loss 0.8152, CSC_Loss 0.0000, CAC_loss 0.0000 , Val Loss: 1.0617, Train Dice: mode1 0.8523 mode2 0.8319 ,LR: 0.000001
INFO: Epoch:[065/081], Train Loss: 0.8144 , Sup Loss 0.8144, CSC_Loss 0.0000, CAC_loss 0.0000 , Val Loss: 1.0639, Train Dice: mode1 0.8524 mode2 0.8320 ,LR: 0.000001
INFO: Epoch:[066/081], Train Loss: 0.8158 , Sup Loss 0.8158, CSC_Loss 0.0000, CAC_loss 0.0000 , Val Loss: 1.0633, Train Dice: mode1 0.8510 mode2 0.8296 ,LR: 0.000001
INFO: Epoch:[067/081], Train Loss: 0.8140 , Sup Loss 0.8140, CSC_Loss 0.0000, CAC_loss 0.0000 , Val Loss: 1.0621, Train Dice: mode1 0.8519 mode2 0.8325 ,LR: 0.000001
INFO: valid_dice_m1_3d:0.6563,valid_dice_m2_3d:0.6335
INFO: Epoch:[068/081], Train Loss: 0.8137 , Sup Loss 0.8137, CSC_Loss 0.0000, CAC_loss 0.0000 , Val Loss: 1.0661, Train Dice: mode1 0.8526 mode2 0.8316 ,LR: 0.000001
INFO: Epoch:[069/081], Train Loss: 0.8146 , Sup Loss 0.8146, CSC_Loss 0.0000, CAC_loss 0.0000 , Val Loss: 1.0656, Train Dice: mode1 0.8527 mode2 0.8316 ,LR: 0.000001
INFO: Epoch:[070/081], Train Loss: 0.8137 , Sup Loss 0.8137, CSC_Loss 0.0000, CAC_loss 0.0000 , Val Loss: 1.0660, Train Dice: mode1 0.8518 mode2 0.8340 ,LR: 0.000001
INFO: Epoch:[071/081], Train Loss: 0.8150 , Sup Loss 0.8150, CSC_Loss 0.0000, CAC_loss 0.0000 , Val Loss: 1.0676, Train Dice: mode1 0.8534 mode2 0.8305 ,LR: 0.000001
INFO: valid_dice_m1_3d:0.6562,valid_dice_m2_3d:0.6325
INFO: Epoch:[072/081], Train Loss: 0.8153 , Sup Loss 0.8153, CSC_Loss 0.0000, CAC_loss 0.0000 , Val Loss: 1.0660, Train Dice: mode1 0.8517 mode2 0.8306 ,LR: 0.000001
INFO: Epoch:[073/081], Train Loss: 0.8138 , Sup Loss 0.8138, CSC_Loss 0.0000, CAC_loss 0.0000 , Val Loss: 1.0687, Train Dice: mode1 0.8537 mode2 0.8316 ,LR: 0.000001
INFO: Epoch:[074/081], Train Loss: 0.8146 , Sup Loss 0.8146, CSC_Loss 0.0000, CAC_loss 0.0000 , Val Loss: 1.0655, Train Dice: mode1 0.8510 mode2 0.8292 ,LR: 0.000001
INFO: Epoch:[075/081], Train Loss: 0.8147 , Sup Loss 0.8147, CSC_Loss 0.0000, CAC_loss 0.0000 , Val Loss: 1.0601, Train Dice: mode1 0.8526 mode2 0.8320 ,LR: 0.000001
INFO: valid_dice_m1_3d:0.6564,valid_dice_m2_3d:0.6332
INFO: Epoch:[076/081], Train Loss: 0.8142 , Sup Loss 0.8142, CSC_Loss 0.0000, CAC_loss 0.0000 , Val Loss: 1.0635, Train Dice: mode1 0.8524 mode2 0.8296 ,LR: 0.000001
INFO: Epoch:[077/081], Train Loss: 0.8159 , Sup Loss 0.8159, CSC_Loss 0.0000, CAC_loss 0.0000 , Val Loss: 1.0655, Train Dice: mode1 0.8525 mode2 0.8307 ,LR: 0.000001
INFO: Epoch:[078/081], Train Loss: 0.8131 , Sup Loss 0.8131, CSC_Loss 0.0000, CAC_loss 0.0000 , Val Loss: 1.0648, Train Dice: mode1 0.8536 mode2 0.8329 ,LR: 0.000001
INFO: Epoch:[079/081], Train Loss: 0.8140 , Sup Loss 0.8140, CSC_Loss 0.0000, CAC_loss 0.0000 , Val Loss: 1.0651, Train Dice: mode1 0.8526 mode2 0.8313 ,LR: 0.000001
INFO: valid_dice_m1_3d:0.6544,valid_dice_m2_3d:0.6327
INFO: Epoch:[080/081], Train Loss: 0.8132 , Sup Loss 0.8132, CSC_Loss 0.0000, CAC_loss 0.0000 , Val Loss: 1.0670, Train Dice: mode1 0.8542 mode2 0.8329 ,LR: 0.000001
INFO: Model saved !
INFO: Train finished time: 2025-08-22 16:55:16
INFO: Time consuming : 16.32 min in train and test
