INFO: Loading model ./res-t2_t1ce-FullCMC-BraTs-seed-2-CMC-10%_seed_1111/model_CMCNet_last.pth
INFO: Model loaded !
INFO: data number:3626
INFO: mean dice mode 1 is 0.6594
INFO: mean dice mode 2 is 0.5130
INFO: 1 Patient BraTS19_TCIA03_199_1's 3d dice mode 1 is 0.8745
INFO: 1 Patient BraTS19_TCIA03_199_1's 3d dice mode 2 is 0.8142
INFO: 2 Patient BraTS19_TCIA06_332_1's 3d dice mode 1 is 0.7290
INFO: 2 Patient BraTS19_TCIA06_332_1's 3d dice mode 2 is 0.6562
INFO: 3 Patient BraTS19_CBICA_AMH_1's 3d dice mode 1 is 0.8703
INFO: 3 Patient BraTS19_CBICA_AMH_1's 3d dice mode 2 is 0.8030
INFO: 4 Patient BraTS19_CBICA_AOP_1's 3d dice mode 1 is 0.5082
INFO: 4 Patient BraTS19_CBICA_AOP_1's 3d dice mode 2 is 0.5868
INFO: 5 Patient BraTS19_CBICA_ATF_1's 3d dice mode 1 is 0.5119
INFO: 5 Patient BraTS19_CBICA_ATF_1's 3d dice mode 2 is 0.4439
INFO: 6 Patient BraTS19_TCIA03_498_1's 3d dice mode 1 is 0.7140
INFO: 6 Patient BraTS19_TCIA03_498_1's 3d dice mode 2 is 0.7225
INFO: 7 Patient BraTS19_2013_18_1's 3d dice mode 1 is 0.8216
INFO: 7 Patient BraTS19_2013_18_1's 3d dice mode 2 is 0.7770
INFO: 8 Patient BraTS19_CBICA_AQR_1's 3d dice mode 1 is 0.2990
INFO: 8 Patient BraTS19_CBICA_AQR_1's 3d dice mode 2 is 0.4002
INFO: 9 Patient BraTS19_CBICA_AQT_1's 3d dice mode 1 is 0.7950
INFO: 9 Patient BraTS19_CBICA_AQT_1's 3d dice mode 2 is 0.7161
INFO: 10 Patient BraTS19_CBICA_AOS_1's 3d dice mode 1 is 0.8126
INFO: 10 Patient BraTS19_CBICA_AOS_1's 3d dice mode 2 is 0.7528
INFO: 11 Patient BraTS19_CBICA_BHZ_1's 3d dice mode 1 is 0.8816
INFO: 11 Patient BraTS19_CBICA_BHZ_1's 3d dice mode 2 is 0.7933
INFO: 12 Patient BraTS19_CBICA_AOH_1's 3d dice mode 1 is 0.3078
INFO: 12 Patient BraTS19_CBICA_AOH_1's 3d dice mode 2 is 0.2766
INFO: 13 Patient BraTS19_CBICA_BGR_1's 3d dice mode 1 is 0.5145
INFO: 13 Patient BraTS19_CBICA_BGR_1's 3d dice mode 2 is 0.5323
INFO: 14 Patient BraTS19_CBICA_AXN_1's 3d dice mode 1 is 0.5689
INFO: 14 Patient BraTS19_CBICA_AXN_1's 3d dice mode 2 is 0.4844
INFO: 15 Patient BraTS19_CBICA_AVJ_1's 3d dice mode 1 is 0.7814
INFO: 15 Patient BraTS19_CBICA_AVJ_1's 3d dice mode 2 is 0.7345
INFO: 16 Patient BraTS19_CBICA_ATB_1's 3d dice mode 1 is 0.5853
INFO: 16 Patient BraTS19_CBICA_ATB_1's 3d dice mode 2 is 0.6210
INFO: 17 Patient BraTS19_CBICA_AZH_1's 3d dice mode 1 is 0.7619
INFO: 17 Patient BraTS19_CBICA_AZH_1's 3d dice mode 2 is 0.8257
INFO: 18 Patient BraTS19_CBICA_AUX_1's 3d dice mode 1 is 0.9133
INFO: 18 Patient BraTS19_CBICA_AUX_1's 3d dice mode 2 is 0.8274
INFO: 19 Patient BraTS19_2013_19_1's 3d dice mode 1 is 0.5967
INFO: 19 Patient BraTS19_2013_19_1's 3d dice mode 2 is 0.5642
INFO: 20 Patient BraTS19_TCIA04_361_1's 3d dice mode 1 is 0.8755
INFO: 20 Patient BraTS19_TCIA04_361_1's 3d dice mode 2 is 0.8027
INFO: 21 Patient BraTS19_TCIA08_234_1's 3d dice mode 1 is 0.8402
INFO: 21 Patient BraTS19_TCIA08_234_1's 3d dice mode 2 is 0.8088
INFO: 22 Patient BraTS19_CBICA_ASA_1's 3d dice mode 1 is 0.7634
INFO: 22 Patient BraTS19_CBICA_ASA_1's 3d dice mode 2 is 0.7931
INFO: 23 Patient BraTS19_CBICA_BFB_1's 3d dice mode 1 is 0.8025
INFO: 23 Patient BraTS19_CBICA_BFB_1's 3d dice mode 2 is 0.7898
INFO: 24 Patient BraTS19_CBICA_AYC_1's 3d dice mode 1 is 0.8568
INFO: 24 Patient BraTS19_CBICA_AYC_1's 3d dice mode 2 is 0.7885
INFO: 25 Patient BraTS19_CBICA_BHK_1's 3d dice mode 1 is 0.3356
INFO: 25 Patient BraTS19_CBICA_BHK_1's 3d dice mode 2 is 0.2086
INFO: 26 Patient BraTS19_CBICA_AVF_1's 3d dice mode 1 is 0.7536
INFO: 26 Patient BraTS19_CBICA_AVF_1's 3d dice mode 2 is 0.6781
INFO: 27 Patient BraTS19_CBICA_BGE_1's 3d dice mode 1 is 0.8069
INFO: 27 Patient BraTS19_CBICA_BGE_1's 3d dice mode 2 is 0.8411
INFO: 28 Patient BraTS19_TCIA04_328_1's 3d dice mode 1 is 0.7136
INFO: 28 Patient BraTS19_TCIA04_328_1's 3d dice mode 2 is 0.6813
INFO: 29 Patient BraTS19_TCIA02_300_1's 3d dice mode 1 is 0.8446
INFO: 29 Patient BraTS19_TCIA02_300_1's 3d dice mode 2 is 0.7998
INFO: 30 Patient BraTS19_TCIA03_121_1's 3d dice mode 1 is 0.8899
INFO: 30 Patient BraTS19_TCIA03_121_1's 3d dice mode 2 is 0.8411
INFO: 31 Patient BraTS19_CBICA_AWG_1's 3d dice mode 1 is 0.7707
INFO: 31 Patient BraTS19_CBICA_AWG_1's 3d dice mode 2 is 0.8081
INFO: 32 Patient BraTS19_TCIA01_401_1's 3d dice mode 1 is 0.8424
INFO: 32 Patient BraTS19_TCIA01_401_1's 3d dice mode 2 is 0.6966
INFO: 33 Patient BraTS19_CBICA_AXQ_1's 3d dice mode 1 is 0.7084
INFO: 33 Patient BraTS19_CBICA_AXQ_1's 3d dice mode 2 is 0.7411
INFO: 34 Patient BraTS19_CBICA_AOC_1's 3d dice mode 1 is 0.5971
INFO: 34 Patient BraTS19_CBICA_AOC_1's 3d dice mode 2 is 0.6702
INFO: 35 Patient BraTS19_TCIA02_151_1's 3d dice mode 1 is 0.8745
INFO: 35 Patient BraTS19_TCIA02_151_1's 3d dice mode 2 is 0.8265
INFO: 36 Patient BraTS19_CBICA_BNR_1's 3d dice mode 1 is 0.6684
INFO: 36 Patient BraTS19_CBICA_BNR_1's 3d dice mode 2 is 0.6330
INFO: 37 Patient BraTS19_2013_21_1's 3d dice mode 1 is 0.8750
INFO: 37 Patient BraTS19_2013_21_1's 3d dice mode 2 is 0.8407
INFO: 38 Patient BraTS19_TCIA08_280_1's 3d dice mode 1 is 0.6627
INFO: 38 Patient BraTS19_TCIA08_280_1's 3d dice mode 2 is 0.7084
INFO: 39 Patient BraTS19_CBICA_AQJ_1's 3d dice mode 1 is 0.7464
INFO: 39 Patient BraTS19_CBICA_AQJ_1's 3d dice mode 2 is 0.7228
INFO: 40 Patient BraTS19_TCIA01_201_1's 3d dice mode 1 is 0.9226
INFO: 40 Patient BraTS19_TCIA01_201_1's 3d dice mode 2 is 0.8415
INFO: 41 Patient BraTS19_CBICA_AQZ_1's 3d dice mode 1 is 0.8393
INFO: 41 Patient BraTS19_CBICA_AQZ_1's 3d dice mode 2 is 0.7896
INFO: 42 Patient BraTS19_CBICA_ASV_1's 3d dice mode 1 is 0.7980
INFO: 42 Patient BraTS19_CBICA_ASV_1's 3d dice mode 2 is 0.7357
INFO: 43 Patient BraTS19_TCIA04_149_1's 3d dice mode 1 is 0.7849
INFO: 43 Patient BraTS19_TCIA04_149_1's 3d dice mode 2 is 0.8000
INFO: 44 Patient BraTS19_TCIA02_117_1's 3d dice mode 1 is 0.7071
INFO: 44 Patient BraTS19_TCIA02_117_1's 3d dice mode 2 is 0.6962
INFO: 45 Patient BraTS19_TCIA03_138_1's 3d dice mode 1 is 0.8787
INFO: 45 Patient BraTS19_TCIA03_138_1's 3d dice mode 2 is 0.8622
INFO: 46 Patient BraTS19_TCIA02_321_1's 3d dice mode 1 is 0.7859
INFO: 46 Patient BraTS19_TCIA02_321_1's 3d dice mode 2 is 0.7212
INFO: 47 Patient BraTS19_TMC_21360_1's 3d dice mode 1 is 0.8110
INFO: 47 Patient BraTS19_TMC_21360_1's 3d dice mode 2 is 0.7614
INFO: 48 Patient BraTS19_TCIA03_375_1's 3d dice mode 1 is 0.7931
INFO: 48 Patient BraTS19_TCIA03_375_1's 3d dice mode 2 is 0.8522
INFO: 49 Patient BraTS19_TCIA02_290_1's 3d dice mode 1 is 0.7258
INFO: 49 Patient BraTS19_TCIA02_290_1's 3d dice mode 2 is 0.6663
INFO: 50 Patient BraTS19_CBICA_AOO_1's 3d dice mode 1 is 0.7152
INFO: 50 Patient BraTS19_CBICA_AOO_1's 3d dice mode 2 is 0.8404
INFO: 51 Patient BraTS19_CBICA_AOZ_1's 3d dice mode 1 is 0.7381
INFO: 51 Patient BraTS19_CBICA_AOZ_1's 3d dice mode 2 is 0.7574
INFO: 52 Patient BraTS19_CBICA_ABO_1's 3d dice mode 1 is 0.6826
INFO: 52 Patient BraTS19_CBICA_ABO_1's 3d dice mode 2 is 0.5851
INFO: =================Mode 1===============
INFO: Mean 3d asd on all patients mode 1: 15.8594 
INFO: Mean 3d hd95 on all patients mode 1: 47.9837 
INFO: Mean 3d ppv on all patients mode 1: 0.7045 
INFO: Mean 3d sen on all patients mode 1: 0.8013 
INFO: Mean 3d dice on all patients mode 1: 0.7357 
INFO: =================Mode 2===============
INFO: Mean 3d asd on all patients mode 2: 10.5861 
INFO: Mean 3d hd95 on all patients mode 2: 31.4445 
INFO: Mean 3d ppv on all patients mode 2: 0.7752 
INFO: Mean 3d sen on all patients mode 2: 0.6766 
INFO: Mean 3d dice on all patients mode 2: 0.7100 
INFO: 3D Dice test time :4.76 min
