INFO: Loading model ./res-t2_t1ce-OnlyMIA_BraTs-seed-2-CMC-10%_seed_1111/model_CMCNet_last.pth
INFO: Model loaded !
INFO: data number:3626
INFO: mean dice mode 1 is 0.6442
INFO: mean dice mode 2 is 0.6006
INFO: 1 Patient BraTS19_TCIA03_199_1's 3d dice mode 1 is 0.8643
INFO: 1 Patient BraTS19_TCIA03_199_1's 3d dice mode 2 is 0.8395
INFO: 2 Patient BraTS19_TCIA06_332_1's 3d dice mode 1 is 0.7145
INFO: 2 Patient BraTS19_TCIA06_332_1's 3d dice mode 2 is 0.6758
INFO: 3 Patient BraTS19_CBICA_AMH_1's 3d dice mode 1 is 0.8651
INFO: 3 Patient BraTS19_CBICA_AMH_1's 3d dice mode 2 is 0.8184
INFO: 4 Patient BraTS19_CBICA_AOP_1's 3d dice mode 1 is 0.5129
INFO: 4 Patient BraTS19_CBICA_AOP_1's 3d dice mode 2 is 0.4473
INFO: 5 Patient BraTS19_CBICA_ATF_1's 3d dice mode 1 is 0.5087
INFO: 5 Patient BraTS19_CBICA_ATF_1's 3d dice mode 2 is 0.4799
INFO: 6 Patient BraTS19_TCIA03_498_1's 3d dice mode 1 is 0.7029
INFO: 6 Patient BraTS19_TCIA03_498_1's 3d dice mode 2 is 0.6594
INFO: 7 Patient BraTS19_2013_18_1's 3d dice mode 1 is 0.8075
INFO: 7 Patient BraTS19_2013_18_1's 3d dice mode 2 is 0.7711
INFO: 8 Patient BraTS19_CBICA_AQR_1's 3d dice mode 1 is 0.2907
INFO: 8 Patient BraTS19_CBICA_AQR_1's 3d dice mode 2 is 0.2512
INFO: 9 Patient BraTS19_CBICA_AQT_1's 3d dice mode 1 is 0.7901
INFO: 9 Patient BraTS19_CBICA_AQT_1's 3d dice mode 2 is 0.7912
INFO: 10 Patient BraTS19_CBICA_AOS_1's 3d dice mode 1 is 0.8033
INFO: 10 Patient BraTS19_CBICA_AOS_1's 3d dice mode 2 is 0.7574
INFO: 11 Patient BraTS19_CBICA_BHZ_1's 3d dice mode 1 is 0.8722
INFO: 11 Patient BraTS19_CBICA_BHZ_1's 3d dice mode 2 is 0.8368
INFO: 12 Patient BraTS19_CBICA_AOH_1's 3d dice mode 1 is 0.3076
INFO: 12 Patient BraTS19_CBICA_AOH_1's 3d dice mode 2 is 0.2660
INFO: 13 Patient BraTS19_CBICA_BGR_1's 3d dice mode 1 is 0.5137
INFO: 13 Patient BraTS19_CBICA_BGR_1's 3d dice mode 2 is 0.4874
INFO: 14 Patient BraTS19_CBICA_AXN_1's 3d dice mode 1 is 0.5731
INFO: 14 Patient BraTS19_CBICA_AXN_1's 3d dice mode 2 is 0.5116
INFO: 15 Patient BraTS19_CBICA_AVJ_1's 3d dice mode 1 is 0.7762
INFO: 15 Patient BraTS19_CBICA_AVJ_1's 3d dice mode 2 is 0.6972
INFO: 16 Patient BraTS19_CBICA_ATB_1's 3d dice mode 1 is 0.5726
INFO: 16 Patient BraTS19_CBICA_ATB_1's 3d dice mode 2 is 0.5377
INFO: 17 Patient BraTS19_CBICA_AZH_1's 3d dice mode 1 is 0.7668
INFO: 17 Patient BraTS19_CBICA_AZH_1's 3d dice mode 2 is 0.7441
INFO: 18 Patient BraTS19_CBICA_AUX_1's 3d dice mode 1 is 0.9014
INFO: 18 Patient BraTS19_CBICA_AUX_1's 3d dice mode 2 is 0.8654
INFO: 19 Patient BraTS19_2013_19_1's 3d dice mode 1 is 0.5587
INFO: 19 Patient BraTS19_2013_19_1's 3d dice mode 2 is 0.5189
INFO: 20 Patient BraTS19_TCIA04_361_1's 3d dice mode 1 is 0.8627
INFO: 20 Patient BraTS19_TCIA04_361_1's 3d dice mode 2 is 0.8473
INFO: 21 Patient BraTS19_TCIA08_234_1's 3d dice mode 1 is 0.8352
INFO: 21 Patient BraTS19_TCIA08_234_1's 3d dice mode 2 is 0.7902
INFO: 22 Patient BraTS19_CBICA_ASA_1's 3d dice mode 1 is 0.7553
INFO: 22 Patient BraTS19_CBICA_ASA_1's 3d dice mode 2 is 0.7482
INFO: 23 Patient BraTS19_CBICA_BFB_1's 3d dice mode 1 is 0.7988
INFO: 23 Patient BraTS19_CBICA_BFB_1's 3d dice mode 2 is 0.7437
INFO: 24 Patient BraTS19_CBICA_AYC_1's 3d dice mode 1 is 0.8476
INFO: 24 Patient BraTS19_CBICA_AYC_1's 3d dice mode 2 is 0.8154
INFO: 25 Patient BraTS19_CBICA_BHK_1's 3d dice mode 1 is 0.3340
INFO: 25 Patient BraTS19_CBICA_BHK_1's 3d dice mode 2 is 0.1875
INFO: 26 Patient BraTS19_CBICA_AVF_1's 3d dice mode 1 is 0.7451
INFO: 26 Patient BraTS19_CBICA_AVF_1's 3d dice mode 2 is 0.7422
INFO: 27 Patient BraTS19_CBICA_BGE_1's 3d dice mode 1 is 0.8008
INFO: 27 Patient BraTS19_CBICA_BGE_1's 3d dice mode 2 is 0.7883
INFO: 28 Patient BraTS19_TCIA04_328_1's 3d dice mode 1 is 0.6948
INFO: 28 Patient BraTS19_TCIA04_328_1's 3d dice mode 2 is 0.6504
INFO: 29 Patient BraTS19_TCIA02_300_1's 3d dice mode 1 is 0.8387
INFO: 29 Patient BraTS19_TCIA02_300_1's 3d dice mode 2 is 0.7934
INFO: 30 Patient BraTS19_TCIA03_121_1's 3d dice mode 1 is 0.8822
INFO: 30 Patient BraTS19_TCIA03_121_1's 3d dice mode 2 is 0.8628
INFO: 31 Patient BraTS19_CBICA_AWG_1's 3d dice mode 1 is 0.7581
INFO: 31 Patient BraTS19_CBICA_AWG_1's 3d dice mode 2 is 0.7131
INFO: 32 Patient BraTS19_TCIA01_401_1's 3d dice mode 1 is 0.8295
INFO: 32 Patient BraTS19_TCIA01_401_1's 3d dice mode 2 is 0.7894
INFO: 33 Patient BraTS19_CBICA_AXQ_1's 3d dice mode 1 is 0.7121
INFO: 33 Patient BraTS19_CBICA_AXQ_1's 3d dice mode 2 is 0.6224
INFO: 34 Patient BraTS19_CBICA_AOC_1's 3d dice mode 1 is 0.6010
INFO: 34 Patient BraTS19_CBICA_AOC_1's 3d dice mode 2 is 0.5173
INFO: 35 Patient BraTS19_TCIA02_151_1's 3d dice mode 1 is 0.8679
INFO: 35 Patient BraTS19_TCIA02_151_1's 3d dice mode 2 is 0.8088
INFO: 36 Patient BraTS19_CBICA_BNR_1's 3d dice mode 1 is 0.6633
INFO: 36 Patient BraTS19_CBICA_BNR_1's 3d dice mode 2 is 0.5865
INFO: 37 Patient BraTS19_2013_21_1's 3d dice mode 1 is 0.8651
INFO: 37 Patient BraTS19_2013_21_1's 3d dice mode 2 is 0.8243
INFO: 38 Patient BraTS19_TCIA08_280_1's 3d dice mode 1 is 0.6738
INFO: 38 Patient BraTS19_TCIA08_280_1's 3d dice mode 2 is 0.6131
INFO: 39 Patient BraTS19_CBICA_AQJ_1's 3d dice mode 1 is 0.7493
INFO: 39 Patient BraTS19_CBICA_AQJ_1's 3d dice mode 2 is 0.6887
INFO: 40 Patient BraTS19_TCIA01_201_1's 3d dice mode 1 is 0.9200
INFO: 40 Patient BraTS19_TCIA01_201_1's 3d dice mode 2 is 0.8759
INFO: 41 Patient BraTS19_CBICA_AQZ_1's 3d dice mode 1 is 0.8251
INFO: 41 Patient BraTS19_CBICA_AQZ_1's 3d dice mode 2 is 0.7945
INFO: 42 Patient BraTS19_CBICA_ASV_1's 3d dice mode 1 is 0.7644
INFO: 42 Patient BraTS19_CBICA_ASV_1's 3d dice mode 2 is 0.7536
INFO: 43 Patient BraTS19_TCIA04_149_1's 3d dice mode 1 is 0.7866
INFO: 43 Patient BraTS19_TCIA04_149_1's 3d dice mode 2 is 0.7213
INFO: 44 Patient BraTS19_TCIA02_117_1's 3d dice mode 1 is 0.6946
INFO: 44 Patient BraTS19_TCIA02_117_1's 3d dice mode 2 is 0.6731
INFO: 45 Patient BraTS19_TCIA03_138_1's 3d dice mode 1 is 0.8805
INFO: 45 Patient BraTS19_TCIA03_138_1's 3d dice mode 2 is 0.8693
INFO: 46 Patient BraTS19_TCIA02_321_1's 3d dice mode 1 is 0.7851
INFO: 46 Patient BraTS19_TCIA02_321_1's 3d dice mode 2 is 0.7826
INFO: 47 Patient BraTS19_TMC_21360_1's 3d dice mode 1 is 0.8142
INFO: 47 Patient BraTS19_TMC_21360_1's 3d dice mode 2 is 0.7834
INFO: 48 Patient BraTS19_TCIA03_375_1's 3d dice mode 1 is 0.7935
INFO: 48 Patient BraTS19_TCIA03_375_1's 3d dice mode 2 is 0.7699
INFO: 49 Patient BraTS19_TCIA02_290_1's 3d dice mode 1 is 0.7159
INFO: 49 Patient BraTS19_TCIA02_290_1's 3d dice mode 2 is 0.6996
INFO: 50 Patient BraTS19_CBICA_AOO_1's 3d dice mode 1 is 0.7060
INFO: 50 Patient BraTS19_CBICA_AOO_1's 3d dice mode 2 is 0.6839
INFO: 51 Patient BraTS19_CBICA_AOZ_1's 3d dice mode 1 is 0.7342
INFO: 51 Patient BraTS19_CBICA_AOZ_1's 3d dice mode 2 is 0.7048
INFO: 52 Patient BraTS19_CBICA_ABO_1's 3d dice mode 1 is 0.6508
INFO: 52 Patient BraTS19_CBICA_ABO_1's 3d dice mode 2 is 0.6627
INFO: =================Mode 1===============
INFO: Mean 3d asd on all patients mode 1: 16.1051 
INFO: Mean 3d hd95 on all patients mode 1: 48.2793 
INFO: Mean 3d ppv on all patients mode 1: 0.7074 
INFO: Mean 3d sen on all patients mode 1: 0.7834 
INFO: Mean 3d dice on all patients mode 1: 0.7286 
INFO: =================Mode 2===============
INFO: Mean 3d asd on all patients mode 2: 16.9500 
INFO: Mean 3d hd95 on all patients mode 2: 48.6128 
INFO: Mean 3d ppv on all patients mode 2: 0.6394 
INFO: Mean 3d sen on all patients mode 2: 0.7916 
INFO: Mean 3d dice on all patients mode 2: 0.6897 
INFO: 3D Dice test time :4.78 min
