INFO: set random seed: 1111
INFO: Using device : cuda
	GPU ID is [0],using 1 device
	device name:NVIDIA GeForce RTX 4060 Ti
INFO: ============ Start  train ==============
INFO: Creating total train dataset with 13598 examples
INFO: Creating factual train dataset with 13598 examples
INFO: Creating total val dataset with 3626 examples
INFO: Creating factual val dataset with 3626 examples
INFO: Creating total val_3d dataset with 8060 examples
INFO: Creating factual val_3d dataset with 8060 examples
INFO: Train Data: Labeled data is: <1359>, Total data is: 13598
INFO: Starting training:
	start_time:     2025-10-17 04:34:23
	base_dir:       res-t2_t1ce-OnlyMIA_BraTs-seed-2-CMC-10%_seed_1111
	data_path:      A:\Dat\semi-CML-public\dataset\BraTS_slice
	train_list:     randP1_slice_nidus_train.list
	val_list:       randP1_slice_nidus_val.list
	img_mode:       t2_t1ce
	lr_scheduler:   warmupMultistep
	max_epoch:      81
	batch_size:     24
	labeled_bs:     20
	labeled_rate:   0.1
	unsup_epoch:    0
	images_rate:    1
	base_lr:        0.006
	step_num_lr:    4
	weight_decay:   0.0004
	optim_name:     adam
	loss_name:      bce
	bce_w:          10.0
	dice_w:         7.0
	consistency:    1.0
	cons_ramp_type: sig_ram
	nce_weight:     3.5
	sur_siml:       dice
	pHead_sur:      set_false
	M2_epoch:       51
	T_epoch:        10
	T_num:          4
	bma_update_pool_num:6
	M2_epoch_all:   0
	m1_alpha:       0.1
	m2_alpha:       0.1
	teach_m2_WP_epoch:3
	start_fusion_epoch:82
	will_eval:      0
	val_3d_interval:4
	Net Name:		CMCNet
	Input Channel:	1
	Classes Num:	1
	Images Shape:	160*160
INFO: Epoch:[000/081], Train Loss: 1.2242 , Sup Loss 1.2242, CSC_Loss 0.0000, CAC_loss 0.0000 , Train Dice: mode1 0.5532 mode2 0.4013 ,LR: 0.001500
INFO: Epoch:[001/081], Train Loss: 1.0814 , Sup Loss 1.0814, CSC_Loss 0.0000, CAC_loss 0.0000 , Train Dice: mode1 0.6230 mode2 0.5300 ,LR: 0.002250
INFO: Epoch:[002/081], Train Loss: 1.0389 , Sup Loss 1.0389, CSC_Loss 0.0000, CAC_loss 0.0000 , Train Dice: mode1 0.6484 mode2 0.5058 ,LR: 0.003000
INFO: Epoch:[003/081], Train Loss: 1.0393 , Sup Loss 1.0393, CSC_Loss 0.0000, CAC_loss 0.0000 , Train Dice: mode1 0.6466 mode2 0.4663 ,LR: 0.003750
INFO: Epoch:[004/081], Train Loss: 1.0310 , Sup Loss 1.0310, CSC_Loss 0.0000, CAC_loss 0.0000 , Train Dice: mode1 0.6521 mode2 0.4875 ,LR: 0.004500
INFO: set random seed: 1111
INFO: Using device : cuda
	GPU ID is [0],using 1 device
	device name:NVIDIA GeForce RTX 4060 Ti
INFO: ============ Start  train ==============
INFO: Creating total train dataset with 13598 examples
INFO: Creating factual train dataset with 13598 examples
INFO: Creating total val dataset with 3626 examples
INFO: Creating factual val dataset with 3626 examples
INFO: Creating total val_3d dataset with 8060 examples
INFO: Creating factual val_3d dataset with 8060 examples
INFO: Train Data: Labeled data is: <1359>, Total data is: 13598
INFO: Starting training:
	start_time:     2025-10-17 05:44:35
	base_dir:       res-t2_t1ce-OnlyMIA_BraTs-seed-2-CMC-10%_seed_1111
	data_path:      A:\Dat\semi-CML-public\dataset\BraTS_slice
	train_list:     randP1_slice_nidus_train.list
	val_list:       randP1_slice_nidus_val.list
	img_mode:       t2_t1ce
	lr_scheduler:   warmupMultistep
	max_epoch:      81
	batch_size:     24
	labeled_bs:     20
	labeled_rate:   0.1
	unsup_epoch:    0
	images_rate:    1
	base_lr:        0.006
	step_num_lr:    4
	weight_decay:   0.0004
	optim_name:     adam
	loss_name:      bce
	bce_w:          10.0
	dice_w:         7.0
	consistency:    1.0
	cons_ramp_type: sig_ram
	nce_weight:     3.5
	sur_siml:       dice
	pHead_sur:      set_false
	M2_epoch:       51
	T_epoch:        10
	T_num:          4
	bma_update_pool_num:6
	M2_epoch_all:   0
	m1_alpha:       0.1
	m2_alpha:       0.1
	teach_m2_WP_epoch:3
	start_fusion_epoch:82
	will_eval:      0
	val_3d_interval:4
	Net Name:		CMCNet
	Input Channel:	1
	Classes Num:	1
	Images Shape:	160*160
INFO: Epoch:[000/081], Train Loss: 1.2242 , Sup Loss 1.2242, CSC_Loss 0.0000, CAC_loss 0.0000 , Train Dice: mode1 0.5532 mode2 0.4013 ,LR: 0.001500
INFO: Epoch:[001/081], Train Loss: 1.0814 , Sup Loss 1.0814, CSC_Loss 0.0000, CAC_loss 0.0000 , Train Dice: mode1 0.6230 mode2 0.5300 ,LR: 0.002250
INFO: Epoch:[002/081], Train Loss: 1.0389 , Sup Loss 1.0389, CSC_Loss 0.0000, CAC_loss 0.0000 , Train Dice: mode1 0.6484 mode2 0.5058 ,LR: 0.003000
INFO: Epoch:[003/081], Train Loss: 1.0393 , Sup Loss 1.0393, CSC_Loss 0.0000, CAC_loss 0.0000 , Train Dice: mode1 0.6466 mode2 0.4663 ,LR: 0.003750
INFO: Epoch:[004/081], Train Loss: 1.0310 , Sup Loss 1.0310, CSC_Loss 0.0000, CAC_loss 0.0000 , Train Dice: mode1 0.6521 mode2 0.4875 ,LR: 0.004500
INFO: Epoch:[005/081], Train Loss: 1.0403 , Sup Loss 1.0403, CSC_Loss 0.0000, CAC_loss 0.0000 , Train Dice: mode1 0.6422 mode2 0.4592 ,LR: 0.005250
INFO: Epoch:[006/081], Train Loss: 1.0293 , Sup Loss 1.0293, CSC_Loss 0.0000, CAC_loss 0.0000 , Train Dice: mode1 0.6618 mode2 0.4643 ,LR: 0.006000
INFO: Epoch:[007/081], Train Loss: 1.0709 , Sup Loss 1.0709, CSC_Loss 0.0000, CAC_loss 0.0000 , Train Dice: mode1 0.5912 mode2 0.4012 ,LR: 0.006000
INFO: Epoch:[008/081], Train Loss: 1.0374 , Sup Loss 1.0374, CSC_Loss 0.0000, CAC_loss 0.0000 , Train Dice: mode1 0.6403 mode2 0.4706 ,LR: 0.006000
INFO: Epoch:[009/081], Train Loss: 1.0159 , Sup Loss 1.0159, CSC_Loss 0.0000, CAC_loss 0.0000 , Train Dice: mode1 0.6733 mode2 0.4979 ,LR: 0.006000
INFO: Epoch:[010/081], Train Loss: 1.0058 , Sup Loss 1.0058, CSC_Loss 0.0000, CAC_loss 0.0000 , Train Dice: mode1 0.6874 mode2 0.5310 ,LR: 0.006000
INFO: Epoch:[011/081], Train Loss: 1.0053 , Sup Loss 1.0053, CSC_Loss 0.0000, CAC_loss 0.0000 , Train Dice: mode1 0.6839 mode2 0.5518 ,LR: 0.000600
INFO: Epoch:[012/081], Train Loss: 0.9878 , Sup Loss 0.9878, CSC_Loss 0.0000, CAC_loss 0.0000 , Train Dice: mode1 0.7112 mode2 0.5908 ,LR: 0.000600
INFO: Epoch:[013/081], Train Loss: 0.9732 , Sup Loss 0.9732, CSC_Loss 0.0000, CAC_loss 0.0000 , Train Dice: mode1 0.7327 mode2 0.6042 ,LR: 0.000600
INFO: Epoch:[014/081], Train Loss: 0.9669 , Sup Loss 0.9669, CSC_Loss 0.0000, CAC_loss 0.0000 , Train Dice: mode1 0.7409 mode2 0.6224 ,LR: 0.000600
INFO: Epoch:[015/081], Train Loss: 0.9668 , Sup Loss 0.9668, CSC_Loss 0.0000, CAC_loss 0.0000 , Train Dice: mode1 0.7415 mode2 0.6228 ,LR: 0.000600
INFO: Epoch:[016/081], Train Loss: 0.9615 , Sup Loss 0.9615, CSC_Loss 0.0000, CAC_loss 0.0000 , Train Dice: mode1 0.7496 mode2 0.6288 ,LR: 0.000600
INFO: Epoch:[017/081], Train Loss: 0.9560 , Sup Loss 0.9560, CSC_Loss 0.0000, CAC_loss 0.0000 , Train Dice: mode1 0.7593 mode2 0.6459 ,LR: 0.000600
INFO: Epoch:[018/081], Train Loss: 0.9543 , Sup Loss 0.9543, CSC_Loss 0.0000, CAC_loss 0.0000 , Train Dice: mode1 0.7621 mode2 0.6488 ,LR: 0.000600
INFO: Epoch:[019/081], Train Loss: 0.9506 , Sup Loss 0.9506, CSC_Loss 0.0000, CAC_loss 0.0000 , Train Dice: mode1 0.7677 mode2 0.6517 ,LR: 0.000600
INFO: Epoch:[020/081], Train Loss: 0.9513 , Sup Loss 0.9513, CSC_Loss 0.0000, CAC_loss 0.0000 , Train Dice: mode1 0.7669 mode2 0.6500 ,LR: 0.000600
INFO: Epoch:[021/081], Train Loss: 0.9521 , Sup Loss 0.9521, CSC_Loss 0.0000, CAC_loss 0.0000 , Train Dice: mode1 0.7652 mode2 0.6572 ,LR: 0.000600
INFO: Epoch:[022/081], Train Loss: 0.9443 , Sup Loss 0.9443, CSC_Loss 0.0000, CAC_loss 0.0000 , Train Dice: mode1 0.7791 mode2 0.6634 ,LR: 0.000600
INFO: Epoch:[023/081], Train Loss: 0.9443 , Sup Loss 0.9443, CSC_Loss 0.0000, CAC_loss 0.0000 , Train Dice: mode1 0.7809 mode2 0.6589 ,LR: 0.000600
INFO: Epoch:[024/081], Train Loss: 0.9433 , Sup Loss 0.9433, CSC_Loss 0.0000, CAC_loss 0.0000 , Train Dice: mode1 0.7831 mode2 0.6644 ,LR: 0.000600
INFO: Epoch:[025/081], Train Loss: 0.9424 , Sup Loss 0.9424, CSC_Loss 0.0000, CAC_loss 0.0000 , Train Dice: mode1 0.7833 mode2 0.6681 ,LR: 0.000600
INFO: Epoch:[026/081], Train Loss: 0.9384 , Sup Loss 0.9384, CSC_Loss 0.0000, CAC_loss 0.0000 , Train Dice: mode1 0.7889 mode2 0.6727 ,LR: 0.000600
INFO: Epoch:[027/081], Train Loss: 0.9363 , Sup Loss 0.9363, CSC_Loss 0.0000, CAC_loss 0.0000 , Train Dice: mode1 0.7938 mode2 0.6769 ,LR: 0.000060
INFO: Epoch:[028/081], Train Loss: 0.9301 , Sup Loss 0.9301, CSC_Loss 0.0000, CAC_loss 0.0000 , Train Dice: mode1 0.8054 mode2 0.6945 ,LR: 0.000060
INFO: Epoch:[029/081], Train Loss: 0.9264 , Sup Loss 0.9264, CSC_Loss 0.0000, CAC_loss 0.0000 , Train Dice: mode1 0.8109 mode2 0.6986 ,LR: 0.000060
INFO: Epoch:[030/081], Train Loss: 0.9253 , Sup Loss 0.9253, CSC_Loss 0.0000, CAC_loss 0.0000 , Train Dice: mode1 0.8142 mode2 0.7010 ,LR: 0.000060
INFO: Epoch:[031/081], Train Loss: 0.9237 , Sup Loss 0.9237, CSC_Loss 0.0000, CAC_loss 0.0000 , Train Dice: mode1 0.8169 mode2 0.7021 ,LR: 0.000060
INFO: Epoch:[032/081], Train Loss: 0.9226 , Sup Loss 0.9226, CSC_Loss 0.0000, CAC_loss 0.0000 , Train Dice: mode1 0.8182 mode2 0.7039 ,LR: 0.000060
INFO: Epoch:[033/081], Train Loss: 0.9231 , Sup Loss 0.9231, CSC_Loss 0.0000, CAC_loss 0.0000 , Train Dice: mode1 0.8180 mode2 0.7015 ,LR: 0.000060
INFO: Epoch:[034/081], Train Loss: 0.9223 , Sup Loss 0.9223, CSC_Loss 0.0000, CAC_loss 0.0000 , Train Dice: mode1 0.8189 mode2 0.7038 ,LR: 0.000060
INFO: Epoch:[035/081], Train Loss: 0.9216 , Sup Loss 0.9216, CSC_Loss 0.0000, CAC_loss 0.0000 , Train Dice: mode1 0.8199 mode2 0.7046 ,LR: 0.000060
INFO: Epoch:[036/081], Train Loss: 0.9207 , Sup Loss 0.9207, CSC_Loss 0.0000, CAC_loss 0.0000 , Train Dice: mode1 0.8232 mode2 0.7047 ,LR: 0.000060
INFO: Epoch:[037/081], Train Loss: 0.9175 , Sup Loss 0.9175, CSC_Loss 0.0000, CAC_loss 0.0000 , Train Dice: mode1 0.8280 mode2 0.7100 ,LR: 0.000060
INFO: Epoch:[038/081], Train Loss: 0.9183 , Sup Loss 0.9183, CSC_Loss 0.0000, CAC_loss 0.0000 , Train Dice: mode1 0.8263 mode2 0.7078 ,LR: 0.000060
INFO: Epoch:[039/081], Train Loss: 0.9178 , Sup Loss 0.9178, CSC_Loss 0.0000, CAC_loss 0.0000 , Train Dice: mode1 0.8277 mode2 0.7071 ,LR: 0.000060
INFO: Epoch:[040/081], Train Loss: 0.9164 , Sup Loss 0.9164, CSC_Loss 0.0000, CAC_loss 0.0000 , Train Dice: mode1 0.8292 mode2 0.7090 ,LR: 0.000060
INFO: Epoch:[041/081], Train Loss: 0.9162 , Sup Loss 0.9162, CSC_Loss 0.0000, CAC_loss 0.0000 , Train Dice: mode1 0.8317 mode2 0.7087 ,LR: 0.000060
INFO: Epoch:[042/081], Train Loss: 0.9162 , Sup Loss 0.9162, CSC_Loss 0.0000, CAC_loss 0.0000 , Train Dice: mode1 0.8304 mode2 0.7090 ,LR: 0.000060
INFO: Epoch:[043/081], Train Loss: 0.9166 , Sup Loss 0.9166, CSC_Loss 0.0000, CAC_loss 0.0000 , Train Dice: mode1 0.8295 mode2 0.7130 ,LR: 0.000006
INFO: Epoch:[044/081], Train Loss: 0.9131 , Sup Loss 0.9131, CSC_Loss 0.0000, CAC_loss 0.0000 , Train Dice: mode1 0.8364 mode2 0.7128 ,LR: 0.000006
INFO: Epoch:[045/081], Train Loss: 0.9145 , Sup Loss 0.9145, CSC_Loss 0.0000, CAC_loss 0.0000 , Train Dice: mode1 0.8345 mode2 0.7128 ,LR: 0.000006
INFO: Epoch:[046/081], Train Loss: 0.9122 , Sup Loss 0.9122, CSC_Loss 0.0000, CAC_loss 0.0000 , Train Dice: mode1 0.8374 mode2 0.7169 ,LR: 0.000006
INFO: Epoch:[047/081], Train Loss: 0.9138 , Sup Loss 0.9138, CSC_Loss 0.0000, CAC_loss 0.0000 , Train Dice: mode1 0.8356 mode2 0.7117 ,LR: 0.000006
INFO: Epoch:[048/081], Train Loss: 0.9121 , Sup Loss 0.9121, CSC_Loss 0.0000, CAC_loss 0.0000 , Train Dice: mode1 0.8376 mode2 0.7165 ,LR: 0.000006
INFO: Epoch:[049/081], Train Loss: 0.9137 , Sup Loss 0.9137, CSC_Loss 0.0000, CAC_loss 0.0000 , Train Dice: mode1 0.8361 mode2 0.7146 ,LR: 0.000006
INFO: Epoch:[050/081], Train Loss: 0.9127 , Sup Loss 0.9127, CSC_Loss 0.0000, CAC_loss 0.0000 , Train Dice: mode1 0.8376 mode2 0.7128 ,LR: 0.000006
INFO: Epoch:[051/081], Train Loss: 0.9119 , Sup Loss 0.9119, CSC_Loss 0.0000, CAC_loss 0.0000 , Train Dice: mode1 0.8384 mode2 0.7158 ,LR: 0.000006
INFO: Epoch:[052/081], Train Loss: 0.9118 , Sup Loss 0.9118, CSC_Loss 0.0000, CAC_loss 0.0000 , Train Dice: mode1 0.8395 mode2 0.7141 ,LR: 0.000006
INFO: Epoch:[053/081], Train Loss: 0.9119 , Sup Loss 0.9119, CSC_Loss 0.0000, CAC_loss 0.0000 , Train Dice: mode1 0.8391 mode2 0.7165 ,LR: 0.000006
INFO: Epoch:[054/081], Train Loss: 0.9121 , Sup Loss 0.9121, CSC_Loss 0.0000, CAC_loss 0.0000 , Train Dice: mode1 0.8374 mode2 0.7158 ,LR: 0.000006
INFO: Epoch:[055/081], Train Loss: 0.9112 , Sup Loss 0.9112, CSC_Loss 0.0000, CAC_loss 0.0000 , Train Dice: mode1 0.8393 mode2 0.7161 ,LR: 0.000001
INFO: Epoch:[056/081], Train Loss: 0.9117 , Sup Loss 0.9117, CSC_Loss 0.0000, CAC_loss 0.0000 , Train Dice: mode1 0.8402 mode2 0.7132 ,LR: 0.000001
INFO: Epoch:[057/081], Train Loss: 0.9115 , Sup Loss 0.9115, CSC_Loss 0.0000, CAC_loss 0.0000 , Train Dice: mode1 0.8400 mode2 0.7162 ,LR: 0.000001
INFO: Epoch:[058/081], Train Loss: 0.9116 , Sup Loss 0.9116, CSC_Loss 0.0000, CAC_loss 0.0000 , Train Dice: mode1 0.8386 mode2 0.7139 ,LR: 0.000001
INFO: Epoch:[059/081], Train Loss: 0.9119 , Sup Loss 0.9119, CSC_Loss 0.0000, CAC_loss 0.0000 , Train Dice: mode1 0.8373 mode2 0.7143 ,LR: 0.000001
INFO: Epoch:[060/081], Train Loss: 0.9119 , Sup Loss 0.9119, CSC_Loss 0.0000, CAC_loss 0.0000 , Train Dice: mode1 0.8389 mode2 0.7158 ,LR: 0.000001
INFO: Epoch:[061/081], Train Loss: 0.9109 , Sup Loss 0.9109, CSC_Loss 0.0000, CAC_loss 0.0000 , Train Dice: mode1 0.8410 mode2 0.7169 ,LR: 0.000001
INFO: Epoch:[062/081], Train Loss: 0.9118 , Sup Loss 0.9118, CSC_Loss 0.0000, CAC_loss 0.0000 , Train Dice: mode1 0.8388 mode2 0.7165 ,LR: 0.000001
INFO: Epoch:[063/081], Train Loss: 0.9125 , Sup Loss 0.9125, CSC_Loss 0.0000, CAC_loss 0.0000 , Train Dice: mode1 0.8379 mode2 0.7158 ,LR: 0.000001
INFO: Epoch:[064/081], Train Loss: 0.9127 , Sup Loss 0.9127, CSC_Loss 0.0000, CAC_loss 0.0000 , Train Dice: mode1 0.8387 mode2 0.7132 ,LR: 0.000001
INFO: Epoch:[065/081], Train Loss: 0.9117 , Sup Loss 0.9117, CSC_Loss 0.0000, CAC_loss 0.0000 , Train Dice: mode1 0.8406 mode2 0.7141 ,LR: 0.000001
INFO: Epoch:[066/081], Train Loss: 0.9126 , Sup Loss 0.9126, CSC_Loss 0.0000, CAC_loss 0.0000 , Train Dice: mode1 0.8379 mode2 0.7114 ,LR: 0.000001
INFO: Epoch:[067/081], Train Loss: 0.9115 , Sup Loss 0.9115, CSC_Loss 0.0000, CAC_loss 0.0000 , Train Dice: mode1 0.8392 mode2 0.7164 ,LR: 0.000001
INFO: Epoch:[068/081], Train Loss: 0.9109 , Sup Loss 0.9109, CSC_Loss 0.0000, CAC_loss 0.0000 , Train Dice: mode1 0.8398 mode2 0.7180 ,LR: 0.000001
INFO: Epoch:[069/081], Train Loss: 0.9123 , Sup Loss 0.9123, CSC_Loss 0.0000, CAC_loss 0.0000 , Train Dice: mode1 0.8390 mode2 0.7197 ,LR: 0.000001
INFO: Epoch:[070/081], Train Loss: 0.9111 , Sup Loss 0.9111, CSC_Loss 0.0000, CAC_loss 0.0000 , Train Dice: mode1 0.8403 mode2 0.7150 ,LR: 0.000001
INFO: Epoch:[071/081], Train Loss: 0.9122 , Sup Loss 0.9122, CSC_Loss 0.0000, CAC_loss 0.0000 , Train Dice: mode1 0.8393 mode2 0.7154 ,LR: 0.000001
INFO: Epoch:[072/081], Train Loss: 0.9127 , Sup Loss 0.9127, CSC_Loss 0.0000, CAC_loss 0.0000 , Train Dice: mode1 0.8370 mode2 0.7148 ,LR: 0.000001
INFO: Epoch:[073/081], Train Loss: 0.9116 , Sup Loss 0.9116, CSC_Loss 0.0000, CAC_loss 0.0000 , Train Dice: mode1 0.8390 mode2 0.7149 ,LR: 0.000001
INFO: Epoch:[074/081], Train Loss: 0.9114 , Sup Loss 0.9114, CSC_Loss 0.0000, CAC_loss 0.0000 , Train Dice: mode1 0.8397 mode2 0.7162 ,LR: 0.000001
INFO: Epoch:[075/081], Train Loss: 0.9117 , Sup Loss 0.9117, CSC_Loss 0.0000, CAC_loss 0.0000 , Train Dice: mode1 0.8396 mode2 0.7141 ,LR: 0.000001
INFO: Epoch:[076/081], Train Loss: 0.9118 , Sup Loss 0.9118, CSC_Loss 0.0000, CAC_loss 0.0000 , Train Dice: mode1 0.8396 mode2 0.7153 ,LR: 0.000001
INFO: Epoch:[077/081], Train Loss: 0.9131 , Sup Loss 0.9131, CSC_Loss 0.0000, CAC_loss 0.0000 , Train Dice: mode1 0.8374 mode2 0.7150 ,LR: 0.000001
INFO: Epoch:[078/081], Train Loss: 0.9107 , Sup Loss 0.9107, CSC_Loss 0.0000, CAC_loss 0.0000 , Train Dice: mode1 0.8412 mode2 0.7172 ,LR: 0.000001
INFO: Epoch:[079/081], Train Loss: 0.9115 , Sup Loss 0.9115, CSC_Loss 0.0000, CAC_loss 0.0000 , Train Dice: mode1 0.8386 mode2 0.7159 ,LR: 0.000001
INFO: Epoch:[080/081], Train Loss: 0.9112 , Sup Loss 0.9112, CSC_Loss 0.0000, CAC_loss 0.0000 , Train Dice: mode1 0.8391 mode2 0.7153 ,LR: 0.000001
INFO: Model saved !
INFO: Train finished time: 2025-10-17 07:37:10
INFO: Time consuming : 112.59 min in train and test
