INFO: Loading model ./res-t2_t1ce-BraTs-seed-2-CMC-10%_seed_1111_2nd/model_CMCNet_last.pth
INFO: Model loaded !
INFO: data number:3626
INFO: mean dice mode 1 is 0.6508
INFO: mean dice mode 2 is 0.6176
INFO: 1 Patient BraTS19_TCIA03_199_1's 3d dice mode 1 is 0.8750
INFO: 1 Patient BraTS19_TCIA03_199_1's 3d dice mode 2 is 0.8535
INFO: 2 Patient BraTS19_TCIA06_332_1's 3d dice mode 1 is 0.7866
INFO: 2 Patient BraTS19_TCIA06_332_1's 3d dice mode 2 is 0.7489
INFO: 3 Patient BraTS19_CBICA_AMH_1's 3d dice mode 1 is 0.8354
INFO: 3 Patient BraTS19_CBICA_AMH_1's 3d dice mode 2 is 0.8124
INFO: 4 Patient BraTS19_CBICA_AOP_1's 3d dice mode 1 is 0.4332
INFO: 4 Patient BraTS19_CBICA_AOP_1's 3d dice mode 2 is 0.4655
INFO: 5 Patient BraTS19_CBICA_ATF_1's 3d dice mode 1 is 0.4492
INFO: 5 Patient BraTS19_CBICA_ATF_1's 3d dice mode 2 is 0.4287
INFO: 6 Patient BraTS19_TCIA03_498_1's 3d dice mode 1 is 0.6808
INFO: 6 Patient BraTS19_TCIA03_498_1's 3d dice mode 2 is 0.6718
INFO: 7 Patient BraTS19_2013_18_1's 3d dice mode 1 is 0.8237
INFO: 7 Patient BraTS19_2013_18_1's 3d dice mode 2 is 0.8015
INFO: 8 Patient BraTS19_CBICA_AQR_1's 3d dice mode 1 is 0.2045
INFO: 8 Patient BraTS19_CBICA_AQR_1's 3d dice mode 2 is 0.2366
INFO: 9 Patient BraTS19_CBICA_AQT_1's 3d dice mode 1 is 0.8163
INFO: 9 Patient BraTS19_CBICA_AQT_1's 3d dice mode 2 is 0.8328
INFO: 10 Patient BraTS19_CBICA_AOS_1's 3d dice mode 1 is 0.8394
INFO: 10 Patient BraTS19_CBICA_AOS_1's 3d dice mode 2 is 0.8027
INFO: 11 Patient BraTS19_CBICA_BHZ_1's 3d dice mode 1 is 0.8757
INFO: 11 Patient BraTS19_CBICA_BHZ_1's 3d dice mode 2 is 0.8588
INFO: 12 Patient BraTS19_CBICA_AOH_1's 3d dice mode 1 is 0.3290
INFO: 12 Patient BraTS19_CBICA_AOH_1's 3d dice mode 2 is 0.3248
INFO: 13 Patient BraTS19_CBICA_BGR_1's 3d dice mode 1 is 0.5708
INFO: 13 Patient BraTS19_CBICA_BGR_1's 3d dice mode 2 is 0.6110
INFO: 14 Patient BraTS19_CBICA_AXN_1's 3d dice mode 1 is 0.5465
INFO: 14 Patient BraTS19_CBICA_AXN_1's 3d dice mode 2 is 0.5044
INFO: 15 Patient BraTS19_CBICA_AVJ_1's 3d dice mode 1 is 0.6727
INFO: 15 Patient BraTS19_CBICA_AVJ_1's 3d dice mode 2 is 0.6484
INFO: 16 Patient BraTS19_CBICA_ATB_1's 3d dice mode 1 is 0.5276
INFO: 16 Patient BraTS19_CBICA_ATB_1's 3d dice mode 2 is 0.5484
INFO: 17 Patient BraTS19_CBICA_AZH_1's 3d dice mode 1 is 0.7213
INFO: 17 Patient BraTS19_CBICA_AZH_1's 3d dice mode 2 is 0.7339
INFO: 18 Patient BraTS19_CBICA_AUX_1's 3d dice mode 1 is 0.9123
INFO: 18 Patient BraTS19_CBICA_AUX_1's 3d dice mode 2 is 0.8957
INFO: 19 Patient BraTS19_2013_19_1's 3d dice mode 1 is 0.6325
INFO: 19 Patient BraTS19_2013_19_1's 3d dice mode 2 is 0.6163
INFO: 20 Patient BraTS19_TCIA04_361_1's 3d dice mode 1 is 0.8898
INFO: 20 Patient BraTS19_TCIA04_361_1's 3d dice mode 2 is 0.8876
INFO: 21 Patient BraTS19_TCIA08_234_1's 3d dice mode 1 is 0.8266
INFO: 21 Patient BraTS19_TCIA08_234_1's 3d dice mode 2 is 0.7961
INFO: 22 Patient BraTS19_CBICA_ASA_1's 3d dice mode 1 is 0.7762
INFO: 22 Patient BraTS19_CBICA_ASA_1's 3d dice mode 2 is 0.7704
INFO: 23 Patient BraTS19_CBICA_BFB_1's 3d dice mode 1 is 0.7141
INFO: 23 Patient BraTS19_CBICA_BFB_1's 3d dice mode 2 is 0.7321
INFO: 24 Patient BraTS19_CBICA_AYC_1's 3d dice mode 1 is 0.8635
INFO: 24 Patient BraTS19_CBICA_AYC_1's 3d dice mode 2 is 0.8397
INFO: 25 Patient BraTS19_CBICA_BHK_1's 3d dice mode 1 is 0.1980
INFO: 25 Patient BraTS19_CBICA_BHK_1's 3d dice mode 2 is 0.1627
INFO: 26 Patient BraTS19_CBICA_AVF_1's 3d dice mode 1 is 0.7954
INFO: 26 Patient BraTS19_CBICA_AVF_1's 3d dice mode 2 is 0.7804
INFO: 27 Patient BraTS19_CBICA_BGE_1's 3d dice mode 1 is 0.8077
INFO: 27 Patient BraTS19_CBICA_BGE_1's 3d dice mode 2 is 0.7973
INFO: 28 Patient BraTS19_TCIA04_328_1's 3d dice mode 1 is 0.7562
INFO: 28 Patient BraTS19_TCIA04_328_1's 3d dice mode 2 is 0.7478
INFO: 29 Patient BraTS19_TCIA02_300_1's 3d dice mode 1 is 0.8231
INFO: 29 Patient BraTS19_TCIA02_300_1's 3d dice mode 2 is 0.8181
INFO: 30 Patient BraTS19_TCIA03_121_1's 3d dice mode 1 is 0.8842
INFO: 30 Patient BraTS19_TCIA03_121_1's 3d dice mode 2 is 0.8863
INFO: 31 Patient BraTS19_CBICA_AWG_1's 3d dice mode 1 is 0.6816
INFO: 31 Patient BraTS19_CBICA_AWG_1's 3d dice mode 2 is 0.7024
INFO: 32 Patient BraTS19_TCIA01_401_1's 3d dice mode 1 is 0.8584
INFO: 32 Patient BraTS19_TCIA01_401_1's 3d dice mode 2 is 0.8226
INFO: 33 Patient BraTS19_CBICA_AXQ_1's 3d dice mode 1 is 0.5526
INFO: 33 Patient BraTS19_CBICA_AXQ_1's 3d dice mode 2 is 0.5770
INFO: 34 Patient BraTS19_CBICA_AOC_1's 3d dice mode 1 is 0.4477
INFO: 34 Patient BraTS19_CBICA_AOC_1's 3d dice mode 2 is 0.4802
INFO: 35 Patient BraTS19_TCIA02_151_1's 3d dice mode 1 is 0.8564
INFO: 35 Patient BraTS19_TCIA02_151_1's 3d dice mode 2 is 0.8235
INFO: 36 Patient BraTS19_CBICA_BNR_1's 3d dice mode 1 is 0.6318
INFO: 36 Patient BraTS19_CBICA_BNR_1's 3d dice mode 2 is 0.6324
INFO: 37 Patient BraTS19_2013_21_1's 3d dice mode 1 is 0.8815
INFO: 37 Patient BraTS19_2013_21_1's 3d dice mode 2 is 0.8852
INFO: 38 Patient BraTS19_TCIA08_280_1's 3d dice mode 1 is 0.5680
INFO: 38 Patient BraTS19_TCIA08_280_1's 3d dice mode 2 is 0.6345
INFO: 39 Patient BraTS19_CBICA_AQJ_1's 3d dice mode 1 is 0.7046
INFO: 39 Patient BraTS19_CBICA_AQJ_1's 3d dice mode 2 is 0.6668
INFO: 40 Patient BraTS19_TCIA01_201_1's 3d dice mode 1 is 0.9230
INFO: 40 Patient BraTS19_TCIA01_201_1's 3d dice mode 2 is 0.8748
INFO: 41 Patient BraTS19_CBICA_AQZ_1's 3d dice mode 1 is 0.8013
INFO: 41 Patient BraTS19_CBICA_AQZ_1's 3d dice mode 2 is 0.7942
INFO: 42 Patient BraTS19_CBICA_ASV_1's 3d dice mode 1 is 0.8106
INFO: 42 Patient BraTS19_CBICA_ASV_1's 3d dice mode 2 is 0.7937
INFO: 43 Patient BraTS19_TCIA04_149_1's 3d dice mode 1 is 0.7259
INFO: 43 Patient BraTS19_TCIA04_149_1's 3d dice mode 2 is 0.7228
INFO: 44 Patient BraTS19_TCIA02_117_1's 3d dice mode 1 is 0.7172
INFO: 44 Patient BraTS19_TCIA02_117_1's 3d dice mode 2 is 0.7209
INFO: 45 Patient BraTS19_TCIA03_138_1's 3d dice mode 1 is 0.8342
INFO: 45 Patient BraTS19_TCIA03_138_1's 3d dice mode 2 is 0.8484
INFO: 46 Patient BraTS19_TCIA02_321_1's 3d dice mode 1 is 0.8285
INFO: 46 Patient BraTS19_TCIA02_321_1's 3d dice mode 2 is 0.8031
INFO: 47 Patient BraTS19_TMC_21360_1's 3d dice mode 1 is 0.8053
INFO: 47 Patient BraTS19_TMC_21360_1's 3d dice mode 2 is 0.7757
INFO: 48 Patient BraTS19_TCIA03_375_1's 3d dice mode 1 is 0.7117
INFO: 48 Patient BraTS19_TCIA03_375_1's 3d dice mode 2 is 0.7500
INFO: 49 Patient BraTS19_TCIA02_290_1's 3d dice mode 1 is 0.7321
INFO: 49 Patient BraTS19_TCIA02_290_1's 3d dice mode 2 is 0.7217
INFO: 50 Patient BraTS19_CBICA_AOO_1's 3d dice mode 1 is 0.6849
INFO: 50 Patient BraTS19_CBICA_AOO_1's 3d dice mode 2 is 0.6987
INFO: 51 Patient BraTS19_CBICA_AOZ_1's 3d dice mode 1 is 0.7017
INFO: 51 Patient BraTS19_CBICA_AOZ_1's 3d dice mode 2 is 0.6860
INFO: 52 Patient BraTS19_CBICA_ABO_1's 3d dice mode 1 is 0.7374
INFO: 52 Patient BraTS19_CBICA_ABO_1's 3d dice mode 2 is 0.7185
INFO: =================Mode 1===============
INFO: Mean 3d asd on all patients mode 1: 17.3910 
INFO: Mean 3d hd95 on all patients mode 1: 52.4747 
INFO: Mean 3d ppv on all patients mode 1: 0.6355 
INFO: Mean 3d sen on all patients mode 1: 0.8730 
INFO: Mean 3d dice on all patients mode 1: 0.7128 
INFO: =================Mode 2===============
INFO: Mean 3d asd on all patients mode 2: 14.4851 
INFO: Mean 3d hd95 on all patients mode 2: 43.4092 
INFO: Mean 3d ppv on all patients mode 2: 0.6394 
INFO: Mean 3d sen on all patients mode 2: 0.8383 
INFO: Mean 3d dice on all patients mode 2: 0.7067 
INFO: 3D Dice test time :1.82 min
