INFO: set random seed: 1111
INFO: Using device : cuda
	GPU ID is [7],using 1 device
	device name:NVIDIA GeForce RTX 4090
INFO: ============ Start  train ==============
INFO: Creating total train dataset with 13598 examples
INFO: Creating factual train dataset with 13598 examples
INFO: Creating total val dataset with 3626 examples
INFO: Creating factual val dataset with 3626 examples
INFO: Creating total val_3d dataset with 8060 examples
INFO: Creating factual val_3d dataset with 8060 examples
INFO: Train Data: Labeled data is: <1359>, Total data is: 13598
INFO: Starting training:
	start_time:     2025-08-22 14:03:19
	base_dir:       res-t2_t1ce-BraTs-seed-2-CMC-10%_seed_1111_2nd
	data_path:      /mnt/HDD2/dat/med/semi-CML-public/dataset/BraTS_slice
	train_list:     randP1_slice_nidus_train.list
	val_list:       randP1_slice_nidus_val.list
	img_mode:       t2_t1ce
	lr_scheduler:   warmupMultistep
	max_epoch:      81
	batch_size:     24
	labeled_bs:     20
	labeled_rate:   0.1
	unsup_epoch:    0
	images_rate:    1
	base_lr:        0.006
	step_num_lr:    4
	weight_decay:   0.0004
	optim_name:     adam
	loss_name:      bce
	bce_w:          10.0
	dice_w:         7.0
	consistency:    1.0
	cons_ramp_type: sig_ram
	nce_weight:     3.5
	sur_siml:       dice
	pHead_sur:      set_false
	M2_epoch:       51
	T_epoch:        10
	T_num:          4
	bma_update_pool_num:6
	M2_epoch_all:   0
	m1_alpha:       0.1
	m2_alpha:       0.1
	teach_m2_WP_epoch:3
	start_fusion_epoch:30
	will_eval:      1
	val_3d_interval:4
	Net Name:		CMCNet
	Input Channel:	1
	Classes Num:	1
	Images Shape:	160*160
INFO: valid_dice_m1_3d:0.6579,valid_dice_m2_3d:0.4528
INFO: Epoch:[000/081], Train Loss: 1.2247 , Sup Loss 1.2247, CSC_Loss 0.0000, CAC_loss 0.0000 , Val Loss: 1.1748, Train Dice: mode1 0.5504 mode2 0.3854 ,LR: 0.001500
INFO: Epoch:[001/081], Train Loss: 1.0856 , Sup Loss 1.0856, CSC_Loss 0.0000, CAC_loss 0.0000 , Val Loss: 1.1617, Train Dice: mode1 0.6177 mode2 0.5190 ,LR: 0.002250
INFO: Epoch:[002/081], Train Loss: 1.0576 , Sup Loss 1.0576, CSC_Loss 0.0000, CAC_loss 0.0000 , Val Loss: 1.0785, Train Dice: mode1 0.6228 mode2 0.4799 ,LR: 0.003000
INFO: Epoch:[003/081], Train Loss: 1.0399 , Sup Loss 1.0399, CSC_Loss 0.0000, CAC_loss 0.0000 , Val Loss: 1.2606, Train Dice: mode1 0.6449 mode2 0.4709 ,LR: 0.003750
INFO: valid_dice_m1_3d:0.5094,valid_dice_m2_3d:0.0006
INFO: Epoch:[004/081], Train Loss: 1.0353 , Sup Loss 1.0353, CSC_Loss 0.0000, CAC_loss 0.0000 , Val Loss: 1.1681, Train Dice: mode1 0.6502 mode2 0.4726 ,LR: 0.004500
INFO: Epoch:[005/081], Train Loss: 1.0411 , Sup Loss 1.0411, CSC_Loss 0.0000, CAC_loss 0.0000 , Val Loss: 1.3551, Train Dice: mode1 0.6410 mode2 0.4633 ,LR: 0.005250
INFO: Epoch:[006/081], Train Loss: 1.0457 , Sup Loss 1.0457, CSC_Loss 0.0000, CAC_loss 0.0000 , Val Loss: 1.4576, Train Dice: mode1 0.6358 mode2 0.4476 ,LR: 0.006000
INFO: Epoch:[007/081], Train Loss: 1.0300 , Sup Loss 1.0300, CSC_Loss 0.0000, CAC_loss 0.0000 , Val Loss: 1.1696, Train Dice: mode1 0.6572 mode2 0.4524 ,LR: 0.006000
INFO: valid_dice_m1_3d:0.6735,valid_dice_m2_3d:0.1054
INFO: Epoch:[008/081], Train Loss: 1.0274 , Sup Loss 1.0274, CSC_Loss 0.0000, CAC_loss 0.0000 , Val Loss: 2.9791, Train Dice: mode1 0.6654 mode2 0.4626 ,LR: 0.006000
INFO: Epoch:[009/081], Train Loss: 1.0097 , Sup Loss 1.0097, CSC_Loss 0.0000, CAC_loss 0.0000 , Val Loss: 1.2617, Train Dice: mode1 0.6872 mode2 0.5116 ,LR: 0.006000
INFO: Epoch:[010/081], Train Loss: 1.0234 , Sup Loss 1.0234, CSC_Loss 0.0000, CAC_loss 0.0000 , Val Loss: 1.1110, Train Dice: mode1 0.6606 mode2 0.5245 ,LR: 0.006000
INFO: Epoch:[011/081], Train Loss: 1.0062 , Sup Loss 1.0062, CSC_Loss 0.0000, CAC_loss 0.0000 , Val Loss: 1.0496, Train Dice: mode1 0.6856 mode2 0.5416 ,LR: 0.000600
INFO: valid_dice_m1_3d:0.6602,valid_dice_m2_3d:0.5875
INFO: Epoch:[012/081], Train Loss: 0.9881 , Sup Loss 0.9881, CSC_Loss 0.0000, CAC_loss 0.0000 , Val Loss: 1.0332, Train Dice: mode1 0.7115 mode2 0.5576 ,LR: 0.000600
INFO: Epoch:[013/081], Train Loss: 0.9756 , Sup Loss 0.9756, CSC_Loss 0.0000, CAC_loss 0.0000 , Val Loss: 1.0449, Train Dice: mode1 0.7311 mode2 0.5900 ,LR: 0.000600
INFO: Epoch:[014/081], Train Loss: 0.9683 , Sup Loss 0.9683, CSC_Loss 0.0000, CAC_loss 0.0000 , Val Loss: 1.0395, Train Dice: mode1 0.7424 mode2 0.6014 ,LR: 0.000600
INFO: Epoch:[015/081], Train Loss: 0.9662 , Sup Loss 0.9662, CSC_Loss 0.0000, CAC_loss 0.0000 , Val Loss: 1.0280, Train Dice: mode1 0.7472 mode2 0.6150 ,LR: 0.000600
INFO: valid_dice_m1_3d:0.6460,valid_dice_m2_3d:0.5816
INFO: Epoch:[016/081], Train Loss: 0.9596 , Sup Loss 0.9596, CSC_Loss 0.0000, CAC_loss 0.0000 , Val Loss: 1.0371, Train Dice: mode1 0.7570 mode2 0.6290 ,LR: 0.000600
INFO: Epoch:[017/081], Train Loss: 0.9559 , Sup Loss 0.9559, CSC_Loss 0.0000, CAC_loss 0.0000 , Val Loss: 1.0347, Train Dice: mode1 0.7620 mode2 0.6401 ,LR: 0.000600
INFO: Epoch:[018/081], Train Loss: 0.9532 , Sup Loss 0.9532, CSC_Loss 0.0000, CAC_loss 0.0000 , Val Loss: 1.0307, Train Dice: mode1 0.7673 mode2 0.6451 ,LR: 0.000600
INFO: Epoch:[019/081], Train Loss: 0.9490 , Sup Loss 0.9490, CSC_Loss 0.0000, CAC_loss 0.0000 , Val Loss: 1.0307, Train Dice: mode1 0.7711 mode2 0.6503 ,LR: 0.000600
INFO: valid_dice_m1_3d:0.6480,valid_dice_m2_3d:0.5825
INFO: Epoch:[020/081], Train Loss: 0.9491 , Sup Loss 0.9491, CSC_Loss 0.0000, CAC_loss 0.0000 , Val Loss: 1.0387, Train Dice: mode1 0.7726 mode2 0.6493 ,LR: 0.000600
INFO: Epoch:[021/081], Train Loss: 0.9468 , Sup Loss 0.9468, CSC_Loss 0.0000, CAC_loss 0.0000 , Val Loss: 1.0460, Train Dice: mode1 0.7781 mode2 0.6521 ,LR: 0.000600
INFO: Epoch:[022/081], Train Loss: 0.9413 , Sup Loss 0.9413, CSC_Loss 0.0000, CAC_loss 0.0000 , Val Loss: 1.0441, Train Dice: mode1 0.7872 mode2 0.6650 ,LR: 0.000600
INFO: Epoch:[023/081], Train Loss: 0.9433 , Sup Loss 0.9433, CSC_Loss 0.0000, CAC_loss 0.0000 , Val Loss: 1.0517, Train Dice: mode1 0.7842 mode2 0.6592 ,LR: 0.000600
INFO: valid_dice_m1_3d:0.6470,valid_dice_m2_3d:0.5940
INFO: Epoch:[024/081], Train Loss: 0.9431 , Sup Loss 0.9431, CSC_Loss 0.0000, CAC_loss 0.0000 , Val Loss: 1.0481, Train Dice: mode1 0.7831 mode2 0.6679 ,LR: 0.000600
INFO: Epoch:[025/081], Train Loss: 0.9385 , Sup Loss 0.9385, CSC_Loss 0.0000, CAC_loss 0.0000 , Val Loss: 1.0577, Train Dice: mode1 0.7906 mode2 0.6726 ,LR: 0.000600
INFO: Epoch:[026/081], Train Loss: 0.9357 , Sup Loss 0.9357, CSC_Loss 0.0000, CAC_loss 0.0000 , Val Loss: 1.0573, Train Dice: mode1 0.7965 mode2 0.6750 ,LR: 0.000600
INFO: Epoch:[027/081], Train Loss: 0.9357 , Sup Loss 0.9357, CSC_Loss 0.0000, CAC_loss 0.0000 , Val Loss: 1.0376, Train Dice: mode1 0.7953 mode2 0.6791 ,LR: 0.000060
INFO: valid_dice_m1_3d:0.6244,valid_dice_m2_3d:0.5872
INFO: Epoch:[028/081], Train Loss: 0.9279 , Sup Loss 0.9279, CSC_Loss 0.0000, CAC_loss 0.0000 , Val Loss: 1.0489, Train Dice: mode1 0.8113 mode2 0.6873 ,LR: 0.000060
INFO: Epoch:[029/081], Train Loss: 0.9241 , Sup Loss 0.9241, CSC_Loss 0.0000, CAC_loss 0.0000 , Val Loss: 1.0380, Train Dice: mode1 0.8177 mode2 0.6948 ,LR: 0.000060
INFO: Epoch:[030/081], Train Loss: 1.6712 , Sup Loss 0.9225, CSC_Loss 5.2952, CAC_loss 0.0275 , Val Loss: 1.0370, Train Dice: mode1 0.8204 mode2 0.7000 ,LR: 0.000060
INFO: Epoch:[031/081], Train Loss: 1.7267 , Sup Loss 0.9206, CSC_Loss 5.2952, CAC_loss 0.0268 , Val Loss: 1.0409, Train Dice: mode1 0.8239 mode2 0.6989 ,LR: 0.000060
INFO: valid_dice_m1_3d:0.6094,valid_dice_m2_3d:0.5894
INFO: Epoch:[032/081], Train Loss: 1.7877 , Sup Loss 0.9193, CSC_Loss 5.2953, CAC_loss 0.0283 , Val Loss: 1.0535, Train Dice: mode1 0.8270 mode2 0.7028 ,LR: 0.000060
INFO: Epoch:[033/081], Train Loss: 1.8533 , Sup Loss 0.9204, CSC_Loss 5.2953, CAC_loss 0.0281 , Val Loss: 1.0409, Train Dice: mode1 0.8240 mode2 0.7008 ,LR: 0.000060
INFO: Epoch:[034/081], Train Loss: 1.9201 , Sup Loss 0.9194, CSC_Loss 5.2953, CAC_loss 0.0274 , Val Loss: 1.0380, Train Dice: mode1 0.8254 mode2 0.7020 ,LR: 0.000060
INFO: Epoch:[035/081], Train Loss: 1.9911 , Sup Loss 0.9185, CSC_Loss 5.2953, CAC_loss 0.0278 , Val Loss: 1.0425, Train Dice: mode1 0.8281 mode2 0.7037 ,LR: 0.000060
INFO: valid_dice_m1_3d:0.6116,valid_dice_m2_3d:0.5944
INFO: Epoch:[036/081], Train Loss: 2.0670 , Sup Loss 0.9184, CSC_Loss 5.2953, CAC_loss 0.0290 , Val Loss: 1.0545, Train Dice: mode1 0.8281 mode2 0.7011 ,LR: 0.000060
INFO: Epoch:[037/081], Train Loss: 2.1425 , Sup Loss 0.9154, CSC_Loss 5.2953, CAC_loss 0.0283 , Val Loss: 1.0448, Train Dice: mode1 0.8336 mode2 0.7100 ,LR: 0.000060
INFO: Epoch:[038/081], Train Loss: 2.2244 , Sup Loss 0.9155, CSC_Loss 5.2953, CAC_loss 0.0273 , Val Loss: 1.0433, Train Dice: mode1 0.8331 mode2 0.7101 ,LR: 0.000060
INFO: Epoch:[039/081], Train Loss: 2.3100 , Sup Loss 0.9147, CSC_Loss 5.2953, CAC_loss 0.0278 , Val Loss: 1.0412, Train Dice: mode1 0.8354 mode2 0.7077 ,LR: 0.000060
INFO: valid_dice_m1_3d:0.6098,valid_dice_m2_3d:0.5933
INFO: Epoch:[040/081], Train Loss: 2.3993 , Sup Loss 0.9138, CSC_Loss 5.2953, CAC_loss 0.0289 , Val Loss: 1.0567, Train Dice: mode1 0.8359 mode2 0.7114 ,LR: 0.000060
INFO: Epoch:[041/081], Train Loss: 2.4923 , Sup Loss 0.9143, CSC_Loss 5.2953, CAC_loss 0.0277 , Val Loss: 1.0478, Train Dice: mode1 0.8362 mode2 0.7085 ,LR: 0.000060
INFO: Epoch:[042/081], Train Loss: 2.5879 , Sup Loss 0.9137, CSC_Loss 5.2953, CAC_loss 0.0271 , Val Loss: 1.0474, Train Dice: mode1 0.8364 mode2 0.7099 ,LR: 0.000060
INFO: Epoch:[043/081], Train Loss: 2.6884 , Sup Loss 0.9142, CSC_Loss 5.2953, CAC_loss 0.0273 , Val Loss: 1.0416, Train Dice: mode1 0.8364 mode2 0.7100 ,LR: 0.000006
INFO: valid_dice_m1_3d:0.6003,valid_dice_m2_3d:0.5918
INFO: Epoch:[044/081], Train Loss: 2.7888 , Sup Loss 0.9111, CSC_Loss 5.2953, CAC_loss 0.0281 , Val Loss: 1.0581, Train Dice: mode1 0.8408 mode2 0.7147 ,LR: 0.000006
INFO: Epoch:[045/081], Train Loss: 2.8956 , Sup Loss 0.9119, CSC_Loss 5.2953, CAC_loss 0.0276 , Val Loss: 1.0467, Train Dice: mode1 0.8399 mode2 0.7108 ,LR: 0.000006
INFO: Epoch:[046/081], Train Loss: 3.0026 , Sup Loss 0.9103, CSC_Loss 5.2953, CAC_loss 0.0265 , Val Loss: 1.0441, Train Dice: mode1 0.8437 mode2 0.7150 ,LR: 0.000006
INFO: Epoch:[047/081], Train Loss: 3.1160 , Sup Loss 0.9117, CSC_Loss 5.2954, CAC_loss 0.0266 , Val Loss: 1.0448, Train Dice: mode1 0.8406 mode2 0.7113 ,LR: 0.000006
INFO: valid_dice_m1_3d:0.6015,valid_dice_m2_3d:0.5964
INFO: Epoch:[048/081], Train Loss: 3.2292 , Sup Loss 0.9100, CSC_Loss 5.2953, CAC_loss 0.0277 , Val Loss: 1.0594, Train Dice: mode1 0.8433 mode2 0.7144 ,LR: 0.000006
INFO: Epoch:[049/081], Train Loss: 3.3471 , Sup Loss 0.9111, CSC_Loss 5.2953, CAC_loss 0.0279 , Val Loss: 1.0459, Train Dice: mode1 0.8420 mode2 0.7128 ,LR: 0.000006
INFO: Epoch:[050/081], Train Loss: 3.4648 , Sup Loss 0.9102, CSC_Loss 5.2953, CAC_loss 0.0272 , Val Loss: 1.0470, Train Dice: mode1 0.8438 mode2 0.7116 ,LR: 0.000006
INFO: Epoch:[051/081], Train Loss: 3.5846 , Sup Loss 0.9094, CSC_Loss 5.2953, CAC_loss 0.0273 , Val Loss: 1.0481, Train Dice: mode1 0.8453 mode2 0.7146 ,LR: 0.000006
INFO: valid_dice_m1_3d:0.5999,valid_dice_m2_3d:0.5972
INFO: Epoch:[052/081], Train Loss: 3.7067 , Sup Loss 0.9095, CSC_Loss 5.2954, CAC_loss 0.0268 , Val Loss: 1.0589, Train Dice: mode1 0.8455 mode2 0.7132 ,LR: 0.000006
INFO: Epoch:[053/081], Train Loss: 3.8306 , Sup Loss 0.9095, CSC_Loss 5.2953, CAC_loss 0.0282 , Val Loss: 1.0469, Train Dice: mode1 0.8445 mode2 0.7127 ,LR: 0.000006
INFO: Epoch:[054/081], Train Loss: 3.9543 , Sup Loss 0.9095, CSC_Loss 5.2954, CAC_loss 0.0262 , Val Loss: 1.0452, Train Dice: mode1 0.8438 mode2 0.7159 ,LR: 0.000006
INFO: Epoch:[055/081], Train Loss: 4.0788 , Sup Loss 0.9088, CSC_Loss 5.2953, CAC_loss 0.0284 , Val Loss: 1.0460, Train Dice: mode1 0.8467 mode2 0.7155 ,LR: 0.000001
INFO: valid_dice_m1_3d:0.5932,valid_dice_m2_3d:0.5922
INFO: Epoch:[056/081], Train Loss: 4.2036 , Sup Loss 0.9091, CSC_Loss 5.2953, CAC_loss 0.0261 , Val Loss: 1.0612, Train Dice: mode1 0.8449 mode2 0.7141 ,LR: 0.000001
INFO: Epoch:[057/081], Train Loss: 4.3284 , Sup Loss 0.9090, CSC_Loss 5.2954, CAC_loss 0.0274 , Val Loss: 1.0449, Train Dice: mode1 0.8454 mode2 0.7131 ,LR: 0.000001
INFO: Epoch:[058/081], Train Loss: 4.4528 , Sup Loss 0.9094, CSC_Loss 5.2953, CAC_loss 0.0267 , Val Loss: 1.0445, Train Dice: mode1 0.8464 mode2 0.7139 ,LR: 0.000001
INFO: Epoch:[059/081], Train Loss: 4.5760 , Sup Loss 0.9094, CSC_Loss 5.2953, CAC_loss 0.0272 , Val Loss: 1.0467, Train Dice: mode1 0.8452 mode2 0.7137 ,LR: 0.000001
INFO: valid_dice_m1_3d:0.5974,valid_dice_m2_3d:0.5950
INFO: Epoch:[060/081], Train Loss: 4.6974 , Sup Loss 0.9093, CSC_Loss 5.2953, CAC_loss 0.0270 , Val Loss: 1.0613, Train Dice: mode1 0.8454 mode2 0.7154 ,LR: 0.000001
INFO: Epoch:[061/081], Train Loss: 4.8163 , Sup Loss 0.9085, CSC_Loss 5.2954, CAC_loss 0.0270 , Val Loss: 1.0436, Train Dice: mode1 0.8466 mode2 0.7133 ,LR: 0.000001
INFO: Epoch:[062/081], Train Loss: 4.9346 , Sup Loss 0.9093, CSC_Loss 5.2953, CAC_loss 0.0275 , Val Loss: 1.0457, Train Dice: mode1 0.8438 mode2 0.7145 ,LR: 0.000001
INFO: Epoch:[063/081], Train Loss: 5.0500 , Sup Loss 0.9101, CSC_Loss 5.2954, CAC_loss 0.0272 , Val Loss: 1.0476, Train Dice: mode1 0.8426 mode2 0.7136 ,LR: 0.000001
INFO: valid_dice_m1_3d:0.6006,valid_dice_m2_3d:0.5951
INFO: Epoch:[064/081], Train Loss: 5.1619 , Sup Loss 0.9105, CSC_Loss 5.2954, CAC_loss 0.0274 , Val Loss: 1.0595, Train Dice: mode1 0.8455 mode2 0.7126 ,LR: 0.000001
INFO: Epoch:[065/081], Train Loss: 5.2688 , Sup Loss 0.9095, CSC_Loss 5.2953, CAC_loss 0.0274 , Val Loss: 1.0454, Train Dice: mode1 0.8451 mode2 0.7142 ,LR: 0.000001
INFO: Epoch:[066/081], Train Loss: 5.3739 , Sup Loss 0.9106, CSC_Loss 5.2953, CAC_loss 0.0284 , Val Loss: 1.0451, Train Dice: mode1 0.8456 mode2 0.7104 ,LR: 0.000001
INFO: Epoch:[067/081], Train Loss: 5.4716 , Sup Loss 0.9090, CSC_Loss 5.2953, CAC_loss 0.0285 , Val Loss: 1.0461, Train Dice: mode1 0.8456 mode2 0.7125 ,LR: 0.000001
INFO: valid_dice_m1_3d:0.5995,valid_dice_m2_3d:0.5949
INFO: Epoch:[068/081], Train Loss: 5.5656 , Sup Loss 0.9085, CSC_Loss 5.2953, CAC_loss 0.0274 , Val Loss: 1.0611, Train Dice: mode1 0.8464 mode2 0.7173 ,LR: 0.000001
INFO: Epoch:[069/081], Train Loss: 5.6564 , Sup Loss 0.9099, CSC_Loss 5.2953, CAC_loss 0.0289 , Val Loss: 1.0447, Train Dice: mode1 0.8448 mode2 0.7163 ,LR: 0.000001
INFO: Epoch:[070/081], Train Loss: 5.7388 , Sup Loss 0.9086, CSC_Loss 5.2954, CAC_loss 0.0287 , Val Loss: 1.0460, Train Dice: mode1 0.8465 mode2 0.7137 ,LR: 0.000001
INFO: Epoch:[071/081], Train Loss: 5.8176 , Sup Loss 0.9098, CSC_Loss 5.2953, CAC_loss 0.0277 , Val Loss: 1.0471, Train Dice: mode1 0.8448 mode2 0.7148 ,LR: 0.000001
INFO: valid_dice_m1_3d:0.5974,valid_dice_m2_3d:0.5942
INFO: Epoch:[072/081], Train Loss: 5.8892 , Sup Loss 0.9100, CSC_Loss 5.2954, CAC_loss 0.0276 , Val Loss: 1.0615, Train Dice: mode1 0.8435 mode2 0.7148 ,LR: 0.000001
INFO: Epoch:[073/081], Train Loss: 5.9532 , Sup Loss 0.9093, CSC_Loss 5.2954, CAC_loss 0.0273 , Val Loss: 1.0478, Train Dice: mode1 0.8458 mode2 0.7129 ,LR: 0.000001
INFO: Epoch:[074/081], Train Loss: 6.0112 , Sup Loss 0.9094, CSC_Loss 5.2954, CAC_loss 0.0284 , Val Loss: 1.0449, Train Dice: mode1 0.8439 mode2 0.7114 ,LR: 0.000001
INFO: Epoch:[075/081], Train Loss: 6.0618 , Sup Loss 0.9094, CSC_Loss 5.2954, CAC_loss 0.0271 , Val Loss: 1.0470, Train Dice: mode1 0.8458 mode2 0.7138 ,LR: 0.000001
INFO: valid_dice_m1_3d:0.5966,valid_dice_m2_3d:0.5950
INFO: Epoch:[076/081], Train Loss: 6.1048 , Sup Loss 0.9091, CSC_Loss 5.2954, CAC_loss 0.0268 , Val Loss: 1.0598, Train Dice: mode1 0.8456 mode2 0.7142 ,LR: 0.000001
INFO: Epoch:[077/081], Train Loss: 6.1420 , Sup Loss 0.9106, CSC_Loss 5.2954, CAC_loss 0.0275 , Val Loss: 1.0481, Train Dice: mode1 0.8452 mode2 0.7146 ,LR: 0.000001
INFO: Epoch:[078/081], Train Loss: 6.1677 , Sup Loss 0.9085, CSC_Loss 5.2953, CAC_loss 0.0262 , Val Loss: 1.0486, Train Dice: mode1 0.8467 mode2 0.7141 ,LR: 0.000001
INFO: Epoch:[079/081], Train Loss: 6.1882 , Sup Loss 0.9089, CSC_Loss 5.2953, CAC_loss 0.0258 , Val Loss: 1.0470, Train Dice: mode1 0.8458 mode2 0.7152 ,LR: 0.000001
INFO: valid_dice_m1_3d:0.5980,valid_dice_m2_3d:0.5913
INFO: Epoch:[080/081], Train Loss: 6.1999 , Sup Loss 0.9086, CSC_Loss 5.2954, CAC_loss 0.0273 , Val Loss: 1.0623, Train Dice: mode1 0.8456 mode2 0.7145 ,LR: 0.000001
INFO: Model saved !
INFO: Train finished time: 2025-08-22 14:19:54
INFO: Time consuming : 16.59 min in train and test
