INFO: Loading model ./res-t2_t1ce-OnlyCSC_CAC_BraTs-seed-2-CMC-10%_seed_1111/model_CMCNet_last.pth
INFO: Model loaded !
INFO: data number:3626
INFO: mean dice mode 1 is 0.5776
INFO: mean dice mode 2 is 0.4618
INFO: 1 Patient BraTS19_TCIA03_199_1's 3d dice mode 1 is 0.8804
INFO: 1 Patient BraTS19_TCIA03_199_1's 3d dice mode 2 is 0.7716
INFO: 2 Patient BraTS19_TCIA06_332_1's 3d dice mode 1 is 0.6199
INFO: 2 Patient BraTS19_TCIA06_332_1's 3d dice mode 2 is 0.4736
INFO: 3 Patient BraTS19_CBICA_AMH_1's 3d dice mode 1 is 0.8712
INFO: 3 Patient BraTS19_CBICA_AMH_1's 3d dice mode 2 is 0.7634
INFO: 4 Patient BraTS19_CBICA_AOP_1's 3d dice mode 1 is 0.5622
INFO: 4 Patient BraTS19_CBICA_AOP_1's 3d dice mode 2 is 0.5568
INFO: 5 Patient BraTS19_CBICA_ATF_1's 3d dice mode 1 is 0.3055
INFO: 5 Patient BraTS19_CBICA_ATF_1's 3d dice mode 2 is 0.2398
INFO: 6 Patient BraTS19_TCIA03_498_1's 3d dice mode 1 is 0.6699
INFO: 6 Patient BraTS19_TCIA03_498_1's 3d dice mode 2 is 0.5971
INFO: 7 Patient BraTS19_2013_18_1's 3d dice mode 1 is 0.7806
INFO: 7 Patient BraTS19_2013_18_1's 3d dice mode 2 is 0.7267
INFO: 8 Patient BraTS19_CBICA_AQR_1's 3d dice mode 1 is 0.7159
INFO: 8 Patient BraTS19_CBICA_AQR_1's 3d dice mode 2 is 0.5067
INFO: 9 Patient BraTS19_CBICA_AQT_1's 3d dice mode 1 is 0.7606
INFO: 9 Patient BraTS19_CBICA_AQT_1's 3d dice mode 2 is 0.5969
INFO: 10 Patient BraTS19_CBICA_AOS_1's 3d dice mode 1 is 0.8506
INFO: 10 Patient BraTS19_CBICA_AOS_1's 3d dice mode 2 is 0.5839
INFO: 11 Patient BraTS19_CBICA_BHZ_1's 3d dice mode 1 is 0.8720
INFO: 11 Patient BraTS19_CBICA_BHZ_1's 3d dice mode 2 is 0.7647
INFO: 12 Patient BraTS19_CBICA_AOH_1's 3d dice mode 1 is 0.2892
INFO: 12 Patient BraTS19_CBICA_AOH_1's 3d dice mode 2 is 0.0025
INFO: 13 Patient BraTS19_CBICA_BGR_1's 3d dice mode 1 is 0.5592
INFO: 13 Patient BraTS19_CBICA_BGR_1's 3d dice mode 2 is 0.7600
INFO: 14 Patient BraTS19_CBICA_AXN_1's 3d dice mode 1 is 0.5174
INFO: 14 Patient BraTS19_CBICA_AXN_1's 3d dice mode 2 is 0.3732
INFO: 15 Patient BraTS19_CBICA_AVJ_1's 3d dice mode 1 is 0.7388
INFO: 15 Patient BraTS19_CBICA_AVJ_1's 3d dice mode 2 is 0.6902
INFO: 16 Patient BraTS19_CBICA_ATB_1's 3d dice mode 1 is 0.6282
INFO: 16 Patient BraTS19_CBICA_ATB_1's 3d dice mode 2 is 0.5626
INFO: 17 Patient BraTS19_CBICA_AZH_1's 3d dice mode 1 is 0.8091
INFO: 17 Patient BraTS19_CBICA_AZH_1's 3d dice mode 2 is 0.8247
INFO: 18 Patient BraTS19_CBICA_AUX_1's 3d dice mode 1 is 0.9120
INFO: 18 Patient BraTS19_CBICA_AUX_1's 3d dice mode 2 is 0.4961
INFO: 19 Patient BraTS19_2013_19_1's 3d dice mode 1 is 0.6461
INFO: 19 Patient BraTS19_2013_19_1's 3d dice mode 2 is 0.3129
INFO: 20 Patient BraTS19_TCIA04_361_1's 3d dice mode 1 is 0.8613
INFO: 20 Patient BraTS19_TCIA04_361_1's 3d dice mode 2 is 0.7569
INFO: 21 Patient BraTS19_TCIA08_234_1's 3d dice mode 1 is 0.8379
INFO: 21 Patient BraTS19_TCIA08_234_1's 3d dice mode 2 is 0.6495
INFO: 22 Patient BraTS19_CBICA_ASA_1's 3d dice mode 1 is 0.6647
INFO: 22 Patient BraTS19_CBICA_ASA_1's 3d dice mode 2 is 0.5871
INFO: 23 Patient BraTS19_CBICA_BFB_1's 3d dice mode 1 is 0.7689
INFO: 23 Patient BraTS19_CBICA_BFB_1's 3d dice mode 2 is 0.5945
INFO: 24 Patient BraTS19_CBICA_AYC_1's 3d dice mode 1 is 0.7867
INFO: 24 Patient BraTS19_CBICA_AYC_1's 3d dice mode 2 is 0.7975
INFO: 25 Patient BraTS19_CBICA_BHK_1's 3d dice mode 1 is 0.3779
INFO: 25 Patient BraTS19_CBICA_BHK_1's 3d dice mode 2 is 0.0793
INFO: 26 Patient BraTS19_CBICA_AVF_1's 3d dice mode 1 is 0.6333
INFO: 26 Patient BraTS19_CBICA_AVF_1's 3d dice mode 2 is 0.6177
INFO: 27 Patient BraTS19_CBICA_BGE_1's 3d dice mode 1 is 0.8472
INFO: 27 Patient BraTS19_CBICA_BGE_1's 3d dice mode 2 is 0.8078
INFO: 28 Patient BraTS19_TCIA04_328_1's 3d dice mode 1 is 0.6715
INFO: 28 Patient BraTS19_TCIA04_328_1's 3d dice mode 2 is 0.2325
INFO: 29 Patient BraTS19_TCIA02_300_1's 3d dice mode 1 is 0.8366
INFO: 29 Patient BraTS19_TCIA02_300_1's 3d dice mode 2 is 0.6276
INFO: 30 Patient BraTS19_TCIA03_121_1's 3d dice mode 1 is 0.8177
INFO: 30 Patient BraTS19_TCIA03_121_1's 3d dice mode 2 is 0.7857
INFO: 31 Patient BraTS19_CBICA_AWG_1's 3d dice mode 1 is 0.8373
INFO: 31 Patient BraTS19_CBICA_AWG_1's 3d dice mode 2 is 0.5478
INFO: 32 Patient BraTS19_TCIA01_401_1's 3d dice mode 1 is 0.8184
INFO: 32 Patient BraTS19_TCIA01_401_1's 3d dice mode 2 is 0.5833
INFO: 33 Patient BraTS19_CBICA_AXQ_1's 3d dice mode 1 is 0.7074
INFO: 33 Patient BraTS19_CBICA_AXQ_1's 3d dice mode 2 is 0.4692
INFO: 34 Patient BraTS19_CBICA_AOC_1's 3d dice mode 1 is 0.7958
INFO: 34 Patient BraTS19_CBICA_AOC_1's 3d dice mode 2 is 0.5548
INFO: 35 Patient BraTS19_TCIA02_151_1's 3d dice mode 1 is 0.8870
INFO: 35 Patient BraTS19_TCIA02_151_1's 3d dice mode 2 is 0.7322
INFO: 36 Patient BraTS19_CBICA_BNR_1's 3d dice mode 1 is 0.6770
INFO: 36 Patient BraTS19_CBICA_BNR_1's 3d dice mode 2 is 0.2696
INFO: 37 Patient BraTS19_2013_21_1's 3d dice mode 1 is 0.8974
INFO: 37 Patient BraTS19_2013_21_1's 3d dice mode 2 is 0.7308
INFO: 38 Patient BraTS19_TCIA08_280_1's 3d dice mode 1 is 0.5636
INFO: 38 Patient BraTS19_TCIA08_280_1's 3d dice mode 2 is 0.6183
INFO: 39 Patient BraTS19_CBICA_AQJ_1's 3d dice mode 1 is 0.7216
INFO: 39 Patient BraTS19_CBICA_AQJ_1's 3d dice mode 2 is 0.6947
INFO: 40 Patient BraTS19_TCIA01_201_1's 3d dice mode 1 is 0.9082
INFO: 40 Patient BraTS19_TCIA01_201_1's 3d dice mode 2 is 0.6249
INFO: 41 Patient BraTS19_CBICA_AQZ_1's 3d dice mode 1 is 0.6996
INFO: 41 Patient BraTS19_CBICA_AQZ_1's 3d dice mode 2 is 0.4643
INFO: 42 Patient BraTS19_CBICA_ASV_1's 3d dice mode 1 is 0.7601
INFO: 42 Patient BraTS19_CBICA_ASV_1's 3d dice mode 2 is 0.6902
INFO: 43 Patient BraTS19_TCIA04_149_1's 3d dice mode 1 is 0.8375
INFO: 43 Patient BraTS19_TCIA04_149_1's 3d dice mode 2 is 0.6189
INFO: 44 Patient BraTS19_TCIA02_117_1's 3d dice mode 1 is 0.5606
INFO: 44 Patient BraTS19_TCIA02_117_1's 3d dice mode 2 is 0.6413
INFO: 45 Patient BraTS19_TCIA03_138_1's 3d dice mode 1 is 0.8307
INFO: 45 Patient BraTS19_TCIA03_138_1's 3d dice mode 2 is 0.7937
INFO: 46 Patient BraTS19_TCIA02_321_1's 3d dice mode 1 is 0.7557
INFO: 46 Patient BraTS19_TCIA02_321_1's 3d dice mode 2 is 0.7012
INFO: 47 Patient BraTS19_TMC_21360_1's 3d dice mode 1 is 0.6786
INFO: 47 Patient BraTS19_TMC_21360_1's 3d dice mode 2 is 0.7589
INFO: 48 Patient BraTS19_TCIA03_375_1's 3d dice mode 1 is 0.8546
INFO: 48 Patient BraTS19_TCIA03_375_1's 3d dice mode 2 is 0.6133
INFO: 49 Patient BraTS19_TCIA02_290_1's 3d dice mode 1 is 0.6138
INFO: 49 Patient BraTS19_TCIA02_290_1's 3d dice mode 2 is 0.7276
INFO: 50 Patient BraTS19_CBICA_AOO_1's 3d dice mode 1 is 0.7941
INFO: 50 Patient BraTS19_CBICA_AOO_1's 3d dice mode 2 is 0.7297
INFO: 51 Patient BraTS19_CBICA_AOZ_1's 3d dice mode 1 is 0.7626
INFO: 51 Patient BraTS19_CBICA_AOZ_1's 3d dice mode 2 is 0.6891
INFO: 52 Patient BraTS19_CBICA_ABO_1's 3d dice mode 1 is 0.5638
INFO: 52 Patient BraTS19_CBICA_ABO_1's 3d dice mode 2 is 0.5376
INFO: =================Mode 1===============
INFO: Mean 3d asd on all patients mode 1: 9.6225 
INFO: Mean 3d hd95 on all patients mode 1: 31.7614 
INFO: Mean 3d ppv on all patients mode 1: 0.8449 
INFO: Mean 3d sen on all patients mode 1: 0.6558 
INFO: Mean 3d dice on all patients mode 1: 0.7234 
INFO: =================Mode 2===============
INFO: Mean 3d asd on all patients mode 2: 12.0376 
INFO: Mean 3d hd95 on all patients mode 2: 34.3505 
INFO: Mean 3d ppv on all patients mode 2: 0.7574 
INFO: Mean 3d sen on all patients mode 2: 0.5175 
INFO: Mean 3d dice on all patients mode 2: 0.5948 
INFO: 3D Dice test time :1.75 min
